  [1m[35m (230.1ms)[0m  [1m[35mCREATE DATABASE "art_share_api_development" ENCODING = 'unicode'[0m
  [1m[35m (231.0ms)[0m  [1m[35mCREATE DATABASE "art_share_api_test" ENCODING = 'unicode'[0m
  [1m[35m (4.9ms)[0m  [1m[35mCREATE TABLE "schema_migrations" ("version" character varying NOT NULL PRIMARY KEY)[0m
  [1m[35m (3.8ms)[0m  [1m[35mCREATE TABLE "ar_internal_metadata" ("key" character varying NOT NULL PRIMARY KEY, "value" character varying, "created_at" timestamp(6) NOT NULL, "updated_at" timestamp(6) NOT NULL)[0m
  [1m[35m (0.1ms)[0m  [1m[34mSELECT pg_try_advisory_lock(5974519626909234765)[0m
  [1m[35m (0.3ms)[0m  [1m[34mSELECT "schema_migrations"."version" FROM "schema_migrations" ORDER BY "schema_migrations"."version" ASC[0m
Migrating to CreateUsers (20210625004249)
  [1m[36mTRANSACTION (0.1ms)[0m  [1m[35mBEGIN[0m
  [1m[35m (4.6ms)[0m  [1m[35mCREATE TABLE "users" ("id" bigserial primary key, "username" character varying NOT NULL, "created_at" timestamp(6) NOT NULL, "updated_at" timestamp(6) NOT NULL)[0m
  [1m[35m (1.4ms)[0m  [1m[35mCREATE UNIQUE INDEX "index_users_on_username" ON "users" ("username")[0m
  [1m[36mActiveRecord::SchemaMigration Create (0.2ms)[0m  [1m[32mINSERT INTO "schema_migrations" ("version") VALUES ($1) RETURNING "version"[0m  [["version", "20210625004249"]]
  [1m[36mTRANSACTION (0.8ms)[0m  [1m[35mCOMMIT[0m
  [1m[36mActiveRecord::InternalMetadata Load (0.1ms)[0m  [1m[34mSELECT "ar_internal_metadata".* FROM "ar_internal_metadata" WHERE "ar_internal_metadata"."key" = $1 LIMIT $2[0m  [["key", "environment"], ["LIMIT", 1]]
  [1m[36mTRANSACTION (0.1ms)[0m  [1m[35mBEGIN[0m
  [1m[36mActiveRecord::InternalMetadata Create (0.2ms)[0m  [1m[32mINSERT INTO "ar_internal_metadata" ("key", "value", "created_at", "updated_at") VALUES ($1, $2, $3, $4) RETURNING "key"[0m  [["key", "environment"], ["value", "development"], ["created_at", "2021-06-25 00:47:15.366847"], ["updated_at", "2021-06-25 00:47:15.366847"]]
  [1m[36mTRANSACTION (0.5ms)[0m  [1m[35mCOMMIT[0m
  [1m[35m (0.3ms)[0m  [1m[34mSELECT pg_advisory_unlock(5974519626909234765)[0m
  [1m[35m (0.4ms)[0m  [1m[34mSELECT "schema_migrations"."version" FROM "schema_migrations" ORDER BY "schema_migrations"."version" ASC[0m
  [1m[35m (0.2ms)[0m  [1m[34mSELECT "schema_migrations"."version" FROM "schema_migrations" ORDER BY "schema_migrations"."version" ASC[0m
  [1m[35m (0.1ms)[0m  [1m[34mSELECT pg_try_advisory_lock(5974519626909234765)[0m
  [1m[35m (0.4ms)[0m  [1m[34mSELECT "schema_migrations"."version" FROM "schema_migrations" ORDER BY "schema_migrations"."version" ASC[0m
Migrating to CreateArtworks (20210625005040)
  [1m[36mTRANSACTION (0.1ms)[0m  [1m[35mBEGIN[0m
  [1m[35m (4.7ms)[0m  [1m[35mCREATE TABLE "artworks" ("id" bigserial primary key, "title" character varying NOT NULL, "image_url" character varying NOT NULL, "artist_id" integer NOT NULL, "created_at" timestamp(6) NOT NULL, "updated_at" timestamp(6) NOT NULL)[0m
  [1m[35m (1.5ms)[0m  [1m[35mCREATE INDEX "index_artworks_on_artist_id" ON "artworks" ("artist_id")[0m
  [1m[35m (1.4ms)[0m  [1m[35mCREATE UNIQUE INDEX "index_artworks_on_image_url" ON "artworks" ("image_url")[0m
  [1m[35m (1.5ms)[0m  [1m[35mCREATE UNIQUE INDEX "index_artworks_on_title_and_artist_id" ON "artworks" ("title", "artist_id")[0m
  [1m[36mActiveRecord::SchemaMigration Create (0.2ms)[0m  [1m[32mINSERT INTO "schema_migrations" ("version") VALUES ($1) RETURNING "version"[0m  [["version", "20210625005040"]]
  [1m[36mTRANSACTION (0.9ms)[0m  [1m[35mCOMMIT[0m
  [1m[36mActiveRecord::InternalMetadata Load (0.1ms)[0m  [1m[34mSELECT "ar_internal_metadata".* FROM "ar_internal_metadata" WHERE "ar_internal_metadata"."key" = $1 LIMIT $2[0m  [["key", "environment"], ["LIMIT", 1]]
  [1m[35m (0.1ms)[0m  [1m[34mSELECT pg_advisory_unlock(5974519626909234765)[0m
  [1m[35m (0.3ms)[0m  [1m[34mSELECT "schema_migrations"."version" FROM "schema_migrations" ORDER BY "schema_migrations"."version" ASC[0m
  [1m[35m (0.3ms)[0m  [1m[34mSELECT "schema_migrations"."version" FROM "schema_migrations" ORDER BY "schema_migrations"."version" ASC[0m
  [1m[35m (0.1ms)[0m  [1m[34mSELECT pg_try_advisory_lock(5974519626909234765)[0m
  [1m[35m (0.4ms)[0m  [1m[34mSELECT "schema_migrations"."version" FROM "schema_migrations" ORDER BY "schema_migrations"."version" ASC[0m
Migrating to CreateArtworkShares (20210625011517)
  [1m[36mTRANSACTION (0.1ms)[0m  [1m[35mBEGIN[0m
  [1m[35m (3.3ms)[0m  [1m[35mCREATE TABLE "artwork_shares" ("id" bigserial primary key, "viewer_id" integer, "artwork_id" integer, "created_at" timestamp(6) NOT NULL, "updated_at" timestamp(6) NOT NULL)[0m
  [1m[35m (1.5ms)[0m  [1m[35mCREATE INDEX "index_artwork_shares_on_viewer_id" ON "artwork_shares" ("viewer_id")[0m
  [1m[35m (1.5ms)[0m  [1m[35mCREATE INDEX "index_artwork_shares_on_artwork_id" ON "artwork_shares" ("artwork_id")[0m
  [1m[36mActiveRecord::SchemaMigration Create (0.1ms)[0m  [1m[32mINSERT INTO "schema_migrations" ("version") VALUES ($1) RETURNING "version"[0m  [["version", "20210625011517"]]
  [1m[36mTRANSACTION (0.9ms)[0m  [1m[35mCOMMIT[0m
  [1m[36mActiveRecord::InternalMetadata Load (0.1ms)[0m  [1m[34mSELECT "ar_internal_metadata".* FROM "ar_internal_metadata" WHERE "ar_internal_metadata"."key" = $1 LIMIT $2[0m  [["key", "environment"], ["LIMIT", 1]]
  [1m[35m (0.2ms)[0m  [1m[34mSELECT pg_advisory_unlock(5974519626909234765)[0m
  [1m[35m (0.4ms)[0m  [1m[34mSELECT "schema_migrations"."version" FROM "schema_migrations" ORDER BY "schema_migrations"."version" ASC[0m
  [1m[35m (0.4ms)[0m  [1m[34mSELECT "schema_migrations"."version" FROM "schema_migrations" ORDER BY "schema_migrations"."version" ASC[0m
  [1m[35m (0.3ms)[0m  [1m[34mSELECT "schema_migrations"."version" FROM "schema_migrations" ORDER BY "schema_migrations"."version" ASC[0m
  [1m[35m (0.1ms)[0m  [1m[34mSELECT "schema_migrations"."version" FROM "schema_migrations" ORDER BY "schema_migrations"."version" ASC[0m
  [1m[35m (0.1ms)[0m  [1m[34mSELECT "schema_migrations"."version" FROM "schema_migrations" ORDER BY "schema_migrations"."version" ASC[0m
  [1m[35m (0.1ms)[0m  [1m[34mSELECT pg_try_advisory_lock(5974519626909234765)[0m
  [1m[35m (0.2ms)[0m  [1m[34mSELECT "schema_migrations"."version" FROM "schema_migrations" ORDER BY "schema_migrations"."version" ASC[0m
Migrating to CreateArtworkShares (20210625011517)
  [1m[36mTRANSACTION (0.1ms)[0m  [1m[35mBEGIN[0m
  [1m[36mTRANSACTION (0.1ms)[0m  [1m[31mROLLBACK[0m
  [1m[35m (0.1ms)[0m  [1m[34mSELECT pg_advisory_unlock(5974519626909234765)[0m
  [1m[35m (0.3ms)[0m  [1m[34mSELECT "schema_migrations"."version" FROM "schema_migrations" ORDER BY "schema_migrations"."version" ASC[0m
  [1m[35m (0.1ms)[0m  [1m[34mSELECT "ar_internal_metadata"."value" FROM "ar_internal_metadata" WHERE "ar_internal_metadata"."key" = $1[0m  [["key", "environment"]]
  [1m[35m (0.1ms)[0m  [1m[34mSELECT "schema_migrations"."version" FROM "schema_migrations" ORDER BY "schema_migrations"."version" ASC[0m
  [1m[35m (0.1ms)[0m  [1m[34mSELECT "ar_internal_metadata"."value" FROM "ar_internal_metadata" WHERE "ar_internal_metadata"."key" = $1[0m  [["key", "environment"]]
  [1m[35m (0.1ms)[0m  [1m[34mSELECT "schema_migrations"."version" FROM "schema_migrations" ORDER BY "schema_migrations"."version" ASC[0m
  [1m[35m (0.1ms)[0m  [1m[34mSELECT "ar_internal_metadata"."value" FROM "ar_internal_metadata" WHERE "ar_internal_metadata"."key" = $1[0m  [["key", "environment"]]
  [1m[35m (106.8ms)[0m  [1m[35mDROP DATABASE IF EXISTS "art_share_api_development"[0m
  [1m[35m (107.0ms)[0m  [1m[35mDROP DATABASE IF EXISTS "art_share_api_test"[0m
  [1m[35m (229.7ms)[0m  [1m[35mCREATE DATABASE "art_share_api_development" ENCODING = 'unicode'[0m
  [1m[35m (230.1ms)[0m  [1m[35mCREATE DATABASE "art_share_api_test" ENCODING = 'unicode'[0m
  [1m[35mSQL (0.2ms)[0m  [1m[35mCREATE EXTENSION IF NOT EXISTS "plpgsql"[0m
  [1m[35m (0.1ms)[0m  [1m[35mDROP TABLE IF EXISTS "artwork_shares" CASCADE[0m
  [1m[35m (5.8ms)[0m  [1m[35mCREATE TABLE "artwork_shares" ("id" bigserial primary key, "viewer_id" integer, "artwork_id" integer, "created_at" timestamp(6) NOT NULL, "updated_at" timestamp(6) NOT NULL)[0m
  [1m[35m (2.0ms)[0m  [1m[35mCREATE INDEX "index_artwork_shares_on_artwork_id" ON "artwork_shares" ("artwork_id")[0m
  [1m[35m (2.6ms)[0m  [1m[35mCREATE INDEX "index_artwork_shares_on_viewer_id" ON "artwork_shares" ("viewer_id")[0m
  [1m[35m (0.1ms)[0m  [1m[35mDROP TABLE IF EXISTS "artworks" CASCADE[0m
  [1m[35m (4.8ms)[0m  [1m[35mCREATE TABLE "artworks" ("id" bigserial primary key, "title" character varying NOT NULL, "image_url" character varying NOT NULL, "artist_id" integer NOT NULL, "created_at" timestamp(6) NOT NULL, "updated_at" timestamp(6) NOT NULL)[0m
  [1m[35m (2.3ms)[0m  [1m[35mCREATE INDEX "index_artworks_on_artist_id" ON "artworks" ("artist_id")[0m
  [1m[35m (2.3ms)[0m  [1m[35mCREATE UNIQUE INDEX "index_artworks_on_image_url" ON "artworks" ("image_url")[0m
  [1m[35m (1.9ms)[0m  [1m[35mCREATE UNIQUE INDEX "index_artworks_on_title_and_artist_id" ON "artworks" ("title", "artist_id")[0m
  [1m[35m (0.1ms)[0m  [1m[35mDROP TABLE IF EXISTS "users" CASCADE[0m
  [1m[35m (4.7ms)[0m  [1m[35mCREATE TABLE "users" ("id" bigserial primary key, "username" character varying NOT NULL, "created_at" timestamp(6) NOT NULL, "updated_at" timestamp(6) NOT NULL)[0m
  [1m[35m (2.1ms)[0m  [1m[35mCREATE UNIQUE INDEX "index_users_on_username" ON "users" ("username")[0m
  [1m[35m (3.9ms)[0m  [1m[35mCREATE TABLE "schema_migrations" ("version" character varying NOT NULL PRIMARY KEY)[0m
  [1m[35m (0.2ms)[0m  [1m[34mSELECT "schema_migrations"."version" FROM "schema_migrations" ORDER BY "schema_migrations"."version" ASC[0m
  [1m[35m (0.8ms)[0m  [1m[32mINSERT INTO "schema_migrations" (version) VALUES (20210625011517)[0m
  [1m[35m (0.5ms)[0m  [1m[32mINSERT INTO "schema_migrations" (version) VALUES
(20210625004249),
(20210625005040);

[0m
  [1m[35m (3.9ms)[0m  [1m[35mCREATE TABLE "ar_internal_metadata" ("key" character varying NOT NULL PRIMARY KEY, "value" character varying, "created_at" timestamp(6) NOT NULL, "updated_at" timestamp(6) NOT NULL)[0m
  [1m[36mActiveRecord::InternalMetadata Load (0.2ms)[0m  [1m[34mSELECT "ar_internal_metadata".* FROM "ar_internal_metadata" WHERE "ar_internal_metadata"."key" = $1 LIMIT $2[0m  [["key", "environment"], ["LIMIT", 1]]
  [1m[36mTRANSACTION (0.1ms)[0m  [1m[35mBEGIN[0m
  [1m[36mActiveRecord::InternalMetadata Create (0.2ms)[0m  [1m[32mINSERT INTO "ar_internal_metadata" ("key", "value", "created_at", "updated_at") VALUES ($1, $2, $3, $4) RETURNING "key"[0m  [["key", "environment"], ["value", "development"], ["created_at", "2021-06-25 01:25:38.219913"], ["updated_at", "2021-06-25 01:25:38.219913"]]
  [1m[36mTRANSACTION (0.5ms)[0m  [1m[35mCOMMIT[0m
  [1m[36mActiveRecord::InternalMetadata Load (0.1ms)[0m  [1m[34mSELECT "ar_internal_metadata".* FROM "ar_internal_metadata" WHERE "ar_internal_metadata"."key" = $1 LIMIT $2[0m  [["key", "environment"], ["LIMIT", 1]]
  [1m[36mActiveRecord::InternalMetadata Load (0.1ms)[0m  [1m[34mSELECT "ar_internal_metadata".* FROM "ar_internal_metadata" WHERE "ar_internal_metadata"."key" = $1 LIMIT $2[0m  [["key", "schema_sha1"], ["LIMIT", 1]]
  [1m[36mTRANSACTION (0.0ms)[0m  [1m[35mBEGIN[0m
  [1m[36mActiveRecord::InternalMetadata Create (0.1ms)[0m  [1m[32mINSERT INTO "ar_internal_metadata" ("key", "value", "created_at", "updated_at") VALUES ($1, $2, $3, $4) RETURNING "key"[0m  [["key", "schema_sha1"], ["value", "cfbd9dfae18bb9e00085b5c0116b2aec55abcf29"], ["created_at", "2021-06-25 01:25:38.225173"], ["updated_at", "2021-06-25 01:25:38.225173"]]
  [1m[36mTRANSACTION (0.6ms)[0m  [1m[35mCOMMIT[0m
  [1m[35mSQL (0.1ms)[0m  [1m[35mCREATE EXTENSION IF NOT EXISTS "plpgsql"[0m
  [1m[35m (0.1ms)[0m  [1m[35mDROP TABLE IF EXISTS "artwork_shares" CASCADE[0m
  [1m[35m (4.4ms)[0m  [1m[35mCREATE TABLE "artwork_shares" ("id" bigserial primary key, "viewer_id" integer, "artwork_id" integer, "created_at" timestamp(6) NOT NULL, "updated_at" timestamp(6) NOT NULL)[0m
  [1m[35m (2.1ms)[0m  [1m[35mCREATE INDEX "index_artwork_shares_on_artwork_id" ON "artwork_shares" ("artwork_id")[0m
  [1m[35m (2.0ms)[0m  [1m[35mCREATE INDEX "index_artwork_shares_on_viewer_id" ON "artwork_shares" ("viewer_id")[0m
  [1m[35m (0.1ms)[0m  [1m[35mDROP TABLE IF EXISTS "artworks" CASCADE[0m
  [1m[35m (4.5ms)[0m  [1m[35mCREATE TABLE "artworks" ("id" bigserial primary key, "title" character varying NOT NULL, "image_url" character varying NOT NULL, "artist_id" integer NOT NULL, "created_at" timestamp(6) NOT NULL, "updated_at" timestamp(6) NOT NULL)[0m
  [1m[35m (1.9ms)[0m  [1m[35mCREATE INDEX "index_artworks_on_artist_id" ON "artworks" ("artist_id")[0m
  [1m[35m (2.0ms)[0m  [1m[35mCREATE UNIQUE INDEX "index_artworks_on_image_url" ON "artworks" ("image_url")[0m
  [1m[35m (1.9ms)[0m  [1m[35mCREATE UNIQUE INDEX "index_artworks_on_title_and_artist_id" ON "artworks" ("title", "artist_id")[0m
  [1m[35m (0.1ms)[0m  [1m[35mDROP TABLE IF EXISTS "users" CASCADE[0m
  [1m[35m (4.5ms)[0m  [1m[35mCREATE TABLE "users" ("id" bigserial primary key, "username" character varying NOT NULL, "created_at" timestamp(6) NOT NULL, "updated_at" timestamp(6) NOT NULL)[0m
  [1m[35m (2.0ms)[0m  [1m[35mCREATE UNIQUE INDEX "index_users_on_username" ON "users" ("username")[0m
  [1m[35m (3.9ms)[0m  [1m[35mCREATE TABLE "schema_migrations" ("version" character varying NOT NULL PRIMARY KEY)[0m
  [1m[35m (0.2ms)[0m  [1m[34mSELECT "schema_migrations"."version" FROM "schema_migrations" ORDER BY "schema_migrations"."version" ASC[0m
  [1m[35m (0.6ms)[0m  [1m[32mINSERT INTO "schema_migrations" (version) VALUES (20210625011517)[0m
  [1m[35m (0.7ms)[0m  [1m[32mINSERT INTO "schema_migrations" (version) VALUES
(20210625004249),
(20210625005040);

[0m
  [1m[35m (3.9ms)[0m  [1m[35mCREATE TABLE "ar_internal_metadata" ("key" character varying NOT NULL PRIMARY KEY, "value" character varying, "created_at" timestamp(6) NOT NULL, "updated_at" timestamp(6) NOT NULL)[0m
  [1m[36mActiveRecord::InternalMetadata Load (0.2ms)[0m  [1m[34mSELECT "ar_internal_metadata".* FROM "ar_internal_metadata" WHERE "ar_internal_metadata"."key" = $1 LIMIT $2[0m  [["key", "environment"], ["LIMIT", 1]]
  [1m[36mTRANSACTION (0.1ms)[0m  [1m[35mBEGIN[0m
  [1m[36mActiveRecord::InternalMetadata Create (0.3ms)[0m  [1m[32mINSERT INTO "ar_internal_metadata" ("key", "value", "created_at", "updated_at") VALUES ($1, $2, $3, $4) RETURNING "key"[0m  [["key", "environment"], ["value", "development"], ["created_at", "2021-06-25 01:25:38.291801"], ["updated_at", "2021-06-25 01:25:38.291801"]]
  [1m[36mTRANSACTION (0.5ms)[0m  [1m[35mCOMMIT[0m
  [1m[36mActiveRecord::InternalMetadata Load (0.1ms)[0m  [1m[34mSELECT "ar_internal_metadata".* FROM "ar_internal_metadata" WHERE "ar_internal_metadata"."key" = $1 LIMIT $2[0m  [["key", "environment"], ["LIMIT", 1]]
  [1m[36mTRANSACTION (0.0ms)[0m  [1m[35mBEGIN[0m
  [1m[36mActiveRecord::InternalMetadata Update (0.1ms)[0m  [1m[33mUPDATE "ar_internal_metadata" SET "value" = $1, "updated_at" = $2 WHERE "ar_internal_metadata"."key" = $3[0m  [["value", "test"], ["updated_at", "2021-06-25 01:25:38.296911"], ["key", "environment"]]
  [1m[36mTRANSACTION (0.6ms)[0m  [1m[35mCOMMIT[0m
  [1m[36mActiveRecord::InternalMetadata Load (0.1ms)[0m  [1m[34mSELECT "ar_internal_metadata".* FROM "ar_internal_metadata" WHERE "ar_internal_metadata"."key" = $1 LIMIT $2[0m  [["key", "schema_sha1"], ["LIMIT", 1]]
  [1m[36mTRANSACTION (0.0ms)[0m  [1m[35mBEGIN[0m
  [1m[36mActiveRecord::InternalMetadata Create (0.1ms)[0m  [1m[32mINSERT INTO "ar_internal_metadata" ("key", "value", "created_at", "updated_at") VALUES ($1, $2, $3, $4) RETURNING "key"[0m  [["key", "schema_sha1"], ["value", "cfbd9dfae18bb9e00085b5c0116b2aec55abcf29"], ["created_at", "2021-06-25 01:25:38.300573"], ["updated_at", "2021-06-25 01:25:38.300573"]]
  [1m[36mTRANSACTION (0.5ms)[0m  [1m[35mCOMMIT[0m
  [1m[35m (0.4ms)[0m  [1m[34mSELECT "schema_migrations"."version" FROM "schema_migrations" ORDER BY "schema_migrations"."version" ASC[0m
  [1m[35m (0.1ms)[0m  [1m[34mSELECT pg_try_advisory_lock(5974519626909234765)[0m
  [1m[35m (0.3ms)[0m  [1m[34mSELECT "schema_migrations"."version" FROM "schema_migrations" ORDER BY "schema_migrations"."version" ASC[0m
  [1m[36mActiveRecord::InternalMetadata Load (0.1ms)[0m  [1m[34mSELECT "ar_internal_metadata".* FROM "ar_internal_metadata" WHERE "ar_internal_metadata"."key" = $1 LIMIT $2[0m  [["key", "environment"], ["LIMIT", 1]]
  [1m[35m (0.1ms)[0m  [1m[34mSELECT pg_advisory_unlock(5974519626909234765)[0m
  [1m[35m (0.2ms)[0m  [1m[34mSELECT "schema_migrations"."version" FROM "schema_migrations" ORDER BY "schema_migrations"."version" ASC[0m
  [1m[35m (0.3ms)[0m  [1m[34mSELECT "schema_migrations"."version" FROM "schema_migrations" ORDER BY "schema_migrations"."version" ASC[0m
  [1m[35m (0.3ms)[0m  [1m[34mSELECT "schema_migrations"."version" FROM "schema_migrations" ORDER BY "schema_migrations"."version" ASC[0m
  [1m[35m (0.2ms)[0m  [1m[34mSELECT "schema_migrations"."version" FROM "schema_migrations" ORDER BY "schema_migrations"."version" ASC[0m
  [1m[35m (0.3ms)[0m  [1m[34mSELECT "schema_migrations"."version" FROM "schema_migrations" ORDER BY "schema_migrations"."version" ASC[0m
  [1m[35m (0.1ms)[0m  [1m[34mSELECT "ar_internal_metadata"."value" FROM "ar_internal_metadata" WHERE "ar_internal_metadata"."key" = $1[0m  [["key", "environment"]]
  [1m[35m (0.1ms)[0m  [1m[34mSELECT "schema_migrations"."version" FROM "schema_migrations" ORDER BY "schema_migrations"."version" ASC[0m
  [1m[35m (0.1ms)[0m  [1m[34mSELECT "ar_internal_metadata"."value" FROM "ar_internal_metadata" WHERE "ar_internal_metadata"."key" = $1[0m  [["key", "environment"]]
  [1m[35m (0.1ms)[0m  [1m[34mSELECT "schema_migrations"."version" FROM "schema_migrations" ORDER BY "schema_migrations"."version" ASC[0m
  [1m[35m (0.1ms)[0m  [1m[34mSELECT "ar_internal_metadata"."value" FROM "ar_internal_metadata" WHERE "ar_internal_metadata"."key" = $1[0m  [["key", "environment"]]
  [1m[35m (107.9ms)[0m  [1m[35mDROP DATABASE IF EXISTS "art_share_api_development"[0m
  [1m[35m (106.9ms)[0m  [1m[35mDROP DATABASE IF EXISTS "art_share_api_test"[0m
  [1m[35m (230.0ms)[0m  [1m[35mCREATE DATABASE "art_share_api_development" ENCODING = 'unicode'[0m
  [1m[35m (230.8ms)[0m  [1m[35mCREATE DATABASE "art_share_api_test" ENCODING = 'unicode'[0m
  [1m[35m (5.8ms)[0m  [1m[35mCREATE TABLE "schema_migrations" ("version" character varying NOT NULL PRIMARY KEY)[0m
  [1m[35m (4.4ms)[0m  [1m[35mCREATE TABLE "ar_internal_metadata" ("key" character varying NOT NULL PRIMARY KEY, "value" character varying, "created_at" timestamp(6) NOT NULL, "updated_at" timestamp(6) NOT NULL)[0m
  [1m[35m (0.1ms)[0m  [1m[34mSELECT pg_try_advisory_lock(5974519626909234765)[0m
  [1m[35m (0.2ms)[0m  [1m[34mSELECT "schema_migrations"."version" FROM "schema_migrations" ORDER BY "schema_migrations"."version" ASC[0m
Migrating to CreateUsers (20210625004249)
  [1m[36mTRANSACTION (0.1ms)[0m  [1m[35mBEGIN[0m
  [1m[35m (4.2ms)[0m  [1m[35mCREATE TABLE "users" ("id" bigserial primary key, "username" character varying, "created_at" timestamp(6) NOT NULL, "updated_at" timestamp(6) NOT NULL)[0m
  [1m[35m (1.5ms)[0m  [1m[35mCREATE UNIQUE INDEX "index_users_on_username" ON "users" ("username")[0m
  [1m[36mActiveRecord::SchemaMigration Create (0.2ms)[0m  [1m[32mINSERT INTO "schema_migrations" ("version") VALUES ($1) RETURNING "version"[0m  [["version", "20210625004249"]]
  [1m[36mTRANSACTION (0.8ms)[0m  [1m[35mCOMMIT[0m
Migrating to CreateArtworks (20210625005040)
  [1m[36mTRANSACTION (0.1ms)[0m  [1m[35mBEGIN[0m
  [1m[35m (4.0ms)[0m  [1m[35mCREATE TABLE "artworks" ("id" bigserial primary key, "title" character varying, "image_url" character varying, "artist_id" integer, "created_at" timestamp(6) NOT NULL, "updated_at" timestamp(6) NOT NULL)[0m
  [1m[35m (1.6ms)[0m  [1m[35mCREATE INDEX "index_artworks_on_artist_id" ON "artworks" ("artist_id")[0m
  [1m[35m (1.6ms)[0m  [1m[35mCREATE UNIQUE INDEX "index_artworks_on_image_url" ON "artworks" ("image_url")[0m
  [1m[35m (1.5ms)[0m  [1m[35mCREATE UNIQUE INDEX "index_artworks_on_title_and_artist_id" ON "artworks" ("title", "artist_id")[0m
  [1m[36mActiveRecord::SchemaMigration Create (0.1ms)[0m  [1m[32mINSERT INTO "schema_migrations" ("version") VALUES ($1) RETURNING "version"[0m  [["version", "20210625005040"]]
  [1m[36mTRANSACTION (0.6ms)[0m  [1m[35mCOMMIT[0m
Migrating to CreateArtworkShares (20210625011517)
  [1m[36mTRANSACTION (0.1ms)[0m  [1m[35mBEGIN[0m
  [1m[35m (2.2ms)[0m  [1m[35mCREATE TABLE "artwork_shares" ("id" bigserial primary key, "artwork_id" integer, "viewer_id" integer, "created_at" timestamp(6) NOT NULL, "updated_at" timestamp(6) NOT NULL)[0m
  [1m[35m (1.4ms)[0m  [1m[35mCREATE INDEX "index_artwork_shares_on_artwork_id" ON "artwork_shares" ("artwork_id")[0m
  [1m[35m (1.4ms)[0m  [1m[35mCREATE INDEX "index_artwork_shares_on_viewer_id" ON "artwork_shares" ("viewer_id")[0m
  [1m[35m (1.4ms)[0m  [1m[35mCREATE UNIQUE INDEX "index_artwork_shares_on_artwork_id_and_viewer_id" ON "artwork_shares" ("artwork_id", "viewer_id")[0m
  [1m[36mActiveRecord::SchemaMigration Create (0.1ms)[0m  [1m[32mINSERT INTO "schema_migrations" ("version") VALUES ($1) RETURNING "version"[0m  [["version", "20210625011517"]]
  [1m[36mTRANSACTION (0.6ms)[0m  [1m[35mCOMMIT[0m
  [1m[36mActiveRecord::InternalMetadata Load (0.1ms)[0m  [1m[34mSELECT "ar_internal_metadata".* FROM "ar_internal_metadata" WHERE "ar_internal_metadata"."key" = $1 LIMIT $2[0m  [["key", "environment"], ["LIMIT", 1]]
  [1m[36mTRANSACTION (0.1ms)[0m  [1m[35mBEGIN[0m
  [1m[36mActiveRecord::InternalMetadata Create (0.4ms)[0m  [1m[32mINSERT INTO "ar_internal_metadata" ("key", "value", "created_at", "updated_at") VALUES ($1, $2, $3, $4) RETURNING "key"[0m  [["key", "environment"], ["value", "development"], ["created_at", "2021-06-25 01:26:53.939438"], ["updated_at", "2021-06-25 01:26:53.939438"]]
  [1m[36mTRANSACTION (0.7ms)[0m  [1m[35mCOMMIT[0m
  [1m[35m (0.3ms)[0m  [1m[34mSELECT pg_advisory_unlock(5974519626909234765)[0m
  [1m[35m (0.4ms)[0m  [1m[34mSELECT "schema_migrations"."version" FROM "schema_migrations" ORDER BY "schema_migrations"."version" ASC[0m
  [1m[35m (0.3ms)[0m  [1m[34mSELECT "schema_migrations"."version" FROM "schema_migrations" ORDER BY "schema_migrations"."version" ASC[0m
  [1m[35m (0.4ms)[0m  [1m[34mSELECT "schema_migrations"."version" FROM "schema_migrations" ORDER BY "schema_migrations"."version" ASC[0m
  [1m[35m (0.2ms)[0m  [1m[34mSELECT "ar_internal_metadata"."value" FROM "ar_internal_metadata" WHERE "ar_internal_metadata"."key" = $1[0m  [["key", "environment"]]
  [1m[35m (0.1ms)[0m  [1m[34mSELECT "schema_migrations"."version" FROM "schema_migrations" ORDER BY "schema_migrations"."version" ASC[0m
  [1m[35m (0.1ms)[0m  [1m[34mSELECT "ar_internal_metadata"."value" FROM "ar_internal_metadata" WHERE "ar_internal_metadata"."key" = $1[0m  [["key", "environment"]]
  [1m[35m (0.1ms)[0m  [1m[34mSELECT "schema_migrations"."version" FROM "schema_migrations" ORDER BY "schema_migrations"."version" ASC[0m
  [1m[35m (0.1ms)[0m  [1m[34mSELECT "ar_internal_metadata"."value" FROM "ar_internal_metadata" WHERE "ar_internal_metadata"."key" = $1[0m  [["key", "environment"]]
  [1m[35m (107.1ms)[0m  [1m[35mDROP DATABASE IF EXISTS "art_share_api_development"[0m
  [1m[35m (106.9ms)[0m  [1m[35mDROP DATABASE IF EXISTS "art_share_api_test"[0m
  [1m[35m (230.5ms)[0m  [1m[35mCREATE DATABASE "art_share_api_development" ENCODING = 'unicode'[0m
  [1m[35m (230.6ms)[0m  [1m[35mCREATE DATABASE "art_share_api_test" ENCODING = 'unicode'[0m
  [1m[35m (5.7ms)[0m  [1m[35mCREATE TABLE "schema_migrations" ("version" character varying NOT NULL PRIMARY KEY)[0m
  [1m[35m (3.5ms)[0m  [1m[35mCREATE TABLE "ar_internal_metadata" ("key" character varying NOT NULL PRIMARY KEY, "value" character varying, "created_at" timestamp(6) NOT NULL, "updated_at" timestamp(6) NOT NULL)[0m
  [1m[35m (0.1ms)[0m  [1m[34mSELECT pg_try_advisory_lock(5974519626909234765)[0m
  [1m[35m (0.3ms)[0m  [1m[34mSELECT "schema_migrations"."version" FROM "schema_migrations" ORDER BY "schema_migrations"."version" ASC[0m
Migrating to CreateUsers (20210625004249)
  [1m[36mTRANSACTION (0.1ms)[0m  [1m[35mBEGIN[0m
  [1m[35m (4.1ms)[0m  [1m[35mCREATE TABLE "users" ("id" bigserial primary key, "username" character varying NOT NULL, "created_at" timestamp(6) NOT NULL, "updated_at" timestamp(6) NOT NULL)[0m
  [1m[35m (1.5ms)[0m  [1m[35mCREATE UNIQUE INDEX "index_users_on_username" ON "users" ("username")[0m
  [1m[36mActiveRecord::SchemaMigration Create (0.2ms)[0m  [1m[32mINSERT INTO "schema_migrations" ("version") VALUES ($1) RETURNING "version"[0m  [["version", "20210625004249"]]
  [1m[36mTRANSACTION (0.6ms)[0m  [1m[35mCOMMIT[0m
Migrating to CreateArtworks (20210625005040)
  [1m[36mTRANSACTION (0.1ms)[0m  [1m[35mBEGIN[0m
  [1m[35m (4.0ms)[0m  [1m[35mCREATE TABLE "artworks" ("id" bigserial primary key, "title" character varying NOT NULL, "image_url" character varying NOT NULL, "artist_id" integer NOT NULL, "created_at" timestamp(6) NOT NULL, "updated_at" timestamp(6) NOT NULL)[0m
  [1m[35m (1.4ms)[0m  [1m[35mCREATE INDEX "index_artworks_on_artist_id" ON "artworks" ("artist_id")[0m
  [1m[35m (1.4ms)[0m  [1m[35mCREATE UNIQUE INDEX "index_artworks_on_image_url" ON "artworks" ("image_url")[0m
  [1m[35m (1.4ms)[0m  [1m[35mCREATE UNIQUE INDEX "index_artworks_on_title_and_artist_id" ON "artworks" ("title", "artist_id")[0m
  [1m[36mActiveRecord::SchemaMigration Create (0.1ms)[0m  [1m[32mINSERT INTO "schema_migrations" ("version") VALUES ($1) RETURNING "version"[0m  [["version", "20210625005040"]]
  [1m[36mTRANSACTION (0.8ms)[0m  [1m[35mCOMMIT[0m
Migrating to CreateArtworkShares (20210625011517)
  [1m[36mTRANSACTION (0.1ms)[0m  [1m[35mBEGIN[0m
  [1m[35m (2.6ms)[0m  [1m[35mCREATE TABLE "artwork_shares" ("id" bigserial primary key, "artwork_id" integer NOT NULL, "viewer_id" integer NOT NULL, "created_at" timestamp(6) NOT NULL, "updated_at" timestamp(6) NOT NULL)[0m
  [1m[35m (1.5ms)[0m  [1m[35mCREATE INDEX "index_artwork_shares_on_artwork_id" ON "artwork_shares" ("artwork_id")[0m
  [1m[35m (1.5ms)[0m  [1m[35mCREATE INDEX "index_artwork_shares_on_viewer_id" ON "artwork_shares" ("viewer_id")[0m
  [1m[35m (1.6ms)[0m  [1m[35mCREATE UNIQUE INDEX "index_artwork_shares_on_artwork_id_and_viewer_id" ON "artwork_shares" ("artwork_id", "viewer_id")[0m
  [1m[36mActiveRecord::SchemaMigration Create (0.1ms)[0m  [1m[32mINSERT INTO "schema_migrations" ("version") VALUES ($1) RETURNING "version"[0m  [["version", "20210625011517"]]
  [1m[36mTRANSACTION (0.7ms)[0m  [1m[35mCOMMIT[0m
  [1m[36mActiveRecord::InternalMetadata Load (0.1ms)[0m  [1m[34mSELECT "ar_internal_metadata".* FROM "ar_internal_metadata" WHERE "ar_internal_metadata"."key" = $1 LIMIT $2[0m  [["key", "environment"], ["LIMIT", 1]]
  [1m[36mTRANSACTION (0.1ms)[0m  [1m[35mBEGIN[0m
  [1m[36mActiveRecord::InternalMetadata Create (0.3ms)[0m  [1m[32mINSERT INTO "ar_internal_metadata" ("key", "value", "created_at", "updated_at") VALUES ($1, $2, $3, $4) RETURNING "key"[0m  [["key", "environment"], ["value", "development"], ["created_at", "2021-06-25 01:29:12.406625"], ["updated_at", "2021-06-25 01:29:12.406625"]]
  [1m[36mTRANSACTION (0.5ms)[0m  [1m[35mCOMMIT[0m
  [1m[35m (0.3ms)[0m  [1m[34mSELECT pg_advisory_unlock(5974519626909234765)[0m
  [1m[35m (0.3ms)[0m  [1m[34mSELECT "schema_migrations"."version" FROM "schema_migrations" ORDER BY "schema_migrations"."version" ASC[0m
  [1m[35m (0.3ms)[0m  [1m[34mSELECT "schema_migrations"."version" FROM "schema_migrations" ORDER BY "schema_migrations"."version" ASC[0m
  [1m[35m (0.2ms)[0m  [1m[34mSELECT "schema_migrations"."version" FROM "schema_migrations" ORDER BY "schema_migrations"."version" ASC[0m
  [1m[35m (0.3ms)[0m  [1m[34mSELECT "schema_migrations"."version" FROM "schema_migrations" ORDER BY "schema_migrations"."version" ASC[0m
  [1m[36mTRANSACTION (0.1ms)[0m  [1m[35mBEGIN[0m
  [1m[36mUser Exists? (0.3ms)[0m  [1m[34mSELECT 1 AS one FROM "users" WHERE "users"."username" = $1 LIMIT $2[0m  [["username", "test1"], ["LIMIT", 1]]
  [1m[36mUser Create (0.3ms)[0m  [1m[32mINSERT INTO "users" ("username", "created_at", "updated_at") VALUES ($1, $2, $3) RETURNING "id"[0m  [["username", "test1"], ["created_at", "2021-06-25 01:36:11.386247"], ["updated_at", "2021-06-25 01:36:11.386247"]]
  [1m[36mTRANSACTION (0.7ms)[0m  [1m[35mCOMMIT[0m
  [1m[36mTRANSACTION (0.1ms)[0m  [1m[35mBEGIN[0m
  [1m[36mUser Exists? (0.2ms)[0m  [1m[34mSELECT 1 AS one FROM "users" WHERE "users"."username" = $1 LIMIT $2[0m  [["username", "test2"], ["LIMIT", 1]]
  [1m[36mUser Create (0.1ms)[0m  [1m[32mINSERT INTO "users" ("username", "created_at", "updated_at") VALUES ($1, $2, $3) RETURNING "id"[0m  [["username", "test2"], ["created_at", "2021-06-25 01:36:11.392067"], ["updated_at", "2021-06-25 01:36:11.392067"]]
  [1m[36mTRANSACTION (0.6ms)[0m  [1m[35mCOMMIT[0m
  [1m[36mTRANSACTION (0.1ms)[0m  [1m[35mBEGIN[0m
  [1m[36mArtwork Exists? (0.4ms)[0m  [1m[34mSELECT 1 AS one FROM "artworks" WHERE "artworks"."image_url" = $1 LIMIT $2[0m  [["image_url", "https://i.imgur.com/3febqZx.png"], ["LIMIT", 1]]
  [1m[36mArtwork Exists? (0.1ms)[0m  [1m[34mSELECT 1 AS one FROM "artworks" WHERE "artworks"."title" = $1 AND "artworks"."artist_id" = $2 LIMIT $3[0m  [["title", "Buttface"], ["artist_id", 1], ["LIMIT", 1]]
  [1m[36mUser Load (0.1ms)[0m  [1m[34mSELECT "users".* FROM "users" WHERE "users"."id" = $1 LIMIT $2[0m  [["id", 1], ["LIMIT", 1]]
  [1m[36mArtwork Create (0.4ms)[0m  [1m[32mINSERT INTO "artworks" ("title", "image_url", "artist_id", "created_at", "updated_at") VALUES ($1, $2, $3, $4, $5) RETURNING "id"[0m  [["title", "Buttface"], ["image_url", "https://i.imgur.com/3febqZx.png"], ["artist_id", 1], ["created_at", "2021-06-25 01:36:11.415796"], ["updated_at", "2021-06-25 01:36:11.415796"]]
  [1m[36mTRANSACTION (0.5ms)[0m  [1m[35mCOMMIT[0m
  [1m[36mTRANSACTION (0.0ms)[0m  [1m[35mBEGIN[0m
  [1m[36mArtwork Exists? (0.1ms)[0m  [1m[34mSELECT 1 AS one FROM "artworks" WHERE "artworks"."image_url" = $1 LIMIT $2[0m  [["image_url", "https://i.imgur.com/umBBtsB.png"], ["LIMIT", 1]]
  [1m[36mArtwork Exists? (0.1ms)[0m  [1m[34mSELECT 1 AS one FROM "artworks" WHERE "artworks"."title" = $1 AND "artworks"."artist_id" = $2 LIMIT $3[0m  [["title", "Rear End Visage"], ["artist_id", 2], ["LIMIT", 1]]
  [1m[36mUser Load (0.1ms)[0m  [1m[34mSELECT "users".* FROM "users" WHERE "users"."id" = $1 LIMIT $2[0m  [["id", 2], ["LIMIT", 1]]
  [1m[36mArtwork Create (0.1ms)[0m  [1m[32mINSERT INTO "artworks" ("title", "image_url", "artist_id", "created_at", "updated_at") VALUES ($1, $2, $3, $4, $5) RETURNING "id"[0m  [["title", "Rear End Visage"], ["image_url", "https://i.imgur.com/umBBtsB.png"], ["artist_id", 2], ["created_at", "2021-06-25 01:36:11.421540"], ["updated_at", "2021-06-25 01:36:11.421540"]]
  [1m[36mTRANSACTION (0.6ms)[0m  [1m[35mCOMMIT[0m
  [1m[36mTRANSACTION (0.0ms)[0m  [1m[35mBEGIN[0m
  [1m[36mArtworkShare Exists? (0.3ms)[0m  [1m[34mSELECT 1 AS one FROM "artwork_shares" WHERE "artwork_shares"."artwork_id" = $1 AND "artwork_shares"."viewer_id" = $2 LIMIT $3[0m  [["artwork_id", 2], ["viewer_id", 1], ["LIMIT", 1]]
  [1m[36mUser Load (0.1ms)[0m  [1m[34mSELECT "users".* FROM "users" WHERE "users"."id" = $1 LIMIT $2[0m  [["id", 1], ["LIMIT", 1]]
  [1m[36mArtwork Load (0.1ms)[0m  [1m[34mSELECT "artworks".* FROM "artworks" WHERE "artworks"."id" = $1 LIMIT $2[0m  [["id", 2], ["LIMIT", 1]]
  [1m[36mArtworkShare Create (0.3ms)[0m  [1m[32mINSERT INTO "artwork_shares" ("artwork_id", "viewer_id", "created_at", "updated_at") VALUES ($1, $2, $3, $4) RETURNING "id"[0m  [["artwork_id", 2], ["viewer_id", 1], ["created_at", "2021-06-25 01:36:11.433015"], ["updated_at", "2021-06-25 01:36:11.433015"]]
  [1m[36mTRANSACTION (0.5ms)[0m  [1m[35mCOMMIT[0m
  [1m[36mUser Load (0.3ms)[0m  [1m[34mSELECT "users".* FROM "users"[0m
  [1m[36mUser Load (0.2ms)[0m  [1m[34mSELECT "users".* FROM "users" ORDER BY "users"."id" ASC LIMIT $1[0m  [["LIMIT", 1]]
  [1m[36mArtwork Load (0.3ms)[0m  [1m[34mSELECT "artworks".* FROM "artworks" WHERE "artworks"."artist_id" = $1[0m  [["artist_id", 1]]
  [1m[36mUser Load (0.4ms)[0m  [1m[34mSELECT "users".* FROM "users" ORDER BY "users"."id" ASC LIMIT $1[0m  [["LIMIT", 1]]
  [1m[36mArtworkShare Load (0.3ms)[0m  [1m[34mSELECT "artwork_shares".* FROM "artwork_shares" WHERE "artwork_shares"."viewer_id" = $1[0m  [["viewer_id", 1]]
  [1m[36mUser Load (0.3ms)[0m  [1m[34mSELECT "users".* FROM "users" ORDER BY "users"."id" ASC LIMIT $1[0m  [["LIMIT", 1]]
  [1m[36mUser Load (0.1ms)[0m  [1m[34mSELECT "users".* FROM "users" ORDER BY "users"."id" ASC LIMIT $1[0m  [["LIMIT", 1]]
  [1m[36mArtwork Load (0.3ms)[0m  [1m[34mSELECT "artworks".* FROM "artworks" INNER JOIN "artwork_shares" ON "artworks"."id" = "artwork_shares"."artwork_id" WHERE "artwork_shares"."viewer_id" = $1[0m  [["viewer_id", 1]]
Started GET "/users/3" for ::1 at 2021-06-24 18:39:00 -0700
  [1m[35m (0.5ms)[0m  [1m[34mSELECT "schema_migrations"."version" FROM "schema_migrations" ORDER BY "schema_migrations"."version" ASC[0m
Processing by UsersController#show as */*
  Parameters: {"user"=>{"name"=>"test3", "email"=>"test@yahoo.com"}, "id"=>"3"}
  [1m[36mUser Load (0.5ms)[0m  [1m[34mSELECT "users".* FROM "users" WHERE "users"."id" = $1 LIMIT $2[0m  [["id", 3], ["LIMIT", 1]]
  ↳ app/controllers/users_controller.rb:16:in `show'
  Rendering text template
  Rendered text template (Duration: 0.1ms | Allocations: 64)
Completed 200 OK in 25ms (Views: 14.0ms | ActiveRecord: 3.6ms | Allocations: 9135)


Started GET "/users/2" for ::1 at 2021-06-24 18:39:05 -0700
Processing by UsersController#show as */*
  Parameters: {"user"=>{"name"=>"test3", "email"=>"test@yahoo.com"}, "id"=>"2"}
  [1m[36mUser Load (0.4ms)[0m  [1m[34mSELECT "users".* FROM "users" WHERE "users"."id" = $1 LIMIT $2[0m  [["id", 2], ["LIMIT", 1]]
  ↳ app/controllers/users_controller.rb:16:in `show'
Completed 200 OK in 4ms (Views: 0.3ms | ActiveRecord: 0.4ms | Allocations: 3076)


Started GET "/users/" for ::1 at 2021-06-24 18:39:26 -0700
Processing by UsersController#index as */*
  Parameters: {"user"=>{"name"=>"test3", "email"=>"test@yahoo.com"}}
  [1m[36mUser Load (0.7ms)[0m  [1m[34mSELECT "users".* FROM "users"[0m
  ↳ app/controllers/users_controller.rb:3:in `index'
Completed 200 OK in 4ms (Views: 2.1ms | ActiveRecord: 0.7ms | Allocations: 1305)


Started POST "/users/" for ::1 at 2021-06-24 18:39:47 -0700
Processing by UsersController#create as */*
  Parameters: {"user"=>{"username"=>"test3"}}
Can't verify CSRF token authenticity.
Completed 422 Unprocessable Entity in 0ms (ActiveRecord: 0.0ms | Allocations: 508)


  
ActionController::InvalidAuthenticityToken (ActionController::InvalidAuthenticityToken):
  
actionpack (6.1.4) lib/action_controller/metal/request_forgery_protection.rb:211:in `handle_unverified_request'
actionpack (6.1.4) lib/action_controller/metal/request_forgery_protection.rb:243:in `handle_unverified_request'
actionpack (6.1.4) lib/action_controller/metal/request_forgery_protection.rb:238:in `verify_authenticity_token'
activesupport (6.1.4) lib/active_support/callbacks.rb:427:in `block in make_lambda'
activesupport (6.1.4) lib/active_support/callbacks.rb:198:in `block (2 levels) in halting'
actionpack (6.1.4) lib/abstract_controller/callbacks.rb:34:in `block (2 levels) in <module:Callbacks>'
activesupport (6.1.4) lib/active_support/callbacks.rb:199:in `block in halting'
activesupport (6.1.4) lib/active_support/callbacks.rb:512:in `block in invoke_before'
activesupport (6.1.4) lib/active_support/callbacks.rb:512:in `each'
activesupport (6.1.4) lib/active_support/callbacks.rb:512:in `invoke_before'
activesupport (6.1.4) lib/active_support/callbacks.rb:115:in `block in run_callbacks'
activesupport (6.1.4) lib/active_support/callbacks.rb:137:in `run_callbacks'
actionpack (6.1.4) lib/abstract_controller/callbacks.rb:41:in `process_action'
actionpack (6.1.4) lib/action_controller/metal/rescue.rb:22:in `process_action'
actionpack (6.1.4) lib/action_controller/metal/instrumentation.rb:34:in `block in process_action'
activesupport (6.1.4) lib/active_support/notifications.rb:203:in `block in instrument'
activesupport (6.1.4) lib/active_support/notifications/instrumenter.rb:24:in `instrument'
activesupport (6.1.4) lib/active_support/notifications.rb:203:in `instrument'
actionpack (6.1.4) lib/action_controller/metal/instrumentation.rb:33:in `process_action'
actionpack (6.1.4) lib/action_controller/metal/params_wrapper.rb:249:in `process_action'
activerecord (6.1.4) lib/active_record/railties/controller_runtime.rb:27:in `process_action'
actionpack (6.1.4) lib/abstract_controller/base.rb:165:in `process'
actionview (6.1.4) lib/action_view/rendering.rb:39:in `process'
actionpack (6.1.4) lib/action_controller/metal.rb:190:in `dispatch'
actionpack (6.1.4) lib/action_controller/metal.rb:254:in `dispatch'
actionpack (6.1.4) lib/action_dispatch/routing/route_set.rb:50:in `dispatch'
actionpack (6.1.4) lib/action_dispatch/routing/route_set.rb:33:in `serve'
actionpack (6.1.4) lib/action_dispatch/journey/router.rb:50:in `block in serve'
actionpack (6.1.4) lib/action_dispatch/journey/router.rb:32:in `each'
actionpack (6.1.4) lib/action_dispatch/journey/router.rb:32:in `serve'
actionpack (6.1.4) lib/action_dispatch/routing/route_set.rb:842:in `call'
rack (2.2.3) lib/rack/tempfile_reaper.rb:15:in `call'
rack (2.2.3) lib/rack/etag.rb:27:in `call'
rack (2.2.3) lib/rack/conditional_get.rb:40:in `call'
rack (2.2.3) lib/rack/head.rb:12:in `call'
actionpack (6.1.4) lib/action_dispatch/http/permissions_policy.rb:22:in `call'
actionpack (6.1.4) lib/action_dispatch/http/content_security_policy.rb:18:in `call'
rack (2.2.3) lib/rack/session/abstract/id.rb:266:in `context'
rack (2.2.3) lib/rack/session/abstract/id.rb:260:in `call'
actionpack (6.1.4) lib/action_dispatch/middleware/cookies.rb:689:in `call'
activerecord (6.1.4) lib/active_record/migration.rb:601:in `call'
actionpack (6.1.4) lib/action_dispatch/middleware/callbacks.rb:27:in `block in call'
activesupport (6.1.4) lib/active_support/callbacks.rb:98:in `run_callbacks'
actionpack (6.1.4) lib/action_dispatch/middleware/callbacks.rb:26:in `call'
actionpack (6.1.4) lib/action_dispatch/middleware/executor.rb:14:in `call'
actionpack (6.1.4) lib/action_dispatch/middleware/actionable_exceptions.rb:18:in `call'
actionpack (6.1.4) lib/action_dispatch/middleware/debug_exceptions.rb:29:in `call'
web-console (4.1.0) lib/web_console/middleware.rb:132:in `call_app'
web-console (4.1.0) lib/web_console/middleware.rb:28:in `block in call'
web-console (4.1.0) lib/web_console/middleware.rb:17:in `catch'
web-console (4.1.0) lib/web_console/middleware.rb:17:in `call'
actionpack (6.1.4) lib/action_dispatch/middleware/show_exceptions.rb:33:in `call'
railties (6.1.4) lib/rails/rack/logger.rb:37:in `call_app'
railties (6.1.4) lib/rails/rack/logger.rb:26:in `block in call'
activesupport (6.1.4) lib/active_support/tagged_logging.rb:99:in `block in tagged'
activesupport (6.1.4) lib/active_support/tagged_logging.rb:37:in `tagged'
activesupport (6.1.4) lib/active_support/tagged_logging.rb:99:in `tagged'
railties (6.1.4) lib/rails/rack/logger.rb:26:in `call'
sprockets-rails (3.2.2) lib/sprockets/rails/quiet_assets.rb:13:in `call'
actionpack (6.1.4) lib/action_dispatch/middleware/remote_ip.rb:81:in `call'
actionpack (6.1.4) lib/action_dispatch/middleware/request_id.rb:26:in `call'
rack (2.2.3) lib/rack/method_override.rb:24:in `call'
rack (2.2.3) lib/rack/runtime.rb:22:in `call'
activesupport (6.1.4) lib/active_support/cache/strategy/local_cache_middleware.rb:29:in `call'
actionpack (6.1.4) lib/action_dispatch/middleware/executor.rb:14:in `call'
actionpack (6.1.4) lib/action_dispatch/middleware/static.rb:24:in `call'
rack (2.2.3) lib/rack/sendfile.rb:110:in `call'
actionpack (6.1.4) lib/action_dispatch/middleware/host_authorization.rb:98:in `call'
rack-mini-profiler (2.3.2) lib/mini_profiler/profiler.rb:384:in `call'
webpacker (5.4.0) lib/webpacker/dev_server_proxy.rb:25:in `perform_request'
rack-proxy (0.7.0) lib/rack/proxy.rb:63:in `call'
railties (6.1.4) lib/rails/engine.rb:539:in `call'
puma (5.3.2) lib/puma/configuration.rb:249:in `call'
puma (5.3.2) lib/puma/request.rb:77:in `block in handle_request'
puma (5.3.2) lib/puma/thread_pool.rb:338:in `with_force_shutdown'
puma (5.3.2) lib/puma/request.rb:76:in `handle_request'
puma (5.3.2) lib/puma/server.rb:438:in `process_client'
puma (5.3.2) lib/puma/thread_pool.rb:145:in `block in spawn_thread'
Started POST "/users/" for ::1 at 2021-06-24 18:44:40 -0700
  [1m[35m (0.6ms)[0m  [1m[34mSELECT "schema_migrations"."version" FROM "schema_migrations" ORDER BY "schema_migrations"."version" ASC[0m
Processing by UsersController#create as */*
  Parameters: {"user"=>{"username"=>"test3"}}
  [1m[36mTRANSACTION (0.5ms)[0m  [1m[35mBEGIN[0m
  ↳ app/controllers/users_controller.rb:8:in `create'
  [1m[36mUser Exists? (0.9ms)[0m  [1m[34mSELECT 1 AS one FROM "users" WHERE "users"."username" = $1 LIMIT $2[0m  [["username", "test3"], ["LIMIT", 1]]
  ↳ app/controllers/users_controller.rb:8:in `create'
  [1m[36mUser Create (0.6ms)[0m  [1m[32mINSERT INTO "users" ("username", "created_at", "updated_at") VALUES ($1, $2, $3) RETURNING "id"[0m  [["username", "test3"], ["created_at", "2021-06-25 01:44:40.234722"], ["updated_at", "2021-06-25 01:44:40.234722"]]
  ↳ app/controllers/users_controller.rb:8:in `create'
  [1m[36mTRANSACTION (1.0ms)[0m  [1m[35mCOMMIT[0m
  ↳ app/controllers/users_controller.rb:8:in `create'
Completed 200 OK in 18ms (Views: 0.3ms | ActiveRecord: 6.5ms | Allocations: 12293)


Started POST "/users/" for ::1 at 2021-06-24 18:44:44 -0700
Processing by UsersController#create as */*
  Parameters: {"user"=>{"username"=>"test3"}}
  [1m[36mTRANSACTION (1.2ms)[0m  [1m[35mBEGIN[0m
  ↳ app/controllers/users_controller.rb:8:in `create'
  [1m[36mUser Exists? (1.2ms)[0m  [1m[34mSELECT 1 AS one FROM "users" WHERE "users"."username" = $1 LIMIT $2[0m  [["username", "test3"], ["LIMIT", 1]]
  ↳ app/controllers/users_controller.rb:8:in `create'
  [1m[36mTRANSACTION (0.5ms)[0m  [1m[31mROLLBACK[0m
  ↳ app/controllers/users_controller.rb:8:in `create'
Completed 422 Unprocessable Entity in 11ms (Views: 0.2ms | ActiveRecord: 2.9ms | Allocations: 6842)


Started GET "/users/" for ::1 at 2021-06-24 18:44:50 -0700
Processing by UsersController#index as */*
  Parameters: {"user"=>{"username"=>"test3"}}
  [1m[36mUser Load (0.7ms)[0m  [1m[34mSELECT "users".* FROM "users"[0m
  ↳ app/controllers/users_controller.rb:3:in `index'
Completed 200 OK in 3ms (Views: 2.3ms | ActiveRecord: 0.7ms | Allocations: 1655)


Started GET "/users/1" for ::1 at 2021-06-24 18:45:22 -0700
Processing by UsersController#show as */*
  Parameters: {"user"=>{"username"=>"test3"}, "id"=>"1"}
  [1m[36mUser Load (0.7ms)[0m  [1m[34mSELECT "users".* FROM "users" WHERE "users"."id" = $1 LIMIT $2[0m  [["id", 1], ["LIMIT", 1]]
  ↳ app/controllers/users_controller.rb:16:in `show'
Completed 200 OK in 5ms (Views: 0.4ms | ActiveRecord: 1.5ms | Allocations: 1423)


Started PATCH "/users/3" for ::1 at 2021-06-24 18:45:38 -0700
Processing by UsersController#update as */*
  Parameters: {"user"=>{"username"=>"test4"}, "id"=>"3"}
  [1m[36mUser Load (0.7ms)[0m  [1m[34mSELECT "users".* FROM "users" WHERE "users"."id" = $1 LIMIT $2[0m  [["id", 3], ["LIMIT", 1]]
  ↳ app/controllers/users_controller.rb:23:in `update'
  [1m[36mTRANSACTION (0.8ms)[0m  [1m[35mBEGIN[0m
  ↳ app/controllers/users_controller.rb:25:in `update'
  [1m[36mUser Exists? (1.2ms)[0m  [1m[34mSELECT 1 AS one FROM "users" WHERE "users"."username" = $1 AND "users"."id" != $2 LIMIT $3[0m  [["username", "test4"], ["id", 3], ["LIMIT", 1]]
  ↳ app/controllers/users_controller.rb:25:in `update'
  [1m[36mUser Update (0.8ms)[0m  [1m[33mUPDATE "users" SET "username" = $1, "updated_at" = $2 WHERE "users"."id" = $3[0m  [["username", "test4"], ["updated_at", "2021-06-25 01:45:38.763963"], ["id", 3]]
  ↳ app/controllers/users_controller.rb:25:in `update'
  [1m[36mTRANSACTION (1.1ms)[0m  [1m[35mCOMMIT[0m
  ↳ app/controllers/users_controller.rb:25:in `update'
Completed 200 OK in 12ms (Views: 0.2ms | ActiveRecord: 4.7ms | Allocations: 4536)


Started PATCH "/users/3" for ::1 at 2021-06-24 18:45:44 -0700
Processing by UsersController#update as */*
  Parameters: {"user"=>{"username"=>"testThree"}, "id"=>"3"}
  [1m[36mUser Load (0.6ms)[0m  [1m[34mSELECT "users".* FROM "users" WHERE "users"."id" = $1 LIMIT $2[0m  [["id", 3], ["LIMIT", 1]]
  ↳ app/controllers/users_controller.rb:23:in `update'
  [1m[36mTRANSACTION (0.7ms)[0m  [1m[35mBEGIN[0m
  ↳ app/controllers/users_controller.rb:25:in `update'
  [1m[36mUser Exists? (0.6ms)[0m  [1m[34mSELECT 1 AS one FROM "users" WHERE "users"."username" = $1 AND "users"."id" != $2 LIMIT $3[0m  [["username", "testThree"], ["id", 3], ["LIMIT", 1]]
  ↳ app/controllers/users_controller.rb:25:in `update'
  [1m[36mUser Update (0.5ms)[0m  [1m[33mUPDATE "users" SET "username" = $1, "updated_at" = $2 WHERE "users"."id" = $3[0m  [["username", "testThree"], ["updated_at", "2021-06-25 01:45:44.452805"], ["id", 3]]
  ↳ app/controllers/users_controller.rb:25:in `update'
  [1m[36mTRANSACTION (1.1ms)[0m  [1m[35mCOMMIT[0m
  ↳ app/controllers/users_controller.rb:25:in `update'
Completed 200 OK in 8ms (Views: 0.2ms | ActiveRecord: 3.5ms | Allocations: 4245)


Started POST "/artworks?artwork[title]=Buttface&artwork[artist_id]=3&artwork[image_url]=https://i.imgur.com/VpGJ0FJ.png" for ::1 at 2021-06-25 16:52:17 -0700
  [1m[35m (1.2ms)[0m  [1m[34mSELECT "schema_migrations"."version" FROM "schema_migrations" ORDER BY "schema_migrations"."version" ASC[0m
Processing by ArtworksController#create as */*
  Parameters: {"user"=>{"username"=>"testThree"}, "artwork"=>{"title"=>"Buttface", "artist_id"=>"3", "image_url"=>"https://i.imgur.com/VpGJ0FJ.png"}}
Completed 500 Internal Server Error in 16ms (ActiveRecord: 4.5ms | Allocations: 10144)


  
NoMethodError (undefined method `save' for Artwork:Class):
  
app/controllers/artworks_controller.rb:8:in `create'
Started POST "/artworks?artwork[title]=Buttface&artwork[artist_id]=3&artwork[image_url]=https://i.imgur.com/VpGJ0FJ.png" for ::1 at 2021-06-25 16:52:59 -0700
Processing by ArtworksController#create as */*
  Parameters: {"user"=>{"username"=>"testThree"}, "artwork"=>{"title"=>"Buttface", "artist_id"=>"3", "image_url"=>"https://i.imgur.com/VpGJ0FJ.png"}}
  [1m[36mTRANSACTION (0.5ms)[0m  [1m[35mBEGIN[0m
  ↳ app/controllers/artworks_controller.rb:8:in `create'
  [1m[36mArtwork Exists? (2.6ms)[0m  [1m[34mSELECT 1 AS one FROM "artworks" WHERE "artworks"."image_url" = $1 LIMIT $2[0m  [["image_url", "https://i.imgur.com/VpGJ0FJ.png"], ["LIMIT", 1]]
  ↳ app/controllers/artworks_controller.rb:8:in `create'
  [1m[36mArtwork Exists? (0.6ms)[0m  [1m[34mSELECT 1 AS one FROM "artworks" WHERE "artworks"."title" = $1 AND "artworks"."artist_id" = $2 LIMIT $3[0m  [["title", "Buttface"], ["artist_id", 3], ["LIMIT", 1]]
  ↳ app/controllers/artworks_controller.rb:8:in `create'
  [1m[36mUser Load (1.5ms)[0m  [1m[34mSELECT "users".* FROM "users" WHERE "users"."id" = $1 LIMIT $2[0m  [["id", 3], ["LIMIT", 1]]
  ↳ app/controllers/artworks_controller.rb:8:in `create'
  [1m[36mArtwork Create (2.1ms)[0m  [1m[32mINSERT INTO "artworks" ("title", "image_url", "artist_id", "created_at", "updated_at") VALUES ($1, $2, $3, $4, $5) RETURNING "id"[0m  [["title", "Buttface"], ["image_url", "https://i.imgur.com/VpGJ0FJ.png"], ["artist_id", 3], ["created_at", "2021-06-25 23:52:59.634130"], ["updated_at", "2021-06-25 23:52:59.634130"]]
  ↳ app/controllers/artworks_controller.rb:8:in `create'
  [1m[36mTRANSACTION (1.0ms)[0m  [1m[35mCOMMIT[0m
  ↳ app/controllers/artworks_controller.rb:8:in `create'
Completed 201 Created in 42ms (Views: 0.4ms | ActiveRecord: 14.8ms | Allocations: 18768)


Started DELETE "/artworks" for ::1 at 2021-06-25 16:53:38 -0700
  
ActionController::RoutingError (No route matches [DELETE] "/artworks"):
  
Started DELETE "/artworks/3" for ::1 at 2021-06-25 16:53:44 -0700
Processing by ArtworksController#destroy as */*
  Parameters: {"user"=>{"username"=>"testThree"}, "id"=>"3"}
  [1m[36mArtwork Load (0.7ms)[0m  [1m[34mSELECT "artworks".* FROM "artworks" WHERE "artworks"."id" = $1 LIMIT $2[0m  [["id", 3], ["LIMIT", 1]]
  ↳ app/controllers/artworks_controller.rb:35:in `destroy'
  [1m[36mTRANSACTION (0.6ms)[0m  [1m[35mBEGIN[0m
  ↳ app/controllers/artworks_controller.rb:37:in `destroy'
  [1m[36mArtwork Destroy (0.6ms)[0m  [1m[31mDELETE FROM "artworks" WHERE "artworks"."id" = $1[0m  [["id", 3]]
  ↳ app/controllers/artworks_controller.rb:37:in `destroy'
  [1m[36mTRANSACTION (1.1ms)[0m  [1m[35mCOMMIT[0m
  ↳ app/controllers/artworks_controller.rb:37:in `destroy'
  Rendering text template
  Rendered text template (Duration: 0.1ms | Allocations: 43)
Completed 200 OK in 8ms (Views: 1.2ms | ActiveRecord: 3.0ms | Allocations: 3619)


Started GET "/artworks/" for ::1 at 2021-06-25 16:53:55 -0700
Processing by ArtworksController#index as */*
  Parameters: {"user"=>{"username"=>"testThree"}}
  [1m[36mArtwork Load (0.7ms)[0m  [1m[34mSELECT "artworks".* FROM "artworks"[0m
  ↳ app/controllers/artworks_controller.rb:3:in `index'
Completed 200 OK in 3ms (Views: 2.5ms | ActiveRecord: 0.7ms | Allocations: 1526)


Started GET "/artwork_shares" for ::1 at 2021-06-25 16:58:49 -0700
  
ActionController::RoutingError (No route matches [GET] "/artwork_shares"):
  
Started POST "/artwork_shares?artwork_share[viewer_id]=1&artwork_share[artwork_id]=1" for ::1 at 2021-06-25 16:59:24 -0700
Processing by ArtworkSharesController#create as */*
  Parameters: {"user"=>{"username"=>"testThree"}, "artwork_share"=>{"viewer_id"=>"1", "artwork_id"=>"1"}}
Completed 400 Bad Request in 2ms (ActiveRecord: 0.0ms | Allocations: 1523)


  
ActionController::ParameterMissing (param is missing or the value is empty: artwork
Did you mean?  artwork_share
               action
               controller
               user):
  
app/controllers/artwork_shares_controller.rb:25:in `artwork_share_params'
app/controllers/artwork_shares_controller.rb:4:in `create'
Started POST "/artwork_shares?artwork_share[viewer_id]=1&artwork_share[artwork_id]=1" for ::1 at 2021-06-25 16:59:41 -0700
Processing by ArtworkSharesController#create as */*
  Parameters: {"user"=>{"username"=>"testThree"}, "artwork_share"=>{"viewer_id"=>"1", "artwork_id"=>"1"}}
  [1m[36mTRANSACTION (0.5ms)[0m  [1m[35mBEGIN[0m
  ↳ app/controllers/artwork_shares_controller.rb:5:in `create'
  [1m[36mArtworkShare Exists? (2.1ms)[0m  [1m[34mSELECT 1 AS one FROM "artwork_shares" WHERE "artwork_shares"."artwork_id" = $1 AND "artwork_shares"."viewer_id" = $2 LIMIT $3[0m  [["artwork_id", 1], ["viewer_id", 1], ["LIMIT", 1]]
  ↳ app/controllers/artwork_shares_controller.rb:5:in `create'
  [1m[36mUser Load (0.5ms)[0m  [1m[34mSELECT "users".* FROM "users" WHERE "users"."id" = $1 LIMIT $2[0m  [["id", 1], ["LIMIT", 1]]
  ↳ app/controllers/artwork_shares_controller.rb:5:in `create'
  [1m[36mArtwork Load (0.5ms)[0m  [1m[34mSELECT "artworks".* FROM "artworks" WHERE "artworks"."id" = $1 LIMIT $2[0m  [["id", 1], ["LIMIT", 1]]
  ↳ app/controllers/artwork_shares_controller.rb:5:in `create'
  [1m[36mArtworkShare Create (1.3ms)[0m  [1m[32mINSERT INTO "artwork_shares" ("artwork_id", "viewer_id", "created_at", "updated_at") VALUES ($1, $2, $3, $4) RETURNING "id"[0m  [["artwork_id", 1], ["viewer_id", 1], ["created_at", "2021-06-25 23:59:41.220624"], ["updated_at", "2021-06-25 23:59:41.220624"]]
  ↳ app/controllers/artwork_shares_controller.rb:5:in `create'
  [1m[36mTRANSACTION (0.8ms)[0m  [1m[35mCOMMIT[0m
  ↳ app/controllers/artwork_shares_controller.rb:5:in `create'
Completed 201 Created in 35ms (Views: 0.2ms | ActiveRecord: 14.4ms | Allocations: 19763)


Started DELETE "/artwork_shares/2" for ::1 at 2021-06-25 17:00:04 -0700
Processing by ArtworkSharesController#destroy as */*
  Parameters: {"user"=>{"username"=>"testThree"}, "id"=>"2"}
  [1m[36mArtworkShare Load (0.6ms)[0m  [1m[34mSELECT "artwork_shares".* FROM "artwork_shares" WHERE "artwork_shares"."id" = $1 LIMIT $2[0m  [["id", 2], ["LIMIT", 1]]
  ↳ app/controllers/artwork_shares_controller.rb:14:in `destroy'
  [1m[36mTRANSACTION (0.7ms)[0m  [1m[35mBEGIN[0m
  ↳ app/controllers/artwork_shares_controller.rb:15:in `destroy'
  [1m[36mArtworkShare Destroy (0.5ms)[0m  [1m[31mDELETE FROM "artwork_shares" WHERE "artwork_shares"."id" = $1[0m  [["id", 2]]
  ↳ app/controllers/artwork_shares_controller.rb:15:in `destroy'
  [1m[36mTRANSACTION (1.2ms)[0m  [1m[35mCOMMIT[0m
  ↳ app/controllers/artwork_shares_controller.rb:15:in `destroy'
Completed 200 OK in 7ms (Views: 0.3ms | ActiveRecord: 2.9ms | Allocations: 2933)


Started DELETE "/artwork_shares/2" for ::1 at 2021-06-25 17:00:06 -0700
Processing by ArtworkSharesController#destroy as */*
  Parameters: {"user"=>{"username"=>"testThree"}, "id"=>"2"}
  [1m[36mArtworkShare Load (0.9ms)[0m  [1m[34mSELECT "artwork_shares".* FROM "artwork_shares" WHERE "artwork_shares"."id" = $1 LIMIT $2[0m  [["id", 2], ["LIMIT", 1]]
  ↳ app/controllers/artwork_shares_controller.rb:14:in `destroy'
  Rendering text template
  Rendered text template (Duration: 0.3ms | Allocations: 41)
Completed 200 OK in 4ms (Views: 1.1ms | ActiveRecord: 0.9ms | Allocations: 1563)


Started POST "/artwork_shares?artwork_share[artwork_id]=1&artwork_share[viewer_id]=1" for ::1 at 2021-06-25 17:01:23 -0700
Processing by ArtworkSharesController#create as */*
  Parameters: {"user"=>{"username"=>"testThree"}, "artwork_share"=>{"artwork_id"=>"1", "viewer_id"=>"1"}}
  [1m[36mTRANSACTION (0.9ms)[0m  [1m[35mBEGIN[0m
  ↳ app/controllers/artwork_shares_controller.rb:5:in `create'
  [1m[36mArtworkShare Exists? (1.0ms)[0m  [1m[34mSELECT 1 AS one FROM "artwork_shares" WHERE "artwork_shares"."artwork_id" = $1 AND "artwork_shares"."viewer_id" = $2 LIMIT $3[0m  [["artwork_id", 1], ["viewer_id", 1], ["LIMIT", 1]]
  ↳ app/controllers/artwork_shares_controller.rb:5:in `create'
  [1m[36mUser Load (0.7ms)[0m  [1m[34mSELECT "users".* FROM "users" WHERE "users"."id" = $1 LIMIT $2[0m  [["id", 1], ["LIMIT", 1]]
  ↳ app/controllers/artwork_shares_controller.rb:5:in `create'
  [1m[36mArtwork Load (0.6ms)[0m  [1m[34mSELECT "artworks".* FROM "artworks" WHERE "artworks"."id" = $1 LIMIT $2[0m  [["id", 1], ["LIMIT", 1]]
  ↳ app/controllers/artwork_shares_controller.rb:5:in `create'
  [1m[36mArtworkShare Create (0.5ms)[0m  [1m[32mINSERT INTO "artwork_shares" ("artwork_id", "viewer_id", "created_at", "updated_at") VALUES ($1, $2, $3, $4) RETURNING "id"[0m  [["artwork_id", 1], ["viewer_id", 1], ["created_at", "2021-06-26 00:01:23.740557"], ["updated_at", "2021-06-26 00:01:23.740557"]]
  ↳ app/controllers/artwork_shares_controller.rb:5:in `create'
  [1m[36mTRANSACTION (0.9ms)[0m  [1m[35mCOMMIT[0m
  ↳ app/controllers/artwork_shares_controller.rb:5:in `create'
Completed 201 Created in 12ms (Views: 0.2ms | ActiveRecord: 4.7ms | Allocations: 5797)


Started POST "/artwork_shares?artwork_share[artwork_id]=1&artwork_share[viewer_id]=1" for ::1 at 2021-06-25 17:01:26 -0700
Processing by ArtworkSharesController#create as */*
  Parameters: {"user"=>{"username"=>"testThree"}, "artwork_share"=>{"artwork_id"=>"1", "viewer_id"=>"1"}}
  [1m[36mTRANSACTION (0.9ms)[0m  [1m[35mBEGIN[0m
  ↳ app/controllers/artwork_shares_controller.rb:5:in `create'
  [1m[36mArtworkShare Exists? (0.9ms)[0m  [1m[34mSELECT 1 AS one FROM "artwork_shares" WHERE "artwork_shares"."artwork_id" = $1 AND "artwork_shares"."viewer_id" = $2 LIMIT $3[0m  [["artwork_id", 1], ["viewer_id", 1], ["LIMIT", 1]]
  ↳ app/controllers/artwork_shares_controller.rb:5:in `create'
  [1m[36mUser Load (0.8ms)[0m  [1m[34mSELECT "users".* FROM "users" WHERE "users"."id" = $1 LIMIT $2[0m  [["id", 1], ["LIMIT", 1]]
  ↳ app/controllers/artwork_shares_controller.rb:5:in `create'
  [1m[36mArtwork Load (0.8ms)[0m  [1m[34mSELECT "artworks".* FROM "artworks" WHERE "artworks"."id" = $1 LIMIT $2[0m  [["id", 1], ["LIMIT", 1]]
  ↳ app/controllers/artwork_shares_controller.rb:5:in `create'
  [1m[36mTRANSACTION (0.6ms)[0m  [1m[31mROLLBACK[0m
  ↳ app/controllers/artwork_shares_controller.rb:5:in `create'
Completed 422 Unprocessable Entity in 15ms (Views: 0.1ms | ActiveRecord: 4.2ms | Allocations: 6630)


Started GET "/users/1/artworks" for ::1 at 2021-06-25 17:15:29 -0700
Processing by ArtworksController#index as */*
  Parameters: {"user"=>{"username"=>"testThree"}, "user_id"=>"1"}
  [1m[36mArtwork Load (1.7ms)[0m  [1m[34mSELECT DISTINCT "artworks".* FROM "artworks" LEFT OUTER JOIN "artwork_shares" ON "artwork_shares"."artwork_id" = "artworks"."id" WHERE ((artworks.artist_id = '1') OR (artwork_shares.viewer_id = '1'))[0m
  ↳ app/controllers/artworks_controller.rb:4:in `index'
Completed 200 OK in 22ms (Views: 6.6ms | ActiveRecord: 8.9ms | Allocations: 11727)


Started GET "/users/2/artworks" for ::1 at 2021-06-25 17:15:35 -0700
Processing by ArtworksController#index as */*
  Parameters: {"user"=>{"username"=>"testThree"}, "user_id"=>"2"}
  [1m[36mArtwork Load (0.7ms)[0m  [1m[34mSELECT DISTINCT "artworks".* FROM "artworks" LEFT OUTER JOIN "artwork_shares" ON "artwork_shares"."artwork_id" = "artworks"."id" WHERE ((artworks.artist_id = '2') OR (artwork_shares.viewer_id = '2'))[0m
  ↳ app/controllers/artworks_controller.rb:4:in `index'
Completed 200 OK in 3ms (Views: 1.1ms | ActiveRecord: 0.7ms | Allocations: 1361)


Started GET "/users/3/artworks" for ::1 at 2021-06-25 17:15:39 -0700
Processing by ArtworksController#index as */*
  Parameters: {"user"=>{"username"=>"testThree"}, "user_id"=>"3"}
  [1m[36mArtwork Load (1.1ms)[0m  [1m[34mSELECT DISTINCT "artworks".* FROM "artworks" LEFT OUTER JOIN "artwork_shares" ON "artwork_shares"."artwork_id" = "artworks"."id" WHERE ((artworks.artist_id = '3') OR (artwork_shares.viewer_id = '3'))[0m
  ↳ app/controllers/artworks_controller.rb:4:in `index'
Completed 200 OK in 4ms (Views: 1.3ms | ActiveRecord: 1.1ms | Allocations: 1184)


Started GET "/users/4/artworks" for ::1 at 2021-06-25 17:15:41 -0700
Processing by ArtworksController#index as */*
  Parameters: {"user"=>{"username"=>"testThree"}, "user_id"=>"4"}
  [1m[36mArtwork Load (1.3ms)[0m  [1m[34mSELECT DISTINCT "artworks".* FROM "artworks" LEFT OUTER JOIN "artwork_shares" ON "artwork_shares"."artwork_id" = "artworks"."id" WHERE ((artworks.artist_id = '4') OR (artwork_shares.viewer_id = '4'))[0m
  ↳ app/controllers/artworks_controller.rb:4:in `index'
Completed 200 OK in 5ms (Views: 1.8ms | ActiveRecord: 1.3ms | Allocations: 1184)


Started GET "/users/7/artworks" for ::1 at 2021-06-25 17:15:44 -0700
Processing by ArtworksController#index as */*
  Parameters: {"user"=>{"username"=>"testThree"}, "user_id"=>"7"}
  [1m[36mArtwork Load (0.8ms)[0m  [1m[34mSELECT DISTINCT "artworks".* FROM "artworks" LEFT OUTER JOIN "artwork_shares" ON "artwork_shares"."artwork_id" = "artworks"."id" WHERE ((artworks.artist_id = '7') OR (artwork_shares.viewer_id = '7'))[0m
  ↳ app/controllers/artworks_controller.rb:4:in `index'
Completed 200 OK in 3ms (Views: 1.1ms | ActiveRecord: 0.8ms | Allocations: 1184)


  [1m[35m (0.2ms)[0m  [1m[34mSELECT pg_try_advisory_lock(5974519626909234765)[0m
  [1m[35m (0.4ms)[0m  [1m[34mSELECT "schema_migrations"."version" FROM "schema_migrations" ORDER BY "schema_migrations"."version" ASC[0m
Migrating to CreateComments (20210626002231)
  [1m[36mTRANSACTION (0.1ms)[0m  [1m[35mBEGIN[0m
  [1m[35m (16.3ms)[0m  [1m[35mCREATE TABLE "comments" ("id" bigserial primary key, "body" text NOT NULL, "user_id" integer NOT NULL, "artwork_id" integer NOT NULL, "created_at" timestamp(6) NOT NULL, "updated_at" timestamp(6) NOT NULL)[0m
  [1m[36mTRANSACTION (0.4ms)[0m  [1m[31mROLLBACK[0m
  [1m[35m (0.3ms)[0m  [1m[34mSELECT pg_advisory_unlock(5974519626909234765)[0m
  [1m[35m (0.2ms)[0m  [1m[34mSELECT pg_try_advisory_lock(5974519626909234765)[0m
  [1m[35m (0.4ms)[0m  [1m[34mSELECT "schema_migrations"."version" FROM "schema_migrations" ORDER BY "schema_migrations"."version" ASC[0m
Migrating to CreateComments (20210626002231)
  [1m[36mTRANSACTION (0.1ms)[0m  [1m[35mBEGIN[0m
  [1m[35m (4.7ms)[0m  [1m[35mCREATE TABLE "comments" ("id" bigserial primary key, "body" text NOT NULL, "user_id" integer NOT NULL, "artwork_id" integer NOT NULL, "created_at" timestamp(6) NOT NULL, "updated_at" timestamp(6) NOT NULL)[0m
  [1m[35m (1.5ms)[0m  [1m[35mCREATE INDEX "index_comments_on_user_id" ON "comments" ("user_id")[0m
  [1m[35m (1.5ms)[0m  [1m[35mCREATE INDEX "index_comments_on_artwork_id" ON "comments" ("artwork_id")[0m
  [1m[36mActiveRecord::SchemaMigration Create (0.2ms)[0m  [1m[32mINSERT INTO "schema_migrations" ("version") VALUES ($1) RETURNING "version"[0m  [["version", "20210626002231"]]
  [1m[36mTRANSACTION (0.7ms)[0m  [1m[35mCOMMIT[0m
  [1m[36mActiveRecord::InternalMetadata Load (0.7ms)[0m  [1m[34mSELECT "ar_internal_metadata".* FROM "ar_internal_metadata" WHERE "ar_internal_metadata"."key" = $1 LIMIT $2[0m  [["key", "environment"], ["LIMIT", 1]]
  [1m[35m (0.2ms)[0m  [1m[34mSELECT pg_advisory_unlock(5974519626909234765)[0m
  [1m[35m (0.6ms)[0m  [1m[34mSELECT "schema_migrations"."version" FROM "schema_migrations" ORDER BY "schema_migrations"."version" ASC[0m
  [1m[35m (0.4ms)[0m  [1m[34mSELECT "schema_migrations"."version" FROM "schema_migrations" ORDER BY "schema_migrations"."version" ASC[0m
  [1m[36mTRANSACTION (0.1ms)[0m  [1m[35mBEGIN[0m
  [1m[36mUser Load (0.2ms)[0m  [1m[34mSELECT "users".* FROM "users" WHERE "users"."id" = $1 LIMIT $2[0m  [["id", 1], ["LIMIT", 1]]
  [1m[36mArtwork Load (0.2ms)[0m  [1m[34mSELECT "artworks".* FROM "artworks" WHERE "artworks"."id" = $1 LIMIT $2[0m  [["id", 2], ["LIMIT", 1]]
  [1m[36mComment Create (0.4ms)[0m  [1m[32mINSERT INTO "comments" ("body", "user_id", "artwork_id", "created_at", "updated_at") VALUES ($1, $2, $3, $4, $5) RETURNING "id"[0m  [["body", "What a masterpiece"], ["user_id", 1], ["artwork_id", 2], ["created_at", "2021-06-26 00:26:48.462776"], ["updated_at", "2021-06-26 00:26:48.462776"]]
  [1m[36mTRANSACTION (1.2ms)[0m  [1m[35mCOMMIT[0m
  [1m[36mComment Load (0.5ms)[0m  [1m[34mSELECT "comments".* FROM "comments"[0m
Started GET "/artworks/1/comments" for ::1 at 2021-06-25 17:41:40 -0700
  [1m[35m (0.8ms)[0m  [1m[34mSELECT "schema_migrations"."version" FROM "schema_migrations" ORDER BY "schema_migrations"."version" ASC[0m
Processing by CommentsController#index as */*
  Parameters: {"user"=>{"username"=>"testThree"}, "artwork_id"=>"1"}
  [1m[36mComment Load (0.4ms)[0m  [1m[34mSELECT "comments".* FROM "comments" WHERE "comments"."artwork_id" = $1[0m  [["artwork_id", 1]]
  ↳ app/controllers/comments_controller.rb:12:in `index'
Completed 200 OK in 5ms (Views: 0.8ms | ActiveRecord: 2.6ms | Allocations: 3424)


Started GET "/artworks/2/comments" for ::1 at 2021-06-25 17:41:45 -0700
Processing by CommentsController#index as */*
  Parameters: {"user"=>{"username"=>"testThree"}, "artwork_id"=>"2"}
  [1m[36mComment Load (0.8ms)[0m  [1m[34mSELECT "comments".* FROM "comments" WHERE "comments"."artwork_id" = $1[0m  [["artwork_id", 2]]
  ↳ app/controllers/comments_controller.rb:12:in `index'
Completed 200 OK in 11ms (Views: 6.2ms | ActiveRecord: 4.1ms | Allocations: 3975)


Started POST "/artworks/2/comments?comment[user_id]=3&comment[body]=wow" for ::1 at 2021-06-25 17:43:29 -0700
Processing by CommentsController#create as */*
  Parameters: {"user"=>{"username"=>"testThree"}, "comment"=>{"user_id"=>"3", "body"=>"wow"}, "artwork_id"=>"2"}
Completed 500 Internal Server Error in 8ms (ActiveRecord: 3.2ms | Allocations: 4864)


  
ArgumentError (When assigning attributes, you must pass a hash as an argument, String passed.):
  
app/controllers/comments_controller.rb:16:in `create'
Started POST "/artworks/2/comments?comment[user_id]=3&comment[body]=wow" for ::1 at 2021-06-25 17:43:45 -0700
Processing by CommentsController#create as */*
  Parameters: {"user"=>{"username"=>"testThree"}, "comment"=>{"user_id"=>"3", "body"=>"wow"}, "artwork_id"=>"2"}
  [1m[36mTRANSACTION (0.6ms)[0m  [1m[35mBEGIN[0m
  ↳ app/controllers/comments_controller.rb:17:in `create'
  [1m[36mUser Load (0.9ms)[0m  [1m[34mSELECT "users".* FROM "users" WHERE "users"."id" = $1 LIMIT $2[0m  [["id", 3], ["LIMIT", 1]]
  ↳ app/controllers/comments_controller.rb:17:in `create'
  [1m[36mArtwork Load (0.6ms)[0m  [1m[34mSELECT "artworks".* FROM "artworks" WHERE "artworks"."id" = $1 LIMIT $2[0m  [["id", 2], ["LIMIT", 1]]
  ↳ app/controllers/comments_controller.rb:17:in `create'
  [1m[36mComment Create (0.5ms)[0m  [1m[32mINSERT INTO "comments" ("body", "user_id", "artwork_id", "created_at", "updated_at") VALUES ($1, $2, $3, $4, $5) RETURNING "id"[0m  [["body", "wow"], ["user_id", 3], ["artwork_id", 2], ["created_at", "2021-06-26 00:43:45.595371"], ["updated_at", "2021-06-26 00:43:45.595371"]]
  ↳ app/controllers/comments_controller.rb:17:in `create'
  [1m[36mTRANSACTION (0.9ms)[0m  [1m[35mCOMMIT[0m
  ↳ app/controllers/comments_controller.rb:17:in `create'
Completed 201 Created in 33ms (Views: 0.2ms | ActiveRecord: 13.7ms | Allocations: 20766)


Started POST "/users/3" for ::1 at 2021-06-25 17:43:57 -0700
  
ActionController::RoutingError (No route matches [POST] "/users/3"):
  
Started GET "/users/3" for ::1 at 2021-06-25 17:43:59 -0700
Processing by UsersController#show as */*
  Parameters: {"user"=>{"username"=>"testThree"}, "id"=>"3"}
  [1m[36mUser Load (0.6ms)[0m  [1m[34mSELECT "users".* FROM "users" WHERE "users"."id" = $1 LIMIT $2[0m  [["id", 3], ["LIMIT", 1]]
  ↳ app/controllers/users_controller.rb:16:in `show'
Completed 200 OK in 4ms (Views: 0.7ms | ActiveRecord: 0.6ms | Allocations: 1424)


Started GET "/users/3/cojmments" for ::1 at 2021-06-25 17:44:07 -0700
  
ActionController::RoutingError (No route matches [GET] "/users/3/cojmments"):
  
Started GET "/users/3/comments" for ::1 at 2021-06-25 17:44:12 -0700
Processing by CommentsController#index as */*
  Parameters: {"user"=>{"username"=>"testThree"}, "user_id"=>"3"}
  [1m[36mComment Load (0.9ms)[0m  [1m[34mSELECT "comments".* FROM "comments" WHERE "comments"."user_id" = $1[0m  [["user_id", 3]]
  ↳ app/controllers/comments_controller.rb:12:in `index'
Completed 200 OK in 4ms (Views: 2.9ms | ActiveRecord: 0.9ms | Allocations: 1307)


Started GET "/users/" for ::1 at 2021-06-25 17:48:32 -0700
Processing by UsersController#index as */*
  Parameters: {"query"=>"test"}
  [1m[36mUser Load (0.6ms)[0m  [1m[34mSELECT "users".* FROM "users" WHERE (username LIKE '%test%')[0m
  ↳ app/controllers/users_controller.rb:9:in `index'
Completed 200 OK in 9ms (Views: 3.1ms | ActiveRecord: 3.2ms | Allocations: 6766)


Started GET "/users/" for ::1 at 2021-06-25 17:48:40 -0700
Processing by UsersController#index as */*
  Parameters: {"query"=>"Three"}
  [1m[36mUser Load (1.1ms)[0m  [1m[34mSELECT "users".* FROM "users" WHERE (username LIKE '%Three%')[0m
  ↳ app/controllers/users_controller.rb:9:in `index'
Completed 200 OK in 4ms (Views: 1.6ms | ActiveRecord: 1.1ms | Allocations: 1170)


Started GET "/users/" for ::1 at 2021-06-25 17:48:46 -0700
Processing by UsersController#index as */*
  Parameters: {"query"=>"Threx"}
  [1m[36mUser Load (0.7ms)[0m  [1m[34mSELECT "users".* FROM "users" WHERE (username LIKE '%Threx%')[0m
  ↳ app/controllers/users_controller.rb:9:in `index'
Completed 200 OK in 3ms (Views: 0.9ms | ActiveRecord: 0.7ms | Allocations: 1063)


Started GET "/users/" for ::1 at 2021-06-25 17:48:49 -0700
Processing by UsersController#index as */*
  Parameters: {"query"=>"Thre"}
  [1m[36mUser Load (0.7ms)[0m  [1m[34mSELECT "users".* FROM "users" WHERE (username LIKE '%Thre%')[0m
  ↳ app/controllers/users_controller.rb:9:in `index'
Completed 200 OK in 4ms (Views: 1.5ms | ActiveRecord: 0.7ms | Allocations: 1144)


Started GET "/users/" for ::1 at 2021-06-25 17:48:58 -0700
Processing by UsersController#index as */*
  Parameters: {"query"=>"three"}
  [1m[36mUser Load (0.5ms)[0m  [1m[34mSELECT "users".* FROM "users" WHERE (username LIKE '%three%')[0m
  ↳ app/controllers/users_controller.rb:9:in `index'
Completed 200 OK in 2ms (Views: 0.7ms | ActiveRecord: 0.5ms | Allocations: 1066)


Started GET "/users/" for ::1 at 2021-06-25 17:49:05 -0700
Processing by UsersController#index as */*
  Parameters: {"query"=>"Three"}
  [1m[36mUser Load (0.9ms)[0m  [1m[34mSELECT "users".* FROM "users" WHERE (username LIKE '%Three%')[0m
  ↳ app/controllers/users_controller.rb:9:in `index'
Completed 200 OK in 3ms (Views: 1.2ms | ActiveRecord: 0.9ms | Allocations: 1144)


