  [1m[35m (338.7ms)[0m  [1m[35mCREATE DATABASE "URLShortener_development" ENCODING = 'unicode'[0m
  [1m[35m (229.4ms)[0m  [1m[35mCREATE DATABASE "URLShortener_test" ENCODING = 'unicode'[0m
  [1m[35m (6.4ms)[0m  [1m[35mCREATE TABLE "schema_migrations" ("version" character varying NOT NULL PRIMARY KEY)[0m
  [1m[35m (3.9ms)[0m  [1m[35mCREATE TABLE "ar_internal_metadata" ("key" character varying NOT NULL PRIMARY KEY, "value" character varying, "created_at" timestamp(6) NOT NULL, "updated_at" timestamp(6) NOT NULL)[0m
  [1m[35m (0.7ms)[0m  [1m[34mSELECT pg_try_advisory_lock(4762635147840476445)[0m
  [1m[35m (0.4ms)[0m  [1m[34mSELECT "schema_migrations"."version" FROM "schema_migrations" ORDER BY "schema_migrations"."version" ASC[0m
Migrating to CreateUsers (20210610214730)
  [1m[36mTRANSACTION (0.1ms)[0m  [1m[35mBEGIN[0m
  [1m[35m (4.6ms)[0m  [1m[35mCREATE TABLE "users" ("id" bigserial primary key, "email" character varying NOT NULL, "created_at" timestamp(6) NOT NULL, "updated_at" timestamp(6) NOT NULL)[0m
  [1m[35m (1.4ms)[0m  [1m[35mCREATE UNIQUE INDEX "index_users_on_email" ON "users" ("email")[0m
  [1m[36mActiveRecord::SchemaMigration Create (0.2ms)[0m  [1m[32mINSERT INTO "schema_migrations" ("version") VALUES ($1) RETURNING "version"[0m  [["version", "20210610214730"]]
  [1m[36mTRANSACTION (0.8ms)[0m  [1m[35mCOMMIT[0m
  [1m[36mActiveRecord::InternalMetadata Load (0.1ms)[0m  [1m[34mSELECT "ar_internal_metadata".* FROM "ar_internal_metadata" WHERE "ar_internal_metadata"."key" = $1 LIMIT $2[0m  [["key", "environment"], ["LIMIT", 1]]
  [1m[36mTRANSACTION (0.0ms)[0m  [1m[35mBEGIN[0m
  [1m[36mActiveRecord::InternalMetadata Create (0.2ms)[0m  [1m[32mINSERT INTO "ar_internal_metadata" ("key", "value", "created_at", "updated_at") VALUES ($1, $2, $3, $4) RETURNING "key"[0m  [["key", "environment"], ["value", "development"], ["created_at", "2021-06-10 21:53:47.148588"], ["updated_at", "2021-06-10 21:53:47.148588"]]
  [1m[36mTRANSACTION (0.5ms)[0m  [1m[35mCOMMIT[0m
  [1m[35m (0.3ms)[0m  [1m[34mSELECT pg_advisory_unlock(4762635147840476445)[0m
  [1m[35m (0.4ms)[0m  [1m[34mSELECT "schema_migrations"."version" FROM "schema_migrations" ORDER BY "schema_migrations"."version" ASC[0m
  [1m[36mTRANSACTION (0.0ms)[0m  [1m[35mBEGIN[0m
  [1m[36mUser Exists? (0.2ms)[0m  [1m[34mSELECT 1 AS one FROM "users" WHERE "users"."email" IS NULL LIMIT $1[0m  [["LIMIT", 1]]
  [1m[36mTRANSACTION (0.0ms)[0m  [1m[31mROLLBACK[0m
  [1m[36mUser Load (0.4ms)[0m  [1m[34mSELECT "users".* FROM "users"[0m
  [1m[36mTRANSACTION (0.3ms)[0m  [1m[35mBEGIN[0m
  [1m[36mUser Exists? (0.6ms)[0m  [1m[34mSELECT 1 AS one FROM "users" WHERE "users"."email" = $1 LIMIT $2[0m  [["email", "test@gmail.com"], ["LIMIT", 1]]
  [1m[36mUser Create (0.5ms)[0m  [1m[32mINSERT INTO "users" ("email", "created_at", "updated_at") VALUES ($1, $2, $3) RETURNING "id"[0m  [["email", "test@gmail.com"], ["created_at", "2021-06-10 23:22:59.159832"], ["updated_at", "2021-06-10 23:22:59.159832"]]
  [1m[36mTRANSACTION (1.2ms)[0m  [1m[35mCOMMIT[0m
  [1m[36mUser Load (0.4ms)[0m  [1m[34mSELECT "users".* FROM "users"[0m
  [1m[36mUser Load (0.3ms)[0m  [1m[34mSELECT "users".* FROM "users" ORDER BY "users"."id" ASC LIMIT $1[0m  [["LIMIT", 1]]
  [1m[35m (0.2ms)[0m  [1m[34mSELECT pg_try_advisory_lock(4762635147840476445)[0m
  [1m[35m (0.4ms)[0m  [1m[34mSELECT "schema_migrations"."version" FROM "schema_migrations" ORDER BY "schema_migrations"."version" ASC[0m
Migrating to CreateShortenedUrls (20210610232748)
  [1m[36mTRANSACTION (0.1ms)[0m  [1m[35mBEGIN[0m
  [1m[35m (4.8ms)[0m  [1m[35mCREATE TABLE "shortened_urls" ("id" bigserial primary key, "short_url" character varying NOT NULL, "long_url" character varying NOT NULL, "user_id" integer NOT NULL, "created_at" timestamp(6) NOT NULL, "updated_at" timestamp(6) NOT NULL)[0m
  [1m[36mTRANSACTION (0.3ms)[0m  [1m[31mROLLBACK[0m
  [1m[35m (0.2ms)[0m  [1m[34mSELECT pg_advisory_unlock(4762635147840476445)[0m
  [1m[35m (0.2ms)[0m  [1m[34mSELECT pg_try_advisory_lock(4762635147840476445)[0m
  [1m[35m (0.5ms)[0m  [1m[34mSELECT "schema_migrations"."version" FROM "schema_migrations" ORDER BY "schema_migrations"."version" ASC[0m
Migrating to CreateShortenedUrls (20210610232748)
  [1m[36mTRANSACTION (0.1ms)[0m  [1m[35mBEGIN[0m
  [1m[35m (4.7ms)[0m  [1m[35mCREATE TABLE "shortened_urls" ("id" bigserial primary key, "short_url" character varying NOT NULL, "long_url" character varying NOT NULL, "user_id" integer NOT NULL, "created_at" timestamp(6) NOT NULL, "updated_at" timestamp(6) NOT NULL)[0m
  [1m[35m (1.5ms)[0m  [1m[35mCREATE UNIQUE INDEX "index_shortened_urls_on_short_url" ON "shortened_urls" ("short_url")[0m
  [1m[35m (1.5ms)[0m  [1m[35mCREATE INDEX "index_shortened_urls_on_user_id" ON "shortened_urls" ("user_id")[0m
  [1m[36mActiveRecord::SchemaMigration Create (0.1ms)[0m  [1m[32mINSERT INTO "schema_migrations" ("version") VALUES ($1) RETURNING "version"[0m  [["version", "20210610232748"]]
  [1m[36mTRANSACTION (1.0ms)[0m  [1m[35mCOMMIT[0m
  [1m[36mActiveRecord::InternalMetadata Load (0.2ms)[0m  [1m[34mSELECT "ar_internal_metadata".* FROM "ar_internal_metadata" WHERE "ar_internal_metadata"."key" = $1 LIMIT $2[0m  [["key", "environment"], ["LIMIT", 1]]
  [1m[35m (0.3ms)[0m  [1m[34mSELECT pg_advisory_unlock(4762635147840476445)[0m
  [1m[35m (0.5ms)[0m  [1m[34mSELECT "schema_migrations"."version" FROM "schema_migrations" ORDER BY "schema_migrations"."version" ASC[0m
  [1m[36mTRANSACTION (0.0ms)[0m  [1m[35mBEGIN[0m
  [1m[36mShortenedUrl Exists? (0.2ms)[0m  [1m[34mSELECT 1 AS one FROM "shortened_urls" WHERE "shortened_urls"."short_url" IS NULL LIMIT $1[0m  [["LIMIT", 1]]
  [1m[36mTRANSACTION (0.0ms)[0m  [1m[31mROLLBACK[0m
  [1m[36mTRANSACTION (0.4ms)[0m  [1m[35mBEGIN[0m
  [1m[36mShortenedUrl Exists? (0.7ms)[0m  [1m[34mSELECT 1 AS one FROM "shortened_urls" WHERE "shortened_urls"."short_url" = $1 LIMIT $2[0m  [["short_url", "test"], ["LIMIT", 1]]
  [1m[36mShortenedUrl Create (0.5ms)[0m  [1m[32mINSERT INTO "shortened_urls" ("short_url", "long_url", "user_id", "created_at", "updated_at") VALUES ($1, $2, $3, $4, $5) RETURNING "id"[0m  [["short_url", "test"], ["long_url", "testtest"], ["user_id", 1], ["created_at", "2021-06-10 23:40:47.561116"], ["updated_at", "2021-06-10 23:40:47.561116"]]
  [1m[36mTRANSACTION (1.0ms)[0m  [1m[35mCOMMIT[0m
  [1m[36mShortenedUrl Load (0.4ms)[0m  [1m[34mSELECT "shortened_urls".* FROM "shortened_urls"[0m
  [1m[35m (0.4ms)[0m  [1m[34mSELECT "schema_migrations"."version" FROM "schema_migrations" ORDER BY "schema_migrations"."version" ASC[0m
  [1m[35m (0.1ms)[0m  [1m[34mSELECT pg_try_advisory_lock(4762635147840476445)[0m
  [1m[35m (0.5ms)[0m  [1m[34mSELECT "schema_migrations"."version" FROM "schema_migrations" ORDER BY "schema_migrations"."version" ASC[0m
Migrating to CreateVisits (20210610235019)
  [1m[36mTRANSACTION (0.1ms)[0m  [1m[35mBEGIN[0m
  [1m[35m (3.3ms)[0m  [1m[35mCREATE TABLE "visits" ("id" bigserial primary key, "user_id" integer NOT NULL, "shortened_url_id" integer NOT NULL, "created_at" timestamp(6) NOT NULL, "updated_at" timestamp(6) NOT NULL)[0m
  [1m[35m (1.5ms)[0m  [1m[35mCREATE INDEX "index_visits_on_shortened_url_id" ON "visits" ("shortened_url_id")[0m
  [1m[36mTRANSACTION (0.3ms)[0m  [1m[31mROLLBACK[0m
  [1m[35m (0.1ms)[0m  [1m[34mSELECT pg_advisory_unlock(4762635147840476445)[0m
  [1m[35m (0.1ms)[0m  [1m[34mSELECT pg_try_advisory_lock(4762635147840476445)[0m
  [1m[35m (0.4ms)[0m  [1m[34mSELECT "schema_migrations"."version" FROM "schema_migrations" ORDER BY "schema_migrations"."version" ASC[0m
Migrating to CreateVisits (20210610235019)
  [1m[36mTRANSACTION (0.1ms)[0m  [1m[35mBEGIN[0m
  [1m[35m (3.0ms)[0m  [1m[35mCREATE TABLE "visits" ("id" bigserial primary key, "user_id" integer NOT NULL, "shortened_url_id" integer NOT NULL, "created_at" timestamp(6) NOT NULL, "updated_at" timestamp(6) NOT NULL)[0m
  [1m[35m (1.6ms)[0m  [1m[35mCREATE INDEX "index_visits_on_shortened_url_id" ON "visits" ("shortened_url_id")[0m
  [1m[35m (1.4ms)[0m  [1m[35mCREATE INDEX "index_visits_on_user_id" ON "visits" ("user_id")[0m
  [1m[36mActiveRecord::SchemaMigration Create (0.1ms)[0m  [1m[32mINSERT INTO "schema_migrations" ("version") VALUES ($1) RETURNING "version"[0m  [["version", "20210610235019"]]
  [1m[36mTRANSACTION (0.8ms)[0m  [1m[35mCOMMIT[0m
  [1m[36mActiveRecord::InternalMetadata Load (0.1ms)[0m  [1m[34mSELECT "ar_internal_metadata".* FROM "ar_internal_metadata" WHERE "ar_internal_metadata"."key" = $1 LIMIT $2[0m  [["key", "environment"], ["LIMIT", 1]]
  [1m[35m (0.2ms)[0m  [1m[34mSELECT pg_advisory_unlock(4762635147840476445)[0m
  [1m[35m (0.4ms)[0m  [1m[34mSELECT "schema_migrations"."version" FROM "schema_migrations" ORDER BY "schema_migrations"."version" ASC[0m
  [1m[35m (0.3ms)[0m  [1m[34mSELECT "schema_migrations"."version" FROM "schema_migrations" ORDER BY "schema_migrations"."version" ASC[0m
  [1m[36mUser Load (0.3ms)[0m  [1m[34mSELECT "users".* FROM "users" ORDER BY "users"."id" ASC LIMIT $1[0m  [["LIMIT", 1]]
  [1m[36mUser Load (0.6ms)[0m  [1m[34mSELECT "users".* FROM "users" ORDER BY "users"."id" ASC LIMIT $1[0m  [["LIMIT", 1]]
  [1m[36mVisit Load (0.3ms)[0m  [1m[34mSELECT "visits".* FROM "visits" WHERE "visits"."user_id" = $1[0m  [["user_id", 1]]
  [1m[36mUser Load (0.4ms)[0m  [1m[34mSELECT "users".* FROM "users" ORDER BY "users"."id" ASC LIMIT $1[0m  [["LIMIT", 1]]
  [1m[36mUser Load (0.4ms)[0m  [1m[34mSELECT "users".* FROM "users" ORDER BY "users"."id" ASC LIMIT $1[0m  [["LIMIT", 1]]
  [1m[36mUser Load (0.4ms)[0m  [1m[34mSELECT "users".* FROM "users" ORDER BY "users"."id" ASC LIMIT $1[0m  [["LIMIT", 1]]
  [1m[36mShortenedUrl Load (0.3ms)[0m  [1m[34mSELECT "shortened_urls".* FROM "shortened_urls" WHERE "shortened_urls"."user_id" = $1[0m  [["user_id", 1]]
  [1m[36mUser Load (0.5ms)[0m  [1m[34mSELECT "users".* FROM "users" ORDER BY "users"."id" ASC LIMIT $1[0m  [["LIMIT", 1]]
  [1m[36mShortenedUrl Load (0.3ms)[0m  [1m[34mSELECT "shortened_urls".* FROM "shortened_urls" WHERE "shortened_urls"."user_id" = $1 ORDER BY "shortened_urls"."id" ASC LIMIT $2[0m  [["user_id", 1], ["LIMIT", 1]]
  [1m[36mVisit Load (0.2ms)[0m  [1m[34mSELECT "visits".* FROM "visits" WHERE "visits"."shortened_url_id" = $1[0m  [["shortened_url_id", 1]]
  [1m[36mUser Load (0.4ms)[0m  [1m[34mSELECT "users".* FROM "users" ORDER BY "users"."id" ASC LIMIT $1[0m  [["LIMIT", 1]]
  [1m[36mShortenedUrl Load (0.3ms)[0m  [1m[34mSELECT "shortened_urls".* FROM "shortened_urls" WHERE "shortened_urls"."user_id" = $1 ORDER BY "shortened_urls"."id" ASC LIMIT $2[0m  [["user_id", 1], ["LIMIT", 1]]
  [1m[36mTRANSACTION (0.3ms)[0m  [1m[35mBEGIN[0m
  [1m[36mUser Load (0.3ms)[0m  [1m[34mSELECT "users".* FROM "users" WHERE "users"."id" = $1 LIMIT $2[0m  [["id", 1], ["LIMIT", 1]]
  [1m[36mShortenedUrl Load (0.2ms)[0m  [1m[34mSELECT "shortened_urls".* FROM "shortened_urls" WHERE "shortened_urls"."id" = $1 LIMIT $2[0m  [["id", 1], ["LIMIT", 1]]
  [1m[36mVisit Create (0.6ms)[0m  [1m[32mINSERT INTO "visits" ("user_id", "shortened_url_id", "created_at", "updated_at") VALUES ($1, $2, $3, $4) RETURNING "id"[0m  [["user_id", 1], ["shortened_url_id", 1], ["created_at", "2021-06-11 00:34:36.163265"], ["updated_at", "2021-06-11 00:34:36.163265"]]
  [1m[36mTRANSACTION (2.6ms)[0m  [1m[35mCOMMIT[0m
  [1m[36mShortenedUrl Load (0.3ms)[0m  [1m[34mSELECT "shortened_urls".* FROM "shortened_urls" ORDER BY "shortened_urls"."id" ASC LIMIT $1[0m  [["LIMIT", 1]]
  [1m[36mVisit Load (0.3ms)[0m  [1m[34mSELECT "visits".* FROM "visits" WHERE "visits"."shortened_url_id" = $1[0m  [["shortened_url_id", 1]]
  [1m[36mShortenedUrl Load (0.4ms)[0m  [1m[34mSELECT "shortened_urls".* FROM "shortened_urls" ORDER BY "shortened_urls"."id" ASC LIMIT $1[0m  [["LIMIT", 1]]
  [1m[36mShortenedUrl Load (0.1ms)[0m  [1m[34mSELECT "shortened_urls".* FROM "shortened_urls" ORDER BY "shortened_urls"."id" ASC LIMIT $1[0m  [["LIMIT", 1]]
  [1m[36mUser Load (0.2ms)[0m  [1m[34mSELECT "users".* FROM "users" INNER JOIN "visits" ON "users"."id" = "visits"."user_id" WHERE "visits"."shortened_url_id" = $1[0m  [["shortened_url_id", 1]]
  [1m[36mTRANSACTION (0.3ms)[0m  [1m[35mBEGIN[0m
  [1m[36mUser Exists? (0.3ms)[0m  [1m[34mSELECT 1 AS one FROM "users" WHERE "users"."email" IS NULL LIMIT $1[0m  [["LIMIT", 1]]
  [1m[36mTRANSACTION (0.2ms)[0m  [1m[31mROLLBACK[0m
  [1m[36mTRANSACTION (0.1ms)[0m  [1m[35mBEGIN[0m
  [1m[36mUser Exists? (0.5ms)[0m  [1m[34mSELECT 1 AS one FROM "users" WHERE "users"."email" = $1 LIMIT $2[0m  [["email", "test@aol.com"], ["LIMIT", 1]]
  [1m[36mUser Create (0.3ms)[0m  [1m[32mINSERT INTO "users" ("email", "created_at", "updated_at") VALUES ($1, $2, $3) RETURNING "id"[0m  [["email", "test@aol.com"], ["created_at", "2021-06-11 00:36:52.793147"], ["updated_at", "2021-06-11 00:36:52.793147"]]
  [1m[36mTRANSACTION (1.0ms)[0m  [1m[35mCOMMIT[0m
  [1m[36mTRANSACTION (0.3ms)[0m  [1m[35mBEGIN[0m
  [1m[36mUser Load (0.3ms)[0m  [1m[34mSELECT "users".* FROM "users" WHERE "users"."id" = $1 LIMIT $2[0m  [["id", 2], ["LIMIT", 1]]
  [1m[36mShortenedUrl Load (0.2ms)[0m  [1m[34mSELECT "shortened_urls".* FROM "shortened_urls" WHERE "shortened_urls"."id" = $1 LIMIT $2[0m  [["id", 1], ["LIMIT", 1]]
  [1m[36mVisit Create (0.3ms)[0m  [1m[32mINSERT INTO "visits" ("user_id", "shortened_url_id", "created_at", "updated_at") VALUES ($1, $2, $3, $4) RETURNING "id"[0m  [["user_id", 2], ["shortened_url_id", 1], ["created_at", "2021-06-11 00:37:17.030467"], ["updated_at", "2021-06-11 00:37:17.030467"]]
  [1m[36mTRANSACTION (0.9ms)[0m  [1m[35mCOMMIT[0m
  [1m[36mUser Load (0.3ms)[0m  [1m[34mSELECT "users".* FROM "users" ORDER BY "users"."id" ASC LIMIT $1[0m  [["LIMIT", 1]]
  [1m[36mShortenedUrl Load (0.2ms)[0m  [1m[34mSELECT "shortened_urls".* FROM "shortened_urls" WHERE "shortened_urls"."user_id" = $1 ORDER BY "shortened_urls"."id" ASC LIMIT $2[0m  [["user_id", 1], ["LIMIT", 1]]
  [1m[36mVisit Load (0.1ms)[0m  [1m[34mSELECT "visits".* FROM "visits" WHERE "visits"."shortened_url_id" = $1[0m  [["shortened_url_id", 1]]
  [1m[36mUser Load (0.3ms)[0m  [1m[34mSELECT "users".* FROM "users" ORDER BY "users"."id" ASC LIMIT $1 OFFSET $2[0m  [["LIMIT", 1], ["OFFSET", 1]]
  [1m[36mShortenedUrl Load (0.4ms)[0m  [1m[34mSELECT "shortened_urls".* FROM "shortened_urls" INNER JOIN "visits" ON "shortened_urls"."id" = "visits"."shortened_url_id" WHERE "visits"."user_id" = $1[0m  [["user_id", 2]]
  [1m[36mUser Load (0.2ms)[0m  [1m[34mSELECT "users".* FROM "users" ORDER BY "users"."id" ASC LIMIT $1 OFFSET $2[0m  [["LIMIT", 1], ["OFFSET", 1]]
  [1m[36mShortenedUrl Load (0.2ms)[0m  [1m[34mSELECT "shortened_urls".* FROM "shortened_urls" INNER JOIN "visits" ON "shortened_urls"."id" = "visits"."shortened_url_id" WHERE "visits"."user_id" = $1 ORDER BY "shortened_urls"."id" ASC LIMIT $2[0m  [["user_id", 2], ["LIMIT", 1]]
  [1m[36mVisit Load (0.3ms)[0m  [1m[34mSELECT DISTINCT "visits"."user_id" FROM "visits" WHERE "visits"."shortened_url_id" = $1 AND (created_at > '2021-06-11 02:04:50.166696')[0m  [["shortened_url_id", 1]]
  [1m[36mUser Load (0.4ms)[0m  [1m[34mSELECT "users".* FROM "users" ORDER BY "users"."id" ASC LIMIT $1 OFFSET $2[0m  [["LIMIT", 1], ["OFFSET", 1]]
  [1m[36mShortenedUrl Load (0.3ms)[0m  [1m[34mSELECT "shortened_urls".* FROM "shortened_urls" INNER JOIN "visits" ON "shortened_urls"."id" = "visits"."shortened_url_id" WHERE "visits"."user_id" = $1 ORDER BY "shortened_urls"."id" ASC LIMIT $2[0m  [["user_id", 2], ["LIMIT", 1]]
  [1m[35m (0.2ms)[0m  [1m[34mSELECT COUNT(DISTINCT "visits"."user_id") FROM "visits" WHERE "visits"."shortened_url_id" = $1[0m  [["shortened_url_id", 1]]
  [1m[36mUser Load (0.3ms)[0m  [1m[34mSELECT "users".* FROM "users" ORDER BY "users"."id" ASC LIMIT $1[0m  [["LIMIT", 1]]
  [1m[36mUser Load (0.4ms)[0m  [1m[34mSELECT "users".* FROM "users" ORDER BY "users"."id" ASC LIMIT $1[0m  [["LIMIT", 1]]
  [1m[36mUser Load (0.4ms)[0m  [1m[34mSELECT "users".* FROM "users" ORDER BY "users"."id" ASC LIMIT $1[0m  [["LIMIT", 1]]
  [1m[36mShortenedUrl Load (0.2ms)[0m  [1m[34mSELECT "shortened_urls".* FROM "shortened_urls" ORDER BY "shortened_urls"."id" ASC LIMIT $1[0m  [["LIMIT", 1]]
  [1m[36mTRANSACTION (0.1ms)[0m  [1m[35mBEGIN[0m
  [1m[36mUser Load (0.1ms)[0m  [1m[34mSELECT "users".* FROM "users" WHERE "users"."id" = $1 LIMIT $2[0m  [["id", 1], ["LIMIT", 1]]
  [1m[36mShortenedUrl Load (0.1ms)[0m  [1m[34mSELECT "shortened_urls".* FROM "shortened_urls" WHERE "shortened_urls"."id" = $1 LIMIT $2[0m  [["id", 1], ["LIMIT", 1]]
  [1m[36mVisit Create (0.1ms)[0m  [1m[32mINSERT INTO "visits" ("user_id", "shortened_url_id", "created_at", "updated_at") VALUES ($1, $2, $3, $4) RETURNING "id"[0m  [["user_id", 1], ["shortened_url_id", 1], ["created_at", "2021-06-11 03:05:15.293670"], ["updated_at", "2021-06-11 03:05:15.293670"]]
  [1m[36mTRANSACTION (0.5ms)[0m  [1m[35mCOMMIT[0m
  [1m[36mShortenedUrl Load (0.3ms)[0m  [1m[34mSELECT "shortened_urls".* FROM "shortened_urls" ORDER BY "shortened_urls"."id" ASC LIMIT $1[0m  [["LIMIT", 1]]
  [1m[36mVisit Load (0.2ms)[0m  [1m[34mSELECT "visits".* FROM "visits" WHERE "visits"."shortened_url_id" = $1[0m  [["shortened_url_id", 1]]
  [1m[36mShortenedUrl Load (0.5ms)[0m  [1m[34mSELECT "shortened_urls".* FROM "shortened_urls" ORDER BY "shortened_urls"."id" ASC LIMIT $1[0m  [["LIMIT", 1]]
  [1m[36mShortenedUrl Load (0.4ms)[0m  [1m[34mSELECT "shortened_urls".* FROM "shortened_urls" ORDER BY "shortened_urls"."id" ASC LIMIT $1[0m  [["LIMIT", 1]]
  [1m[35m (0.5ms)[0m  [1m[34mSELECT COUNT(*) FROM "visits" WHERE "visits"."shortened_url_id" = $1[0m  [["shortened_url_id", 1]]
  [1m[36mShortenedUrl Load (0.4ms)[0m  [1m[34mSELECT "shortened_urls".* FROM "shortened_urls" ORDER BY "shortened_urls"."id" ASC LIMIT $1[0m  [["LIMIT", 1]]
  [1m[35m (0.3ms)[0m  [1m[34mSELECT COUNT(DISTINCT "visits"."user_id") FROM "visits" WHERE "visits"."shortened_url_id" = $1[0m  [["shortened_url_id", 1]]
  [1m[36mShortenedUrl Load (0.4ms)[0m  [1m[34mSELECT "shortened_urls".* FROM "shortened_urls" ORDER BY "shortened_urls"."id" ASC LIMIT $1[0m  [["LIMIT", 1]]
  [1m[36mVisit Load (0.5ms)[0m  [1m[34mSELECT DISTINCT "visits"."user_id" FROM "visits" WHERE "visits"."shortened_url_id" = $1 AND (created_at > '2021-06-11 02:56:13.426883')[0m  [["shortened_url_id", 1]]
  [1m[36mShortenedUrl Load (0.2ms)[0m  [1m[34mSELECT "shortened_urls".* FROM "shortened_urls" ORDER BY "shortened_urls"."id" ASC LIMIT $1[0m  [["LIMIT", 1]]
  [1m[35m (0.1ms)[0m  [1m[34mSELECT COUNT(DISTINCT "visits"."user_id") FROM "visits" WHERE "visits"."shortened_url_id" = $1 AND (created_at > '2021-06-11 02:56:32.333806')[0m  [["shortened_url_id", 1]]
  [1m[36mShortenedUrl Exists? (1.7ms)[0m  [1m[34mSELECT 1 AS one FROM "shortened_urls" WHERE "shortened_urls"."short_url" = $1 LIMIT $2[0m  [["short_url", "Lrv7JEB1"], ["LIMIT", 1]]
  [1m[36mShortenedUrl Exists? (0.5ms)[0m  [1m[34mSELECT 1 AS one FROM "shortened_urls" WHERE "shortened_urls"."short_url" = $1 LIMIT $2[0m  [["short_url", "jmbxLXE8"], ["LIMIT", 1]]
  [1m[36mShortenedUrl Exists? (0.5ms)[0m  [1m[34mSELECT 1 AS one FROM "shortened_urls" WHERE "shortened_urls"."short_url" = $1 LIMIT $2[0m  [["short_url", "_Ou7inoc"], ["LIMIT", 1]]
  [1m[36mShortenedUrl Exists? (0.4ms)[0m  [1m[34mSELECT 1 AS one FROM "shortened_urls" WHERE "shortened_urls"."short_url" = $1 LIMIT $2[0m  [["short_url", "mAlCxstF"], ["LIMIT", 1]]
  [1m[36mShortenedUrl Exists? (0.4ms)[0m  [1m[34mSELECT 1 AS one FROM "shortened_urls" WHERE "shortened_urls"."short_url" = $1 LIMIT $2[0m  [["short_url", "w-6FktOP"], ["LIMIT", 1]]
  [1m[36mShortenedUrl Exists? (0.3ms)[0m  [1m[34mSELECT 1 AS one FROM "shortened_urls" WHERE "shortened_urls"."short_url" = $1 LIMIT $2[0m  [["short_url", "I1O47ZzC"], ["LIMIT", 1]]
  [1m[36mShortenedUrl Exists? (0.4ms)[0m  [1m[34mSELECT 1 AS one FROM "shortened_urls" WHERE "shortened_urls"."short_url" = $1 LIMIT $2[0m  [["short_url", "15lijudW"], ["LIMIT", 1]]
  [1m[36mShortenedUrl Exists? (0.4ms)[0m  [1m[34mSELECT 1 AS one FROM "shortened_urls" WHERE "shortened_urls"."short_url" = $1 LIMIT $2[0m  [["short_url", "rg3xmWIg"], ["LIMIT", 1]]
  [1m[36mShortenedUrl Exists? (0.5ms)[0m  [1m[34mSELECT 1 AS one FROM "shortened_urls" WHERE "shortened_urls"."short_url" = $1 LIMIT $2[0m  [["short_url", "6Y4mySbV"], ["LIMIT", 1]]
  [1m[36mShortenedUrl Exists? (0.4ms)[0m  [1m[34mSELECT 1 AS one FROM "shortened_urls" WHERE "shortened_urls"."short_url" = $1 LIMIT $2[0m  [["short_url", "6Y4mySbv"], ["LIMIT", 1]]
  [1m[36mShortenedUrl Exists? (0.4ms)[0m  [1m[34mSELECT 1 AS one FROM "shortened_urls" WHERE "shortened_urls"."short_url" = $1 LIMIT $2[0m  [["short_url", "6Y4mySbV"], ["LIMIT", 1]]
  [1m[36mShortenedUrl Exists? (0.5ms)[0m  [1m[34mSELECT 1 AS one FROM "shortened_urls" WHERE "shortened_urls"."short_url" = $1 LIMIT $2[0m  [["short_url", "6Y4mySbg"], ["LIMIT", 1]]
  [1m[36mUser Load (1.2ms)[0m  [1m[34mSELECT "users".* FROM "users" ORDER BY "users"."id" ASC LIMIT $1[0m  [["LIMIT", 1]]
  [1m[36mShortenedUrl Exists? (0.2ms)[0m  [1m[34mSELECT 1 AS one FROM "shortened_urls" WHERE "shortened_urls"."short_url" = $1 LIMIT $2[0m  [["short_url", "Ln6Hd6bZ"], ["LIMIT", 1]]
  [1m[36mTRANSACTION (0.1ms)[0m  [1m[35mBEGIN[0m
  [1m[36mUser Load (0.2ms)[0m  [1m[34mSELECT "users".* FROM "users" WHERE "users"."id" = $1 LIMIT $2[0m  [["id", 1], ["LIMIT", 1]]
  [1m[36mShortenedUrl Exists? (0.2ms)[0m  [1m[34mSELECT 1 AS one FROM "shortened_urls" WHERE "shortened_urls"."short_url" = $1 LIMIT $2[0m  [["short_url", "Ln6Hd6bZ"], ["LIMIT", 1]]
  [1m[36mShortenedUrl Create (1.6ms)[0m  [1m[32mINSERT INTO "shortened_urls" ("short_url", "long_url", "user_id", "created_at", "updated_at") VALUES ($1, $2, $3, $4, $5) RETURNING "id"[0m  [["short_url", "Ln6Hd6bZ"], ["long_url", "http://yahoo.com"], ["user_id", 1], ["created_at", "2021-06-13 21:18:44.645847"], ["updated_at", "2021-06-13 21:18:44.645847"]]
  [1m[36mTRANSACTION (0.7ms)[0m  [1m[35mCOMMIT[0m
  [1m[36mShortenedUrl Exists? (0.5ms)[0m  [1m[34mSELECT 1 AS one FROM "shortened_urls" WHERE "shortened_urls"."short_url" = $1 LIMIT $2[0m  [["short_url", "Ln6Hd6bZ"], ["LIMIT", 1]]
  [1m[36mShortenedUrl Load (0.2ms)[0m  [1m[34mSELECT "shortened_urls".* FROM "shortened_urls" ORDER BY "shortened_urls"."id" DESC LIMIT $1[0m  [["LIMIT", 1]]
  [1m[36mUser Load (0.1ms)[0m  [1m[34mSELECT "users".* FROM "users" WHERE "users"."id" = $1 LIMIT $2[0m  [["id", 1], ["LIMIT", 1]]
  [1m[36mShortenedUrl Load (0.4ms)[0m  [1m[34mSELECT "shortened_urls".* FROM "shortened_urls" ORDER BY "shortened_urls"."id" DESC LIMIT $1[0m  [["LIMIT", 1]]
  [1m[36mUser Load (0.2ms)[0m  [1m[34mSELECT "users".* FROM "users" WHERE "users"."id" = $1 LIMIT $2[0m  [["id", 1], ["LIMIT", 1]]
  [1m[36mShortenedUrl Load (0.2ms)[0m  [1m[34mSELECT "shortened_urls".* FROM "shortened_urls" ORDER BY "shortened_urls"."id" DESC LIMIT $1[0m  [["LIMIT", 1]]
  [1m[36mUser Load (0.1ms)[0m  [1m[34mSELECT "users".* FROM "users" WHERE "users"."id" = $1 LIMIT $2[0m  [["id", 1], ["LIMIT", 1]]
  [1m[36mShortenedUrl Load (0.2ms)[0m  [1m[34mSELECT "shortened_urls".* FROM "shortened_urls" WHERE "shortened_urls"."user_id" = $1[0m  [["user_id", 1]]
  [1m[36mUser Load (0.3ms)[0m  [1m[34mSELECT "users".* FROM "users" ORDER BY "users"."id" ASC LIMIT $1 OFFSET $2[0m  [["LIMIT", 1], ["OFFSET", 1]]
  [1m[36mShortenedUrl Load (0.2ms)[0m  [1m[34mSELECT "shortened_urls".* FROM "shortened_urls" ORDER BY "shortened_urls"."id" DESC LIMIT $1[0m  [["LIMIT", 1]]
  [1m[36mTRANSACTION (0.1ms)[0m  [1m[35mBEGIN[0m
  [1m[36mUser Load (0.2ms)[0m  [1m[34mSELECT "users".* FROM "users" WHERE "users"."id" = $1 LIMIT $2[0m  [["id", 2], ["LIMIT", 1]]
  [1m[36mShortenedUrl Load (0.1ms)[0m  [1m[34mSELECT "shortened_urls".* FROM "shortened_urls" WHERE "shortened_urls"."id" = $1 LIMIT $2[0m  [["id", 2], ["LIMIT", 1]]
  [1m[36mVisit Create (2.1ms)[0m  [1m[32mINSERT INTO "visits" ("user_id", "shortened_url_id", "created_at", "updated_at") VALUES ($1, $2, $3, $4) RETURNING "id"[0m  [["user_id", 2], ["shortened_url_id", 2], ["created_at", "2021-06-13 22:01:57.294020"], ["updated_at", "2021-06-13 22:01:57.294020"]]
  [1m[36mTRANSACTION (0.8ms)[0m  [1m[35mCOMMIT[0m
  [1m[36mShortenedUrl Load (0.4ms)[0m  [1m[34mSELECT "shortened_urls".* FROM "shortened_urls" ORDER BY "shortened_urls"."id" DESC LIMIT $1[0m  [["LIMIT", 1]]
  [1m[36mVisit Load (0.2ms)[0m  [1m[34mSELECT "visits".* FROM "visits" WHERE "visits"."shortened_url_id" = $1[0m  [["shortened_url_id", 2]]
  [1m[36mShortenedUrl Load (0.4ms)[0m  [1m[34mSELECT "shortened_urls".* FROM "shortened_urls" ORDER BY "shortened_urls"."id" DESC LIMIT $1[0m  [["LIMIT", 1]]
  [1m[36mShortenedUrl Load (0.2ms)[0m  [1m[34mSELECT "shortened_urls".* FROM "shortened_urls" ORDER BY "shortened_urls"."id" DESC LIMIT $1[0m  [["LIMIT", 1]]
  [1m[36mShortenedUrl Load (0.4ms)[0m  [1m[34mSELECT "shortened_urls".* FROM "shortened_urls" ORDER BY "shortened_urls"."id" DESC LIMIT $1[0m  [["LIMIT", 1]]
  [1m[35m (0.4ms)[0m  [1m[34mSELECT COUNT(DISTINCT "visits"."user_id") FROM "visits" WHERE "visits"."shortened_url_id" = $1[0m  [["shortened_url_id", 2]]
  [1m[36mShortenedUrl Load (0.4ms)[0m  [1m[34mSELECT "shortened_urls".* FROM "shortened_urls" ORDER BY "shortened_urls"."id" DESC LIMIT $1[0m  [["LIMIT", 1]]
  [1m[35m (0.5ms)[0m  [1m[34mSELECT COUNT(DISTINCT "visits"."user_id") FROM "visits" WHERE "visits"."shortened_url_id" = $1 AND (created_at > '2021-06-13 21:53:00.456302')[0m  [["shortened_url_id", 2]]
  [1m[36mShortenedUrl Load (0.3ms)[0m  [1m[34mSELECT "shortened_urls".* FROM "shortened_urls" ORDER BY "shortened_urls"."id" ASC LIMIT $1[0m  [["LIMIT", 1]]
  [1m[35m (0.3ms)[0m  [1m[34mSELECT COUNT(DISTINCT "visits"."user_id") FROM "visits" WHERE "visits"."shortened_url_id" = $1 AND (created_at > '2021-06-13 22:04:35.225720')[0m  [["shortened_url_id", 1]]
  [1m[36mShortenedUrl Load (0.2ms)[0m  [1m[34mSELECT "shortened_urls".* FROM "shortened_urls" ORDER BY "shortened_urls"."id" ASC LIMIT $1 OFFSET $2[0m  [["LIMIT", 1], ["OFFSET", 1]]
  [1m[35m (0.3ms)[0m  [1m[34mSELECT COUNT(DISTINCT "visits"."user_id") FROM "visits" WHERE "visits"."shortened_url_id" = $1 AND (created_at > '2021-06-13 22:04:41.144316')[0m  [["shortened_url_id", 2]]
  [1m[36mShortenedUrl Load (0.5ms)[0m  [1m[34mSELECT "shortened_urls".* FROM "shortened_urls" ORDER BY "shortened_urls"."id" ASC LIMIT $1 OFFSET $2[0m  [["LIMIT", 1], ["OFFSET", 1]]
  [1m[35m (0.2ms)[0m  [1m[34mSELECT COUNT(DISTINCT "visits"."user_id") FROM "visits" WHERE "visits"."shortened_url_id" = $1[0m  [["shortened_url_id", 2]]
  [1m[36mShortenedUrl Load (0.4ms)[0m  [1m[34mSELECT "shortened_urls".* FROM "shortened_urls" ORDER BY "shortened_urls"."id" ASC LIMIT $1[0m  [["LIMIT", 1]]
  [1m[35m (0.3ms)[0m  [1m[34mSELECT COUNT(DISTINCT "visits"."user_id") FROM "visits" WHERE "visits"."shortened_url_id" = $1[0m  [["shortened_url_id", 1]]
  [1m[36mShortenedUrl Load (0.4ms)[0m  [1m[34mSELECT "shortened_urls".* FROM "shortened_urls" ORDER BY "shortened_urls"."id" ASC LIMIT $1[0m  [["LIMIT", 1]]
  [1m[35m (0.4ms)[0m  [1m[34mSELECT COUNT(*) FROM "visits" WHERE "visits"."shortened_url_id" = $1[0m  [["shortened_url_id", 1]]
  [1m[36mShortenedUrl Load (0.1ms)[0m  [1m[34mSELECT "shortened_urls".* FROM "shortened_urls" ORDER BY "shortened_urls"."id" ASC LIMIT $1[0m  [["LIMIT", 1]]
  [1m[35m (0.1ms)[0m  [1m[34mSELECT COUNT(*) FROM "visits" WHERE "visits"."shortened_url_id" = $1[0m  [["shortened_url_id", 1]]
  [1m[36mShortenedUrl Load (0.3ms)[0m  [1m[34mSELECT "shortened_urls".* FROM "shortened_urls" ORDER BY "shortened_urls"."id" ASC LIMIT $1[0m  [["LIMIT", 1]]
  [1m[35m (0.3ms)[0m  [1m[34mSELECT COUNT(DISTINCT "users"."id") FROM "users" INNER JOIN "visits" ON "users"."id" = "visits"."user_id" WHERE "visits"."shortened_url_id" = $1[0m  [["shortened_url_id", 1]]
  [1m[36mUser Load (0.3ms)[0m  [1m[34mSELECT "users".* FROM "users" ORDER BY "users"."id" ASC LIMIT $1[0m  [["LIMIT", 1]]
  [1m[36mUser Load (0.8ms)[0m  [1m[34mSELECT * FROM "users" WHERE (email = 'test@gmail.com')[0m
  [1m[36mUser Load (0.5ms)[0m  [1m[34mSELECT "users".* FROM "users" WHERE (email = 'test@gmail.com')[0m
  [1m[36mUser Load (0.4ms)[0m  [1m[34mSELECT "users".* FROM "users" WHERE "users"."id" IN (NULL)[0m
  [1m[36mUser Load (0.5ms)[0m  [1m[34mSELECT "users".* FROM "users" WHERE "users"."id" = $1 LIMIT $2[0m  [["id", nil], ["LIMIT", 1]]
  [1m[36mUser Load (0.3ms)[0m  [1m[34mSELECT "users".* FROM "users" WHERE "users"."email" = $1 LIMIT $2[0m  [["email", "test@gmail.com"], ["LIMIT", 1]]
  [1m[36mUser Load (0.3ms)[0m  [1m[34mSELECT "users".* FROM "users" WHERE "users"."email" = $1 LIMIT $2[0m  [["email", "test@gmail.com"], ["LIMIT", 1]]
  [1m[36mUser Load (0.3ms)[0m  [1m[34mSELECT "users".* FROM "users" WHERE "users"."email" = $1 LIMIT $2[0m  [["email", "test2@gmail.com"], ["LIMIT", 1]]
  [1m[36mShortenedUrl Load (0.2ms)[0m  [1m[34mSELECT "shortened_urls".* FROM "shortened_urls" ORDER BY "shortened_urls"."id" ASC LIMIT $1[0m  [["LIMIT", 1]]
  [1m[36mShortenedUrl Load (0.3ms)[0m  [1m[34mSELECT "shortened_urls".* FROM "shortened_urls" ORDER BY "shortened_urls"."id" DESC LIMIT $1[0m  [["LIMIT", 1]]
  [1m[36mShortenedUrl Load (0.4ms)[0m  [1m[34mSELECT "shortened_urls".* FROM "shortened_urls" ORDER BY "shortened_urls"."id" DESC LIMIT $1[0m  [["LIMIT", 1]]
  [1m[36mShortenedUrl Load (0.4ms)[0m  [1m[34mSELECT "shortened_urls".* FROM "shortened_urls" WHERE "shortened_urls"."short_url" = $1 LIMIT $2[0m  [["short_url", "test"], ["LIMIT", 1]]
  [1m[36mShortenedUrl Load (0.4ms)[0m  [1m[34mSELECT "shortened_urls".* FROM "shortened_urls" WHERE "shortened_urls"."short_url" = $1 LIMIT $2[0m  [["short_url", "testy"], ["LIMIT", 1]]
  [1m[36mShortenedUrl Load (0.4ms)[0m  [1m[34mSELECT "shortened_urls".* FROM "shortened_urls" WHERE "shortened_urls"."short_url" = $1 LIMIT $2[0m  [["short_url", "testy"], ["LIMIT", 1]]
  [1m[36mShortenedUrl Load (0.3ms)[0m  [1m[34mSELECT "shortened_urls".* FROM "shortened_urls" WHERE "shortened_urls"."short_url" = $1 LIMIT $2[0m  [["short_url", "test"], ["LIMIT", 1]]
  [1m[36mShortenedUrl Load (0.5ms)[0m  [1m[34mSELECT "shortened_urls".* FROM "shortened_urls" WHERE "shortened_urls"."short_url" = $1 LIMIT $2[0m  [["short_url", "test"], ["LIMIT", 1]]
  [1m[36mShortenedUrl Load (0.4ms)[0m  [1m[34mSELECT "shortened_urls".* FROM "shortened_urls" WHERE "shortened_urls"."short_url" = $1 LIMIT $2[0m  [["short_url", "testy"], ["LIMIT", 1]]
  [1m[36mShortenedUrl Load (0.4ms)[0m  [1m[34mSELECT "shortened_urls".* FROM "shortened_urls" WHERE "shortened_urls"."short_url" = $1 LIMIT $2[0m  [["short_url", "test"], ["LIMIT", 1]]
  [1m[36mUser Load (0.2ms)[0m  [1m[34mSELECT "users".* FROM "users" WHERE "users"."email" = $1 LIMIT $2[0m  [["email", "test@gmail.com"], ["LIMIT", 1]]
  [1m[36mShortenedUrl Exists? (0.4ms)[0m  [1m[34mSELECT 1 AS one FROM "shortened_urls" WHERE "shortened_urls"."short_url" = $1 LIMIT $2[0m  [["short_url", "XTD8b_nB"], ["LIMIT", 1]]
  ↳ app/models/shortened_url.rb:40:in `random_code'
  [1m[36mTRANSACTION (0.2ms)[0m  [1m[35mBEGIN[0m
  ↳ app/models/shortened_url.rb:47:in `create!'
  [1m[36mUser Load (0.2ms)[0m  [1m[34mSELECT "users".* FROM "users" WHERE "users"."id" = $1 LIMIT $2[0m  [["id", 1], ["LIMIT", 1]]
  ↳ app/models/shortened_url.rb:47:in `create!'
  [1m[36mShortenedUrl Exists? (0.2ms)[0m  [1m[34mSELECT 1 AS one FROM "shortened_urls" WHERE "shortened_urls"."short_url" = $1 LIMIT $2[0m  [["short_url", "XTD8b_nB"], ["LIMIT", 1]]
  ↳ app/models/shortened_url.rb:47:in `create!'
  [1m[36mShortenedUrl Create (0.3ms)[0m  [1m[32mINSERT INTO "shortened_urls" ("short_url", "long_url", "user_id", "created_at", "updated_at") VALUES ($1, $2, $3, $4, $5) RETURNING "id"[0m  [["short_url", "XTD8b_nB"], ["long_url", "http://google.com"], ["user_id", 1], ["created_at", "2021-06-14 00:48:33.667451"], ["updated_at", "2021-06-14 00:48:33.667451"]]
  ↳ app/models/shortened_url.rb:47:in `create!'
  [1m[36mTRANSACTION (0.8ms)[0m  [1m[35mCOMMIT[0m
  ↳ app/models/shortened_url.rb:47:in `create!'
  [1m[36mUser Load (0.2ms)[0m  [1m[34mSELECT "users".* FROM "users" WHERE "users"."email" = $1 LIMIT $2[0m  [["email", "cmckelvy16@gmail.com"], ["LIMIT", 1]]
  [1m[36mTRANSACTION (0.0ms)[0m  [1m[35mBEGIN[0m
  [1m[36mUser Exists? (0.1ms)[0m  [1m[34mSELECT 1 AS one FROM "users" WHERE "users"."email" = $1 LIMIT $2[0m  [["email", "cmckelvy16@gmail.com"], ["LIMIT", 1]]
  [1m[36mUser Create (0.7ms)[0m  [1m[32mINSERT INTO "users" ("email", "created_at", "updated_at") VALUES ($1, $2, $3) RETURNING "id"[0m  [["email", "cmckelvy16@gmail.com"], ["created_at", "2021-06-14 00:48:57.155019"], ["updated_at", "2021-06-14 00:48:57.155019"]]
  [1m[36mTRANSACTION (0.6ms)[0m  [1m[35mCOMMIT[0m
  [1m[36mShortenedUrl Load (0.3ms)[0m  [1m[34mSELECT "shortened_urls".* FROM "shortened_urls" WHERE "shortened_urls"."short_url" = $1 LIMIT $2[0m  [["short_url", "XTD8b_nB"], ["LIMIT", 1]]
  [1m[36mTRANSACTION (0.1ms)[0m  [1m[35mBEGIN[0m
  ↳ app/models/visit.rb:22:in `record_visit!'
  [1m[36mUser Load (0.2ms)[0m  [1m[34mSELECT "users".* FROM "users" WHERE "users"."id" = $1 LIMIT $2[0m  [["id", 3], ["LIMIT", 1]]
  ↳ app/models/visit.rb:22:in `record_visit!'
  [1m[36mShortenedUrl Load (0.1ms)[0m  [1m[34mSELECT "shortened_urls".* FROM "shortened_urls" WHERE "shortened_urls"."id" = $1 LIMIT $2[0m  [["id", 3], ["LIMIT", 1]]
  ↳ app/models/visit.rb:22:in `record_visit!'
  [1m[36mVisit Create (0.3ms)[0m  [1m[32mINSERT INTO "visits" ("user_id", "shortened_url_id", "created_at", "updated_at") VALUES ($1, $2, $3, $4) RETURNING "id"[0m  [["user_id", 3], ["shortened_url_id", 3], ["created_at", "2021-06-14 00:49:01.072609"], ["updated_at", "2021-06-14 00:49:01.072609"]]
  ↳ app/models/visit.rb:22:in `record_visit!'
  [1m[36mTRANSACTION (44.4ms)[0m  [1m[35mCOMMIT[0m
  ↳ app/models/visit.rb:22:in `record_visit!'
  [1m[36mUser Load (0.2ms)[0m  [1m[34mSELECT "users".* FROM "users" WHERE "users"."email" = $1 LIMIT $2[0m  [["email", "test@gmail.com"], ["LIMIT", 1]]
  [1m[36mShortenedUrl Exists? (0.4ms)[0m  [1m[34mSELECT 1 AS one FROM "shortened_urls" WHERE "shortened_urls"."short_url" = $1 LIMIT $2[0m  [["short_url", "-5UO4n2B"], ["LIMIT", 1]]
  ↳ app/models/shortened_url.rb:40:in `random_code'
  [1m[36mTRANSACTION (0.1ms)[0m  [1m[35mBEGIN[0m
  ↳ app/models/shortened_url.rb:47:in `create!'
  [1m[36mUser Load (0.1ms)[0m  [1m[34mSELECT "users".* FROM "users" WHERE "users"."id" = $1 LIMIT $2[0m  [["id", 1], ["LIMIT", 1]]
  ↳ app/models/shortened_url.rb:47:in `create!'
  [1m[36mShortenedUrl Exists? (0.2ms)[0m  [1m[34mSELECT 1 AS one FROM "shortened_urls" WHERE "shortened_urls"."short_url" = $1 LIMIT $2[0m  [["short_url", "-5UO4n2B"], ["LIMIT", 1]]
  ↳ app/models/shortened_url.rb:47:in `create!'
  [1m[36mShortenedUrl Create (0.3ms)[0m  [1m[32mINSERT INTO "shortened_urls" ("short_url", "long_url", "user_id", "created_at", "updated_at") VALUES ($1, $2, $3, $4, $5) RETURNING "id"[0m  [["short_url", "-5UO4n2B"], ["long_url", "http://youtube.com/moopoke"], ["user_id", 1], ["created_at", "2021-06-14 00:51:20.057379"], ["updated_at", "2021-06-14 00:51:20.057379"]]
  ↳ app/models/shortened_url.rb:47:in `create!'
  [1m[36mTRANSACTION (0.8ms)[0m  [1m[35mCOMMIT[0m
  ↳ app/models/shortened_url.rb:47:in `create!'
  [1m[36mUser Load (0.2ms)[0m  [1m[34mSELECT "users".* FROM "users" WHERE "users"."email" = $1 LIMIT $2[0m  [["email", "test@gmail.com"], ["LIMIT", 1]]
  [1m[36mShortenedUrl Load (0.3ms)[0m  [1m[34mSELECT "shortened_urls".* FROM "shortened_urls" WHERE "shortened_urls"."short_url" = $1 LIMIT $2[0m  [["short_url", "-5UO4n2B"], ["LIMIT", 1]]
  [1m[36mTRANSACTION (0.1ms)[0m  [1m[35mBEGIN[0m
  ↳ app/models/visit.rb:22:in `record_visit!'
  [1m[36mUser Load (0.4ms)[0m  [1m[34mSELECT "users".* FROM "users" WHERE "users"."id" = $1 LIMIT $2[0m  [["id", 1], ["LIMIT", 1]]
  ↳ app/models/visit.rb:22:in `record_visit!'
  [1m[36mShortenedUrl Load (0.1ms)[0m  [1m[34mSELECT "shortened_urls".* FROM "shortened_urls" WHERE "shortened_urls"."id" = $1 LIMIT $2[0m  [["id", 4], ["LIMIT", 1]]
  ↳ app/models/visit.rb:22:in `record_visit!'
  [1m[36mVisit Create (0.3ms)[0m  [1m[32mINSERT INTO "visits" ("user_id", "shortened_url_id", "created_at", "updated_at") VALUES ($1, $2, $3, $4) RETURNING "id"[0m  [["user_id", 1], ["shortened_url_id", 4], ["created_at", "2021-06-14 00:51:40.901547"], ["updated_at", "2021-06-14 00:51:40.901547"]]
  ↳ app/models/visit.rb:22:in `record_visit!'
  [1m[36mTRANSACTION (3.5ms)[0m  [1m[35mCOMMIT[0m
  ↳ app/models/visit.rb:22:in `record_visit!'
  [1m[35m (0.1ms)[0m  [1m[34mSELECT pg_try_advisory_lock(4762635147840476445)[0m
  [1m[35m (1.2ms)[0m  [1m[34mSELECT "schema_migrations"."version" FROM "schema_migrations" ORDER BY "schema_migrations"."version" ASC[0m
Migrating to CreateTagTopics (20210614011047)
  [1m[36mTRANSACTION (0.1ms)[0m  [1m[35mBEGIN[0m
  [1m[35m (17.6ms)[0m  [1m[35mCREATE TABLE "tag_topics" ("id" bigserial primary key, "tag" character varying NOT NULL, "created_at" timestamp(6) NOT NULL, "updated_at" timestamp(6) NOT NULL)[0m
  [1m[35m (1.7ms)[0m  [1m[35mCREATE UNIQUE INDEX "index_tag_topics_on_tag" ON "tag_topics" ("tag")[0m
  [1m[36mActiveRecord::SchemaMigration Create (0.2ms)[0m  [1m[32mINSERT INTO "schema_migrations" ("version") VALUES ($1) RETURNING "version"[0m  [["version", "20210614011047"]]
  [1m[36mTRANSACTION (1.0ms)[0m  [1m[35mCOMMIT[0m
Migrating to CreateTaggings (20210614012156)
  [1m[36mTRANSACTION (0.1ms)[0m  [1m[35mBEGIN[0m
  [1m[35m (2.2ms)[0m  [1m[35mCREATE TABLE "taggings" ("id" bigserial primary key, "tag_topic_id" integer NOT NULL, "shortened_url_id" integer NOT NULL, "created_at" timestamp(6) NOT NULL, "updated_at" timestamp(6) NOT NULL)[0m
  [1m[35m (1.6ms)[0m  [1m[35mCREATE UNIQUE INDEX "index_taggings_on_tag_topic_id_and_shortened_url_id" ON "taggings" ("tag_topic_id", "shortened_url_id")[0m
  [1m[36mActiveRecord::SchemaMigration Create (0.1ms)[0m  [1m[32mINSERT INTO "schema_migrations" ("version") VALUES ($1) RETURNING "version"[0m  [["version", "20210614012156"]]
  [1m[36mTRANSACTION (0.7ms)[0m  [1m[35mCOMMIT[0m
  [1m[36mActiveRecord::InternalMetadata Load (0.6ms)[0m  [1m[34mSELECT "ar_internal_metadata".* FROM "ar_internal_metadata" WHERE "ar_internal_metadata"."key" = $1 LIMIT $2[0m  [["key", "environment"], ["LIMIT", 1]]
  [1m[35m (0.2ms)[0m  [1m[34mSELECT pg_advisory_unlock(4762635147840476445)[0m
  [1m[35m (0.5ms)[0m  [1m[34mSELECT "schema_migrations"."version" FROM "schema_migrations" ORDER BY "schema_migrations"."version" ASC[0m
  [1m[35m (0.3ms)[0m  [1m[34mSELECT "schema_migrations"."version" FROM "schema_migrations" ORDER BY "schema_migrations"."version" ASC[0m
  [1m[36mTRANSACTION (0.1ms)[0m  [1m[35mBEGIN[0m
  [1m[36mTagTopic Exists? (0.5ms)[0m  [1m[34mSELECT 1 AS one FROM "tag_topics" WHERE "tag_topics"."tag" = $1 LIMIT $2[0m  [["tag", "test"], ["LIMIT", 1]]
  [1m[36mTagTopic Create (0.2ms)[0m  [1m[32mINSERT INTO "tag_topics" ("tag", "created_at", "updated_at") VALUES ($1, $2, $3) RETURNING "id"[0m  [["tag", "test"], ["created_at", "2021-06-14 01:50:25.525543"], ["updated_at", "2021-06-14 01:50:25.525543"]]
  [1m[36mTRANSACTION (0.5ms)[0m  [1m[35mCOMMIT[0m
  [1m[36mTRANSACTION (0.2ms)[0m  [1m[35mBEGIN[0m
  [1m[36mTagTopic Exists? (0.4ms)[0m  [1m[34mSELECT 1 AS one FROM "tag_topics" WHERE "tag_topics"."tag" = $1 LIMIT $2[0m  [["tag", "test2"], ["LIMIT", 1]]
  [1m[36mTagTopic Create (0.3ms)[0m  [1m[32mINSERT INTO "tag_topics" ("tag", "created_at", "updated_at") VALUES ($1, $2, $3) RETURNING "id"[0m  [["tag", "test2"], ["created_at", "2021-06-14 01:50:39.681783"], ["updated_at", "2021-06-14 01:50:39.681783"]]
  [1m[36mTRANSACTION (1.0ms)[0m  [1m[35mCOMMIT[0m
  [1m[36mShortenedUrl Load (0.3ms)[0m  [1m[34mSELECT "shortened_urls".* FROM "shortened_urls" ORDER BY "shortened_urls"."id" ASC LIMIT $1[0m  [["LIMIT", 1]]
  [1m[36mTagTopic Load (0.1ms)[0m  [1m[34mSELECT "tag_topics".* FROM "tag_topics" ORDER BY "tag_topics"."id" ASC LIMIT $1[0m  [["LIMIT", 1]]
  [1m[36mTRANSACTION (0.1ms)[0m  [1m[35mBEGIN[0m
  [1m[36mShortenedUrl Load (0.1ms)[0m  [1m[34mSELECT "shortened_urls".* FROM "shortened_urls" WHERE "shortened_urls"."id" = $1 LIMIT $2[0m  [["id", 1], ["LIMIT", 1]]
  [1m[36mTagTopic Load (0.1ms)[0m  [1m[34mSELECT "tag_topics".* FROM "tag_topics" WHERE "tag_topics"."id" = $1 LIMIT $2[0m  [["id", 1], ["LIMIT", 1]]
  [1m[36mTagging Exists? (0.2ms)[0m  [1m[34mSELECT 1 AS one FROM "taggings" WHERE "taggings"."shortened_url_id" = $1 AND "taggings"."tag_topic_id" = $2 LIMIT $3[0m  [["shortened_url_id", 1], ["tag_topic_id", 1], ["LIMIT", 1]]
  [1m[36mTagging Create (0.2ms)[0m  [1m[32mINSERT INTO "taggings" ("tag_topic_id", "shortened_url_id", "created_at", "updated_at") VALUES ($1, $2, $3, $4) RETURNING "id"[0m  [["tag_topic_id", 1], ["shortened_url_id", 1], ["created_at", "2021-06-14 01:51:26.021758"], ["updated_at", "2021-06-14 01:51:26.021758"]]
  [1m[36mTRANSACTION (0.7ms)[0m  [1m[35mCOMMIT[0m
  [1m[36mShortenedUrl Load (0.4ms)[0m  [1m[34mSELECT "shortened_urls".* FROM "shortened_urls" ORDER BY "shortened_urls"."id" ASC LIMIT $1[0m  [["LIMIT", 1]]
  [1m[36mTagTopic Load (0.2ms)[0m  [1m[34mSELECT "tag_topics".* FROM "tag_topics" ORDER BY "tag_topics"."id" DESC LIMIT $1[0m  [["LIMIT", 1]]
  [1m[36mTRANSACTION (0.1ms)[0m  [1m[35mBEGIN[0m
  [1m[36mShortenedUrl Load (0.2ms)[0m  [1m[34mSELECT "shortened_urls".* FROM "shortened_urls" WHERE "shortened_urls"."id" = $1 LIMIT $2[0m  [["id", 1], ["LIMIT", 1]]
  [1m[36mTagTopic Load (0.2ms)[0m  [1m[34mSELECT "tag_topics".* FROM "tag_topics" WHERE "tag_topics"."id" = $1 LIMIT $2[0m  [["id", 2], ["LIMIT", 1]]
  [1m[36mTagging Exists? (0.3ms)[0m  [1m[34mSELECT 1 AS one FROM "taggings" WHERE "taggings"."shortened_url_id" = $1 AND "taggings"."tag_topic_id" = $2 LIMIT $3[0m  [["shortened_url_id", 1], ["tag_topic_id", 2], ["LIMIT", 1]]
  [1m[36mTagging Create (0.3ms)[0m  [1m[32mINSERT INTO "taggings" ("tag_topic_id", "shortened_url_id", "created_at", "updated_at") VALUES ($1, $2, $3, $4) RETURNING "id"[0m  [["tag_topic_id", 2], ["shortened_url_id", 1], ["created_at", "2021-06-14 01:51:39.150033"], ["updated_at", "2021-06-14 01:51:39.150033"]]
  [1m[36mTRANSACTION (0.7ms)[0m  [1m[35mCOMMIT[0m
  [1m[36mShortenedUrl Load (0.3ms)[0m  [1m[34mSELECT "shortened_urls".* FROM "shortened_urls" ORDER BY "shortened_urls"."id" DESC LIMIT $1[0m  [["LIMIT", 1]]
  [1m[36mTagTopic Load (0.2ms)[0m  [1m[34mSELECT "tag_topics".* FROM "tag_topics" ORDER BY "tag_topics"."id" DESC LIMIT $1[0m  [["LIMIT", 1]]
  [1m[36mTRANSACTION (0.1ms)[0m  [1m[35mBEGIN[0m
  [1m[36mShortenedUrl Load (0.2ms)[0m  [1m[34mSELECT "shortened_urls".* FROM "shortened_urls" WHERE "shortened_urls"."id" = $1 LIMIT $2[0m  [["id", 4], ["LIMIT", 1]]
  [1m[36mTagTopic Load (0.2ms)[0m  [1m[34mSELECT "tag_topics".* FROM "tag_topics" WHERE "tag_topics"."id" = $1 LIMIT $2[0m  [["id", 2], ["LIMIT", 1]]
  [1m[36mTagging Exists? (0.2ms)[0m  [1m[34mSELECT 1 AS one FROM "taggings" WHERE "taggings"."shortened_url_id" = $1 AND "taggings"."tag_topic_id" = $2 LIMIT $3[0m  [["shortened_url_id", 4], ["tag_topic_id", 2], ["LIMIT", 1]]
  [1m[36mTagging Create (0.3ms)[0m  [1m[32mINSERT INTO "taggings" ("tag_topic_id", "shortened_url_id", "created_at", "updated_at") VALUES ($1, $2, $3, $4) RETURNING "id"[0m  [["tag_topic_id", 2], ["shortened_url_id", 4], ["created_at", "2021-06-14 01:51:44.805740"], ["updated_at", "2021-06-14 01:51:44.805740"]]
  [1m[36mTRANSACTION (0.7ms)[0m  [1m[35mCOMMIT[0m
  [1m[36mTagging Load (0.2ms)[0m  [1m[34mSELECT "taggings".* FROM "taggings" ORDER BY "taggings"."id" ASC LIMIT $1[0m  [["LIMIT", 1]]
  [1m[36mTagging Load (0.4ms)[0m  [1m[34mSELECT "taggings".* FROM "taggings" ORDER BY "taggings"."id" ASC LIMIT $1[0m  [["LIMIT", 1]]
  [1m[36mShortenedUrl Load (0.2ms)[0m  [1m[34mSELECT "shortened_urls".* FROM "shortened_urls" WHERE "shortened_urls"."id" = $1 LIMIT $2[0m  [["id", 1], ["LIMIT", 1]]
  [1m[36mTagging Load (0.3ms)[0m  [1m[34mSELECT "taggings".* FROM "taggings" ORDER BY "taggings"."id" ASC LIMIT $1 OFFSET $2[0m  [["LIMIT", 1], ["OFFSET", 1]]
  [1m[36mShortenedUrl Load (0.2ms)[0m  [1m[34mSELECT "shortened_urls".* FROM "shortened_urls" WHERE "shortened_urls"."id" = $1 LIMIT $2[0m  [["id", 1], ["LIMIT", 1]]
  [1m[36mShortenedUrl Load (0.2ms)[0m  [1m[34mSELECT "shortened_urls".* FROM "shortened_urls" ORDER BY "shortened_urls"."id" ASC LIMIT $1[0m  [["LIMIT", 1]]
  [1m[36mTagging Load (0.1ms)[0m  [1m[34mSELECT "taggings".* FROM "taggings" WHERE "taggings"."shortened_url_id" = $1[0m  [["shortened_url_id", 1]]
  [1m[36mShortenedUrl Load (0.3ms)[0m  [1m[34mSELECT "shortened_urls".* FROM "shortened_urls" ORDER BY "shortened_urls"."id" ASC LIMIT $1[0m  [["LIMIT", 1]]
  [1m[36mTagTopic Load (0.3ms)[0m  [1m[34mSELECT "tag_topics".* FROM "tag_topics" INNER JOIN "taggings" ON "tag_topics"."id" = "taggings"."tag_topic_id" WHERE "taggings"."shortened_url_id" = $1[0m  [["shortened_url_id", 1]]
  [1m[36mShortenedUrl Load (0.3ms)[0m  [1m[34mSELECT "shortened_urls".* FROM "shortened_urls" ORDER BY "shortened_urls"."id" ASC LIMIT $1 OFFSET $2[0m  [["LIMIT", 1], ["OFFSET", 1]]
  [1m[36mTagTopic Load (0.3ms)[0m  [1m[34mSELECT "tag_topics".* FROM "tag_topics" INNER JOIN "taggings" ON "tag_topics"."id" = "taggings"."tag_topic_id" WHERE "taggings"."shortened_url_id" = $1[0m  [["shortened_url_id", 2]]
  [1m[36mShortenedUrl Load (0.4ms)[0m  [1m[34mSELECT "shortened_urls".* FROM "shortened_urls" ORDER BY "shortened_urls"."id" ASC LIMIT $1 OFFSET $2[0m  [["LIMIT", 1], ["OFFSET", 1]]
  [1m[36mTagging Load (0.2ms)[0m  [1m[34mSELECT "taggings".* FROM "taggings" WHERE "taggings"."shortened_url_id" = $1[0m  [["shortened_url_id", 2]]
  [1m[36mShortenedUrl Load (0.3ms)[0m  [1m[34mSELECT "shortened_urls".* FROM "shortened_urls" ORDER BY "shortened_urls"."id" DESC LIMIT $1[0m  [["LIMIT", 1]]
  [1m[36mTagging Load (0.2ms)[0m  [1m[34mSELECT "taggings".* FROM "taggings" WHERE "taggings"."shortened_url_id" = $1[0m  [["shortened_url_id", 4]]
  [1m[36mTagTopic Load (0.2ms)[0m  [1m[34mSELECT "tag_topics".* FROM "tag_topics" ORDER BY "tag_topics"."id" ASC LIMIT $1[0m  [["LIMIT", 1]]
  [1m[36mShortenedUrl Load (0.4ms)[0m  [1m[34mSELECT "shortened_urls".* FROM "shortened_urls" INNER JOIN "taggings" ON "shortened_urls"."id" = "taggings"."shortened_url_id" WHERE "taggings"."tag_topic_id" = $1[0m  [["tag_topic_id", 1]]
  [1m[36mTagTopic Load (0.5ms)[0m  [1m[34mSELECT "tag_topics".* FROM "tag_topics" ORDER BY "tag_topics"."id" ASC LIMIT $1[0m  [["LIMIT", 1]]
  [1m[36mTagTopic Load (0.4ms)[0m  [1m[34mSELECT "tag_topics".* FROM "tag_topics" ORDER BY "tag_topics"."id" ASC LIMIT $1[0m  [["LIMIT", 1]]
  [1m[36mShortenedUrl Load (0.3ms)[0m  [1m[34mSELECT "shortened_urls".* FROM "shortened_urls" INNER JOIN "taggings" ON "shortened_urls"."id" = "taggings"."shortened_url_id" WHERE "taggings"."tag_topic_id" = $1[0m  [["tag_topic_id", 1]]
  [1m[36mTagTopic Load (0.2ms)[0m  [1m[34mSELECT "tag_topics".* FROM "tag_topics" ORDER BY "tag_topics"."id" ASC LIMIT $1 OFFSET $2[0m  [["LIMIT", 1], ["OFFSET", 1]]
  [1m[36mShortenedUrl Load (0.3ms)[0m  [1m[34mSELECT "shortened_urls".* FROM "shortened_urls" INNER JOIN "taggings" ON "shortened_urls"."id" = "taggings"."shortened_url_id" WHERE "taggings"."tag_topic_id" = $1[0m  [["tag_topic_id", 2]]
  [1m[36mTagTopic Load (0.4ms)[0m  [1m[34mSELECT "tag_topics".* FROM "tag_topics" ORDER BY "tag_topics"."id" ASC LIMIT $1 OFFSET $2[0m  [["LIMIT", 1], ["OFFSET", 1]]
  [1m[36mShortenedUrl Load (0.3ms)[0m  [1m[34mSELECT "shortened_urls".* FROM "shortened_urls" INNER JOIN "taggings" ON "shortened_urls"."id" = "taggings"."shortened_url_id" WHERE "taggings"."tag_topic_id" = $1[0m  [["tag_topic_id", 2]]
  [1m[36mTagTopic Load (0.3ms)[0m  [1m[34mSELECT "tag_topics".* FROM "tag_topics" ORDER BY "tag_topics"."id" ASC LIMIT $1 OFFSET $2[0m  [["LIMIT", 1], ["OFFSET", 1]]
  [1m[36mShortenedUrl Load (0.3ms)[0m  [1m[34mSELECT "shortened_urls".* FROM "shortened_urls" INNER JOIN "taggings" ON "shortened_urls"."id" = "taggings"."shortened_url_id" WHERE "taggings"."tag_topic_id" = $1[0m  [["tag_topic_id", 2]]
  [1m[36mTagTopic Load (0.4ms)[0m  [1m[34mSELECT "tag_topics".* FROM "tag_topics" ORDER BY "tag_topics"."id" ASC LIMIT $1 OFFSET $2[0m  [["LIMIT", 1], ["OFFSET", 1]]
  [1m[36mShortenedUrl Load (0.3ms)[0m  [1m[34mSELECT "shortened_urls".* FROM "shortened_urls" INNER JOIN "taggings" ON "shortened_urls"."id" = "taggings"."shortened_url_id" WHERE "taggings"."tag_topic_id" = $1[0m  [["tag_topic_id", 2]]
  [1m[36mTagTopic Load (0.5ms)[0m  [1m[34mSELECT "tag_topics".* FROM "tag_topics" ORDER BY "tag_topics"."id" ASC LIMIT $1 OFFSET $2[0m  [["LIMIT", 1], ["OFFSET", 1]]
  [1m[36mShortenedUrl Load (1.2ms)[0m  [1m[34mSELECT long_url, short_url, COUNT(visits.id) AS num_visits FROM "shortened_urls" INNER JOIN "taggings" ON "shortened_urls"."id" = "taggings"."shortened_url_id" INNER JOIN "visits" ON "visits"."shortened_url_id" = "shortened_urls"."id" WHERE "taggings"."tag_topic_id" = $1 GROUP BY "shortened_urls"."short_url", "shortened_urls"."long_url" ORDER BY num_visits DESC LIMIT $2[0m  [["tag_topic_id", 2], ["LIMIT", 5]]
  [1m[36mTagTopic Load (0.4ms)[0m  [1m[34mSELECT "tag_topics".* FROM "tag_topics" ORDER BY "tag_topics"."id" ASC LIMIT $1 OFFSET $2[0m  [["LIMIT", 1], ["OFFSET", 1]]
  [1m[36mShortenedUrl Load (0.2ms)[0m  [1m[34mSELECT "shortened_urls".* FROM "shortened_urls" INNER JOIN "taggings" ON "shortened_urls"."id" = "taggings"."shortened_url_id" WHERE "taggings"."tag_topic_id" = $1[0m  [["tag_topic_id", 2]]
  [1m[36mTagTopic Load (0.4ms)[0m  [1m[34mSELECT "tag_topics".* FROM "tag_topics" ORDER BY "tag_topics"."id" ASC LIMIT $1 OFFSET $2[0m  [["LIMIT", 1], ["OFFSET", 1]]
  [1m[36mShortenedUrl Load (0.7ms)[0m  [1m[34mSELECT long_url, short_url, COUNT(visits.id) AS num_visits FROM "shortened_urls" INNER JOIN "taggings" ON "shortened_urls"."id" = "taggings"."shortened_url_id" INNER JOIN "visits" ON "visits"."shortened_url_id" = "shortened_urls"."id" WHERE "taggings"."tag_topic_id" = $1 GROUP BY "shortened_urls"."short_url", "shortened_urls"."long_url" ORDER BY num_visits DESC LIMIT $2[0m  [["tag_topic_id", 2], ["LIMIT", 1]]
  [1m[36mTagTopic Load (0.3ms)[0m  [1m[34mSELECT "tag_topics".* FROM "tag_topics" ORDER BY "tag_topics"."id" ASC LIMIT $1 OFFSET $2[0m  [["LIMIT", 1], ["OFFSET", 1]]
  [1m[36mShortenedUrl Load (0.6ms)[0m  [1m[34mSELECT long_url, short_url, COUNT(visits.id) AS num_visits FROM "shortened_urls" INNER JOIN "taggings" ON "shortened_urls"."id" = "taggings"."shortened_url_id" INNER JOIN "visits" ON "visits"."shortened_url_id" = "shortened_urls"."id" WHERE "taggings"."tag_topic_id" = $1 GROUP BY "shortened_urls"."short_url", "shortened_urls"."long_url" ORDER BY num_visits DESC LIMIT $2[0m  [["tag_topic_id", 2], ["LIMIT", 5]]
  [1m[36mShortenedUrl Load (0.4ms)[0m  [1m[34mSELECT "shortened_urls".* FROM "shortened_urls"[0m
  [1m[36mTagTopic Load (0.4ms)[0m  [1m[34mSELECT "tag_topics".* FROM "tag_topics" ORDER BY "tag_topics"."id" ASC LIMIT $1 OFFSET $2[0m  [["LIMIT", 1], ["OFFSET", 1]]
  [1m[36mShortenedUrl Load (0.8ms)[0m  [1m[34mSELECT long_url, short_url, COUNT(visits.id) AS num_visits FROM "shortened_urls" INNER JOIN "taggings" ON "shortened_urls"."id" = "taggings"."shortened_url_id" INNER JOIN "visits" ON "visits"."shortened_url_id" = "shortened_urls"."id" WHERE "taggings"."tag_topic_id" = $1 GROUP BY "shortened_urls"."short_url", "shortened_urls"."long_url" ORDER BY num_visits DESC LIMIT $2[0m  [["tag_topic_id", 2], ["LIMIT", 5]]
  [1m[36mTagTopic Load (0.2ms)[0m  [1m[34mSELECT "tag_topics".* FROM "tag_topics" ORDER BY "tag_topics"."id" DESC LIMIT $1[0m  [["LIMIT", 1]]
  [1m[36mShortenedUrl Load (0.3ms)[0m  [1m[34mSELECT long_url, short_url, COUNT(visits.id) AS num_visits FROM "shortened_urls" INNER JOIN "taggings" ON "shortened_urls"."id" = "taggings"."shortened_url_id" INNER JOIN "visits" ON "visits"."shortened_url_id" = "shortened_urls"."id" WHERE "taggings"."tag_topic_id" = $1 GROUP BY "shortened_urls"."short_url", "shortened_urls"."long_url" ORDER BY num_visits DESC LIMIT $2[0m  [["tag_topic_id", 2], ["LIMIT", 5]]
  [1m[36mTagTopic Load (0.5ms)[0m  [1m[34mSELECT "tag_topics".* FROM "tag_topics" ORDER BY "tag_topics"."id" ASC LIMIT $1[0m  [["LIMIT", 1]]
  [1m[36mShortenedUrl Load (0.7ms)[0m  [1m[34mSELECT long_url, short_url, COUNT(visits.id) AS num_visits FROM "shortened_urls" INNER JOIN "taggings" ON "shortened_urls"."id" = "taggings"."shortened_url_id" INNER JOIN "visits" ON "visits"."shortened_url_id" = "shortened_urls"."id" WHERE "taggings"."tag_topic_id" = $1 GROUP BY "shortened_urls"."short_url", "shortened_urls"."long_url" ORDER BY num_visits DESC LIMIT $2[0m  [["tag_topic_id", 1], ["LIMIT", 5]]
  [1m[36mTagTopic Load (0.3ms)[0m  [1m[34mSELECT "tag_topics".* FROM "tag_topics" ORDER BY "tag_topics"."id" ASC LIMIT $1[0m  [["LIMIT", 1]]
  [1m[36mShortenedUrl Load (0.7ms)[0m  [1m[34mSELECT long_url, short_url, COUNT(visits.id) AS num_visits FROM "shortened_urls" INNER JOIN "taggings" ON "shortened_urls"."id" = "taggings"."shortened_url_id" INNER JOIN "visits" ON "visits"."shortened_url_id" = "shortened_urls"."id" WHERE "taggings"."tag_topic_id" = $1 GROUP BY "shortened_urls"."short_url", "shortened_urls"."long_url" ORDER BY num_visits DESC LIMIT $2[0m  [["tag_topic_id", 1], ["LIMIT", 1]]
  [1m[36mTagTopic Load (0.3ms)[0m  [1m[34mSELECT "tag_topics".* FROM "tag_topics" ORDER BY "tag_topics"."id" ASC LIMIT $1[0m  [["LIMIT", 1]]
  [1m[36mShortenedUrl Load (0.6ms)[0m  [1m[34mSELECT long_url, short_url, COUNT(visits.id) AS num_visits FROM "shortened_urls" INNER JOIN "taggings" ON "shortened_urls"."id" = "taggings"."shortened_url_id" INNER JOIN "visits" ON "visits"."shortened_url_id" = "shortened_urls"."id" WHERE "taggings"."tag_topic_id" = $1 GROUP BY "shortened_urls"."short_url", "shortened_urls"."long_url" ORDER BY num_visits DESC LIMIT $2[0m  [["tag_topic_id", 1], ["LIMIT", 1]]
  [1m[35m (0.2ms)[0m  [1m[34mSELECT COUNT(*) FROM "visits" WHERE "visits"."shortened_url_id" IS NULL[0m
  [1m[36mTagTopic Load (0.3ms)[0m  [1m[34mSELECT "tag_topics".* FROM "tag_topics" ORDER BY "tag_topics"."id" ASC LIMIT $1[0m  [["LIMIT", 1]]
  [1m[36mShortenedUrl Load (0.6ms)[0m  [1m[34mSELECT long_url, short_url, COUNT(visits.id) AS num_visits FROM "shortened_urls" INNER JOIN "taggings" ON "shortened_urls"."id" = "taggings"."shortened_url_id" INNER JOIN "visits" ON "visits"."shortened_url_id" = "shortened_urls"."id" WHERE "taggings"."tag_topic_id" = $1 GROUP BY "shortened_urls"."short_url", "shortened_urls"."long_url" ORDER BY num_visits DESC LIMIT $2[0m  [["tag_topic_id", 1], ["LIMIT", 1]]
  [1m[35m (0.1ms)[0m  [1m[34mSELECT COUNT(*) FROM "visits" WHERE "visits"."shortened_url_id" IS NULL[0m
  [1m[36mTagTopic Load (0.2ms)[0m  [1m[34mSELECT "tag_topics".* FROM "tag_topics" ORDER BY "tag_topics"."id" ASC LIMIT $1[0m  [["LIMIT", 1]]
  [1m[36mShortenedUrl Load (0.5ms)[0m  [1m[34mSELECT long_url, short_url, COUNT(visits.id) as number_of_visits FROM "shortened_urls" INNER JOIN "taggings" ON "shortened_urls"."id" = "taggings"."shortened_url_id" INNER JOIN "visits" ON "visits"."shortened_url_id" = "shortened_urls"."id" WHERE "taggings"."tag_topic_id" = $1 GROUP BY "shortened_urls"."short_url", "shortened_urls"."long_url" ORDER BY COUNT(visits.id) DESC LIMIT $2[0m  [["tag_topic_id", 1], ["LIMIT", 1]]
  [1m[36mTagTopic Load (0.4ms)[0m  [1m[34mSELECT "tag_topics".* FROM "tag_topics" ORDER BY "tag_topics"."id" ASC LIMIT $1[0m  [["LIMIT", 1]]
  [1m[36mShortenedUrl Load (0.9ms)[0m  [1m[34mSELECT long_url, short_url, COUNT(visits.id) as number_of_visits FROM "shortened_urls" INNER JOIN "taggings" ON "shortened_urls"."id" = "taggings"."shortened_url_id" INNER JOIN "visits" ON "visits"."shortened_url_id" = "shortened_urls"."id" WHERE "taggings"."tag_topic_id" = $1 GROUP BY "shortened_urls"."short_url", "shortened_urls"."long_url" ORDER BY COUNT(visits.id) DESC LIMIT $2[0m  [["tag_topic_id", 1], ["LIMIT", 5]]
  [1m[36mTagTopic Load (0.3ms)[0m  [1m[34mSELECT "tag_topics".* FROM "tag_topics" ORDER BY "tag_topics"."id" DESC LIMIT $1[0m  [["LIMIT", 1]]
  [1m[36mShortenedUrl Load (0.7ms)[0m  [1m[34mSELECT long_url, short_url, COUNT(visits.id) as number_of_visits FROM "shortened_urls" INNER JOIN "taggings" ON "shortened_urls"."id" = "taggings"."shortened_url_id" INNER JOIN "visits" ON "visits"."shortened_url_id" = "shortened_urls"."id" WHERE "taggings"."tag_topic_id" = $1 GROUP BY "shortened_urls"."short_url", "shortened_urls"."long_url" ORDER BY COUNT(visits.id) DESC LIMIT $2[0m  [["tag_topic_id", 2], ["LIMIT", 5]]
  [1m[36mTagTopic Load (0.5ms)[0m  [1m[34mSELECT "tag_topics".* FROM "tag_topics" ORDER BY "tag_topics"."id" DESC LIMIT $1[0m  [["LIMIT", 1]]
  [1m[36mShortenedUrl Load (0.7ms)[0m  [1m[34mSELECT long_url, short_url, COUNT(visits.id) as number_of_visits FROM "shortened_urls" INNER JOIN "taggings" ON "shortened_urls"."id" = "taggings"."shortened_url_id" INNER JOIN "visits" ON "visits"."shortened_url_id" = "shortened_urls"."id" WHERE "taggings"."tag_topic_id" = $1 GROUP BY "shortened_urls"."short_url", "shortened_urls"."long_url" ORDER BY COUNT(visits.id) DESC LIMIT $2[0m  [["tag_topic_id", 2], ["LIMIT", 1]]
  [1m[36mTagTopic Load (0.4ms)[0m  [1m[34mSELECT "tag_topics".* FROM "tag_topics" ORDER BY "tag_topics"."id" DESC LIMIT $1[0m  [["LIMIT", 1]]
  [1m[36mShortenedUrl Load (0.6ms)[0m  [1m[34mSELECT long_url, short_url, COUNT(visits.id) as number_of_visits FROM "shortened_urls" INNER JOIN "taggings" ON "shortened_urls"."id" = "taggings"."shortened_url_id" INNER JOIN "visits" ON "visits"."shortened_url_id" = "shortened_urls"."id" WHERE "taggings"."tag_topic_id" = $1 GROUP BY "shortened_urls"."short_url", "shortened_urls"."long_url" ORDER BY COUNT(visits.id) DESC LIMIT $2[0m  [["tag_topic_id", 2], ["LIMIT", 1]]
  [1m[36mTagTopic Load (0.4ms)[0m  [1m[34mSELECT "tag_topics".* FROM "tag_topics" ORDER BY "tag_topics"."id" DESC LIMIT $1[0m  [["LIMIT", 1]]
  [1m[36mShortenedUrl Load (0.7ms)[0m  [1m[34mSELECT long_url, short_url, COUNT(visits.id) as number_of_visits FROM "shortened_urls" INNER JOIN "taggings" ON "shortened_urls"."id" = "taggings"."shortened_url_id" INNER JOIN "visits" ON "visits"."shortened_url_id" = "shortened_urls"."id" WHERE "taggings"."tag_topic_id" = $1 GROUP BY "shortened_urls"."short_url", "shortened_urls"."long_url" ORDER BY COUNT(visits.id) DESC LIMIT $2[0m  [["tag_topic_id", 2], ["LIMIT", 5]]
  [1m[36mTagTopic Load (0.2ms)[0m  [1m[34mSELECT "tag_topics".* FROM "tag_topics" ORDER BY "tag_topics"."id" DESC LIMIT $1[0m  [["LIMIT", 1]]
  [1m[36mShortenedUrl Load (0.5ms)[0m  [1m[34mSELECT long_url, short_url, COUNT(visits.id) AS num_visits FROM "shortened_urls" INNER JOIN "taggings" ON "shortened_urls"."id" = "taggings"."shortened_url_id" INNER JOIN "visits" ON "visits"."shortened_url_id" = "shortened_urls"."id" WHERE "taggings"."tag_topic_id" = $1 GROUP BY "shortened_urls"."short_url", "shortened_urls"."long_url" ORDER BY num_visits DESC LIMIT $2[0m  [["tag_topic_id", 2], ["LIMIT", 5]]
  [1m[36mTagTopic Load (0.3ms)[0m  [1m[34mSELECT "tag_topics".* FROM "tag_topics" INNER JOIN "taggings" ON "tag_topics"."id" = "taggings"."tag_topic_id" WHERE "taggings"."shortened_url_id" = $1[0m  [["shortened_url_id", nil]]
  [1m[36mShortenedUrl Load (0.4ms)[0m  [1m[34mSELECT "shortened_urls".* FROM "shortened_urls" LEFT OUTER JOIN "visits" ON "visits"."shortened_url_id" = "shortened_urls"."id" WHERE (visits.created_at < '2021-06-14 02:56:34.264492' OR (visits.id IS NULL AND shortened_urls.created_at < '2021-06-14 02:56:34.264541')[0m
  [1m[36mShortenedUrl Load (0.3ms)[0m  [1m[34mSELECT "shortened_urls".* FROM "shortened_urls" LEFT OUTER JOIN "visits" ON "visits"."shortened_url_id" = "shortened_urls"."id" WHERE (visits.created_at < '2021-06-14 02:56:34.264492' OR (visits.id IS NULL AND shortened_urls.created_at < '2021-06-14 02:56:34.264541') /* loading for inspect */ LIMIT $1[0m  [["LIMIT", 11]]
  [1m[36mShortenedUrl Load (0.7ms)[0m  [1m[34mSELECT "shortened_urls".* FROM "shortened_urls" LEFT OUTER JOIN "visits" ON "visits"."shortened_url_id" = "shortened_urls"."id" WHERE (visits.created_at < '2021-06-14 02:56:42.018580' OR (visits.id IS NULL AND shortened_urls.created_at < '2021-06-14 01:21:42.018615')[0m
  [1m[36mShortenedUrl Load (0.5ms)[0m  [1m[34mSELECT "shortened_urls".* FROM "shortened_urls" LEFT OUTER JOIN "visits" ON "visits"."shortened_url_id" = "shortened_urls"."id" WHERE (visits.created_at < '2021-06-14 02:56:42.018580' OR (visits.id IS NULL AND shortened_urls.created_at < '2021-06-14 01:21:42.018615') /* loading for inspect */ LIMIT $1[0m  [["LIMIT", 11]]
  [1m[36mShortenedUrl Load (0.8ms)[0m  [1m[34mSELECT "shortened_urls".* FROM "shortened_urls" LEFT OUTER JOIN "visits" ON "visits"."shortened_url_id" = "shortened_urls"."id" WHERE (visits.created_at < '2021-06-13 18:42:08.713035' OR (visits.id IS NULL AND shortened_urls.created_at < '2021-06-13 18:42:08.713064')[0m
  [1m[36mShortenedUrl Load (0.5ms)[0m  [1m[34mSELECT "shortened_urls".* FROM "shortened_urls" LEFT OUTER JOIN "visits" ON "visits"."shortened_url_id" = "shortened_urls"."id" WHERE (visits.created_at < '2021-06-13 18:42:08.713035' OR (visits.id IS NULL AND shortened_urls.created_at < '2021-06-13 18:42:08.713064') /* loading for inspect */ LIMIT $1[0m  [["LIMIT", 11]]
  [1m[36mShortenedUrl Load (0.8ms)[0m  [1m[34mSELECT "shortened_urls".* FROM "shortened_urls" LEFT OUTER JOIN "visits" ON "visits"."shortened_url_id" = "shortened_urls"."id" WHERE (visits.created_at < '2021-06-10 15:42:19.435828' OR (visits.id IS NULL AND shortened_urls.created_at < '2021-06-10 15:42:19.435858')[0m
  [1m[36mShortenedUrl Load (0.5ms)[0m  [1m[34mSELECT "shortened_urls".* FROM "shortened_urls" LEFT OUTER JOIN "visits" ON "visits"."shortened_url_id" = "shortened_urls"."id" WHERE (visits.created_at < '2021-06-10 15:42:19.435828' OR (visits.id IS NULL AND shortened_urls.created_at < '2021-06-10 15:42:19.435858') /* loading for inspect */ LIMIT $1[0m  [["LIMIT", 11]]
  [1m[36mShortenedUrl Load (0.8ms)[0m  [1m[34mSELECT "shortened_urls".* FROM "shortened_urls" LEFT OUTER JOIN "visits" ON "visits"."shortened_url_id" = "shortened_urls"."id" WHERE (visits.created_at < '2021-06-10 15:42:39.797888' OR (visits.id IS NULL AND shortened_urls.created_at < '2021-06-10 15:42:39.797919')[0m
  [1m[36mShortenedUrl Load (0.6ms)[0m  [1m[34mSELECT "shortened_urls".* FROM "shortened_urls" LEFT OUTER JOIN "visits" ON "visits"."shortened_url_id" = "shortened_urls"."id" WHERE (visits.created_at < '2021-06-10 15:42:39.797888' OR (visits.id IS NULL AND shortened_urls.created_at < '2021-06-10 15:42:39.797919') /* loading for inspect */ LIMIT $1[0m  [["LIMIT", 11]]
  [1m[36mShortenedUrl Load (0.7ms)[0m  [1m[34mSELECT "shortened_urls".* FROM "shortened_urls" LEFT OUTER JOIN "visits" ON "visits"."shortened_url_id" = "shortened_urls"."id" WHERE (visits.created_at < '2021-06-10 15:42:39.797888' OR (visits.id IS NULL AND shortened_urls.created_at < '2021-06-10 15:42:39.797919')[0m
  [1m[36mShortenedUrl Load (0.6ms)[0m  [1m[34mSELECT "shortened_urls".* FROM "shortened_urls" LEFT OUTER JOIN "visits" ON "visits"."shortened_url_id" = "shortened_urls"."id" WHERE (visits.created_at < '2021-06-10 15:42:39.797888' OR (visits.id IS NULL AND shortened_urls.created_at < '2021-06-10 15:42:39.797919') /* loading for inspect */ LIMIT $1[0m  [["LIMIT", 11]]
  [1m[36mShortenedUrl Load (1.0ms)[0m  [1m[34mSELECT "shortened_urls".* FROM "shortened_urls" LEFT OUTER JOIN "visits" ON "visits"."shortened_url_id" = "shortened_urls"."id" WHERE (visits.created_at < '2021-06-10 15:43:17.695078')[0m
  [1m[36mShortenedUrl Load (0.7ms)[0m  [1m[34mSELECT "shortened_urls".* FROM "shortened_urls" LEFT OUTER JOIN "visits" ON "visits"."shortened_url_id" = "shortened_urls"."id" WHERE (visits.created_at < '2021-06-14 02:13:46.818022')[0m
  [1m[36mShortenedUrl Load (0.7ms)[0m  [1m[34mSELECT "shortened_urls".* FROM "shortened_urls" LEFT OUTER JOIN "visits" ON "visits"."shortened_url_id" = "shortened_urls"."id" WHERE (visits.created_at < '2021-06-10 15:44:04.616228' OR (visits.id IS NULL AND shortened_urls.created_at < '2021-06-10 15:44:04.616261'))[0m
  [1m[36mShortenedUrl Load (0.7ms)[0m  [1m[34mSELECT "shortened_urls".* FROM "shortened_urls" LEFT OUTER JOIN "visits" ON "visits"."shortened_url_id" = "shortened_urls"."id" WHERE (visits.created_at < '2021-06-14 02:14:13.589055' OR (visits.id IS NULL AND shortened_urls.created_at < '2021-06-14 02:14:13.589086'))[0m
  [1m[36mShortenedUrl Load (0.3ms)[0m  [1m[34mSELECT "shortened_urls".* FROM "shortened_urls" LEFT OUTER JOIN "visits" ON "visits"."shortened_url_id" = "shortened_urls"."id" WHERE (visits.created_at < '2021-06-14 02:25:22.536379' OR (visits.id IS NULL AND shortened_urls.created_at < '2021-06-14 02:25:22.536404'))[0m
  [1m[36mShortenedUrl Load (0.6ms)[0m  [1m[34mSELECT "shortened_urls".* FROM "shortened_urls" LEFT OUTER JOIN "visits" ON "visits"."shortened_url_id" = "shortened_urls"."id" WHERE (visits.created_at < '2021-06-13 18:55:35.046268' OR (visits.id IS NULL AND shortened_urls.created_at < '2021-06-13 18:55:35.046296'))[0m
  [1m[36mShortenedUrl Load (0.8ms)[0m  [1m[34mSELECT "shortened_urls".* FROM "shortened_urls" WHERE "shortened_urls"."id" IN (SELECT "shortened_urls"."id" FROM "shortened_urls" LEFT OUTER JOIN "visits" ON "visits"."shortened_url_id" = "shortened_urls"."id" WHERE (visits.created_at < '2021-06-13 19:04:26.110639' OR (visits.id IS NULL AND shortened_urls.created_at < '2021-06-13 19:04:26.110667')))[0m
  [1m[36mShortenedUrl Load (0.8ms)[0m  [1m[34mSELECT "shortened_urls".* FROM "shortened_urls" WHERE "shortened_urls"."id" IN (SELECT "shortened_urls"."id" FROM "shortened_urls" LEFT OUTER JOIN "visits" ON "visits"."shortened_url_id" = "shortened_urls"."id" WHERE (visits.created_at < '2021-06-14 02:34:38.749611' OR (visits.id IS NULL AND shortened_urls.created_at < '2021-06-14 02:34:38.749641')))[0m
  [1m[36mShortenedUrl Load (1.3ms)[0m  [1m[34mSELECT DISTINCT "shortened_urls".* FROM "shortened_urls" WHERE "shortened_urls"."id" IN (SELECT "shortened_urls"."id" FROM "shortened_urls" LEFT OUTER JOIN "visits" ON "visits"."shortened_url_id" = "shortened_urls"."id" WHERE (visits.created_at < '2021-06-14 02:35:26.601853' OR (visits.id IS NULL AND shortened_urls.created_at < '2021-06-14 02:35:26.601882')))[0m
  [1m[36mShortenedUrl Load (0.7ms)[0m  [1m[34mSELECT DISTINCT "shortened_urls".* FROM "shortened_urls" WHERE "shortened_urls"."id" IN (SELECT "shortened_urls"."id" FROM "shortened_urls" LEFT OUTER JOIN "visits" ON "visits"."shortened_url_id" = "shortened_urls"."id" WHERE (visits.created_at < '2021-06-13 19:05:44.128080' OR (visits.id IS NULL AND shortened_urls.created_at < '2021-06-13 19:05:44.128110')))[0m
  [1m[36mShortenedUrl Load (0.7ms)[0m  [1m[34mSELECT DISTINCT "shortened_urls".* FROM "shortened_urls" WHERE "shortened_urls"."id" IN (SELECT "shortened_urls"."id" FROM "shortened_urls" LEFT OUTER JOIN "visits" ON "visits"."shortened_url_id" = "shortened_urls"."id" WHERE (visits.created_at < '2021-06-14 01:45:51.223773' OR (visits.id IS NULL AND shortened_urls.created_at < '2021-06-14 01:45:51.223803')))[0m
  [1m[36mShortenedUrl Load (0.8ms)[0m  [1m[34mSELECT DISTINCT "shortened_urls".* FROM "shortened_urls" WHERE "shortened_urls"."id" IN (SELECT "shortened_urls"."id" FROM "shortened_urls" LEFT OUTER JOIN "visits" ON "visits"."shortened_url_id" = "shortened_urls"."id" WHERE (visits.created_at < '2021-06-14 01:26:06.913709' OR (visits.id IS NULL AND shortened_urls.created_at < '2021-06-14 01:26:06.913739')))[0m
  [1m[36mShortenedUrl Load (0.8ms)[0m  [1m[34mSELECT DISTINCT "shortened_urls".* FROM "shortened_urls" WHERE "shortened_urls"."id" IN (SELECT "shortened_urls"."id" FROM "shortened_urls" LEFT OUTER JOIN "visits" ON "visits"."shortened_url_id" = "shortened_urls"."id" WHERE (visits.created_at < '2021-06-14 00:26:45.238750' OR (visits.id IS NULL AND shortened_urls.created_at < '2021-06-14 00:26:45.238784')))[0m
  [1m[36mShortenedUrl Load (0.7ms)[0m  [1m[34mSELECT "shortened_urls".* FROM "shortened_urls" LEFT OUTER JOIN "visits" ON "visits"."shortened_url_id" = "shortened_urls"."id" WHERE (visits.created_at < '2021-06-14 00:27:31.560306' OR (visits.id IS NULL AND shortened_urls.created_at < '2021-06-14 00:27:31.560335'))[0m
  [1m[36mShortenedUrl Load (0.8ms)[0m  [1m[34mSELECT DISTINCT "shortened_urls".* FROM "shortened_urls" LEFT OUTER JOIN "visits" ON "visits"."shortened_url_id" = "shortened_urls"."id" WHERE (visits.created_at < '2021-06-14 00:27:45.412168' OR (visits.id IS NULL AND shortened_urls.created_at < '2021-06-14 00:27:45.412197'))[0m
  [1m[36mShortenedUrl Load (0.4ms)[0m  [1m[34mSELECT DISTINCT "shortened_urls".* FROM "shortened_urls" LEFT OUTER JOIN "visits" ON "visits"."shortened_url_id" = "shortened_urls"."id" WHERE (visits.created_at < '2021-06-13 03:28:53.764987' OR
            (visits.id IS NULL AND shortened_urls.created_at < '2021-06-13 03:28:53.765142'))[0m
  [1m[36mTRANSACTION (0.1ms)[0m  [1m[35mBEGIN[0m
  [1m[36mVisit Load (0.1ms)[0m  [1m[34mSELECT "visits".* FROM "visits" WHERE "visits"."shortened_url_id" = $1[0m  [["shortened_url_id", 1]]
  [1m[36mVisit Destroy (0.2ms)[0m  [1m[31mDELETE FROM "visits" WHERE "visits"."id" = $1[0m  [["id", 1]]
  [1m[36mVisit Destroy (0.1ms)[0m  [1m[31mDELETE FROM "visits" WHERE "visits"."id" = $1[0m  [["id", 2]]
  [1m[36mVisit Destroy (0.1ms)[0m  [1m[31mDELETE FROM "visits" WHERE "visits"."id" = $1[0m  [["id", 3]]
  [1m[36mTagging Load (0.2ms)[0m  [1m[34mSELECT "taggings".* FROM "taggings" WHERE "taggings"."shortened_url_id" = $1[0m  [["shortened_url_id", 1]]
  [1m[36mTagging Destroy (0.1ms)[0m  [1m[31mDELETE FROM "taggings" WHERE "taggings"."id" = $1[0m  [["id", 1]]
  [1m[36mTagging Destroy (0.1ms)[0m  [1m[31mDELETE FROM "taggings" WHERE "taggings"."id" = $1[0m  [["id", 2]]
  [1m[36mShortenedUrl Destroy (0.1ms)[0m  [1m[31mDELETE FROM "shortened_urls" WHERE "shortened_urls"."id" = $1[0m  [["id", 1]]
  [1m[36mTRANSACTION (0.9ms)[0m  [1m[35mCOMMIT[0m
  [1m[36mShortenedUrl Load (0.4ms)[0m  [1m[34mSELECT "shortened_urls".* FROM "shortened_urls"[0m
  [1m[36mVisit Load (0.5ms)[0m  [1m[34mSELECT "visits".* FROM "visits"[0m
  [1m[36mShortenedUrl Load (0.6ms)[0m  [1m[34mSELECT DISTINCT "shortened_urls".* FROM "shortened_urls" LEFT OUTER JOIN "visits" ON "visits"."shortened_url_id" = "shortened_urls"."id" WHERE (visits.created_at < '2021-06-07 03:35:55.164969' OR
            (visits.id IS NULL AND shortened_urls.created_at < '2021-06-07 03:35:55.165121'))[0m
  ↳ app/models/shortened_url.rb:67:in `prune'
  [1m[36mShortenedUrl Load (0.6ms)[0m  [1m[34mSELECT DISTINCT "shortened_urls".* FROM "shortened_urls" LEFT OUTER JOIN "visits" ON "visits"."shortened_url_id" = "shortened_urls"."id" WHERE (visits.created_at < '2021-06-13 03:35:58.939009' OR
            (visits.id IS NULL AND shortened_urls.created_at < '2021-06-13 03:35:58.939154'))[0m
  ↳ app/models/shortened_url.rb:67:in `prune'
  [1m[36mShortenedUrl Load (1.0ms)[0m  [1m[34mSELECT DISTINCT "shortened_urls".* FROM "shortened_urls" LEFT OUTER JOIN "visits" ON "visits"."shortened_url_id" = "shortened_urls"."id" WHERE (visits.created_at < '2021-06-13 15:37:00.817256' OR (visits.id IS NULL AND shortened_urls.created_at < '2021-06-13 15:37:00.817356'))[0m
  [1m[36mShortenedUrl Load (0.6ms)[0m  [1m[34mSELECT DISTINCT "shortened_urls".* FROM "shortened_urls" LEFT OUTER JOIN "visits" ON "visits"."shortened_url_id" = "shortened_urls"."id" WHERE (visits.created_at < '2021-06-13 21:37:07.440071' OR (visits.id IS NULL AND shortened_urls.created_at < '2021-06-13 21:37:07.440209'))[0m
  [1m[36mShortenedUrl Load (0.8ms)[0m  [1m[34mSELECT DISTINCT "shortened_urls".* FROM "shortened_urls" LEFT OUTER JOIN "visits" ON "visits"."shortened_url_id" = "shortened_urls"."id" WHERE (visits.created_at < '2021-06-14 01:13:14.560874' OR (visits.id IS NULL AND shortened_urls.created_at < '2021-06-14 01:13:14.561004'))[0m
  [1m[36mShortenedUrl Load (0.7ms)[0m  [1m[34mSELECT DISTINCT "shortened_urls".* FROM "shortened_urls" LEFT OUTER JOIN "visits" ON "visits"."shortened_url_id" = "shortened_urls"."id" WHERE (visits.created_at < '2021-06-14 00:01:27.743362' OR (visits.id IS NULL AND shortened_urls.created_at < '2021-06-14 00:01:27.743487'))[0m
  [1m[36mShortenedUrl Load (0.6ms)[0m  [1m[34mSELECT DISTINCT "shortened_urls".* FROM "shortened_urls" LEFT OUTER JOIN "visits" ON "visits"."shortened_url_id" = "shortened_urls"."id" WHERE (visits.created_at < '2021-06-14 03:37:50.152193' OR
            (visits.id IS NULL AND shortened_urls.created_at < '2021-06-14 03:37:50.152334'))[0m
  ↳ app/models/shortened_url.rb:67:in `prune'
  [1m[36mTRANSACTION (0.0ms)[0m  [1m[35mBEGIN[0m
  ↳ app/models/shortened_url.rb:67:in `prune'
  [1m[36mVisit Load (0.1ms)[0m  [1m[34mSELECT "visits".* FROM "visits" WHERE "visits"."shortened_url_id" = $1[0m  [["shortened_url_id", 2]]
  ↳ app/models/shortened_url.rb:67:in `prune'
  [1m[36mVisit Destroy (0.2ms)[0m  [1m[31mDELETE FROM "visits" WHERE "visits"."id" = $1[0m  [["id", 4]]
  ↳ app/models/shortened_url.rb:67:in `prune'
  [1m[36mTagging Load (0.2ms)[0m  [1m[34mSELECT "taggings".* FROM "taggings" WHERE "taggings"."shortened_url_id" = $1[0m  [["shortened_url_id", 2]]
  ↳ app/models/shortened_url.rb:67:in `prune'
  [1m[36mShortenedUrl Destroy (0.1ms)[0m  [1m[31mDELETE FROM "shortened_urls" WHERE "shortened_urls"."id" = $1[0m  [["id", 2]]
  ↳ app/models/shortened_url.rb:67:in `prune'
  [1m[36mTRANSACTION (0.8ms)[0m  [1m[35mCOMMIT[0m
  ↳ app/models/shortened_url.rb:67:in `prune'
  [1m[36mTRANSACTION (0.0ms)[0m  [1m[35mBEGIN[0m
  ↳ app/models/shortened_url.rb:67:in `prune'
  [1m[36mVisit Load (0.1ms)[0m  [1m[34mSELECT "visits".* FROM "visits" WHERE "visits"."shortened_url_id" = $1[0m  [["shortened_url_id", 4]]
  ↳ app/models/shortened_url.rb:67:in `prune'
  [1m[36mVisit Destroy (0.1ms)[0m  [1m[31mDELETE FROM "visits" WHERE "visits"."id" = $1[0m  [["id", 6]]
  ↳ app/models/shortened_url.rb:67:in `prune'
  [1m[36mTagging Load (0.1ms)[0m  [1m[34mSELECT "taggings".* FROM "taggings" WHERE "taggings"."shortened_url_id" = $1[0m  [["shortened_url_id", 4]]
  ↳ app/models/shortened_url.rb:67:in `prune'
  [1m[36mTagging Destroy (0.1ms)[0m  [1m[31mDELETE FROM "taggings" WHERE "taggings"."id" = $1[0m  [["id", 3]]
  ↳ app/models/shortened_url.rb:67:in `prune'
  [1m[36mShortenedUrl Destroy (0.1ms)[0m  [1m[31mDELETE FROM "shortened_urls" WHERE "shortened_urls"."id" = $1[0m  [["id", 4]]
  ↳ app/models/shortened_url.rb:67:in `prune'
  [1m[36mTRANSACTION (0.5ms)[0m  [1m[35mCOMMIT[0m
  ↳ app/models/shortened_url.rb:67:in `prune'
  [1m[36mTRANSACTION (0.0ms)[0m  [1m[35mBEGIN[0m
  ↳ app/models/shortened_url.rb:67:in `prune'
  [1m[36mVisit Load (0.2ms)[0m  [1m[34mSELECT "visits".* FROM "visits" WHERE "visits"."shortened_url_id" = $1[0m  [["shortened_url_id", 3]]
  ↳ app/models/shortened_url.rb:67:in `prune'
  [1m[36mVisit Destroy (0.1ms)[0m  [1m[31mDELETE FROM "visits" WHERE "visits"."id" = $1[0m  [["id", 5]]
  ↳ app/models/shortened_url.rb:67:in `prune'
  [1m[36mTagging Load (0.1ms)[0m  [1m[34mSELECT "taggings".* FROM "taggings" WHERE "taggings"."shortened_url_id" = $1[0m  [["shortened_url_id", 3]]
  ↳ app/models/shortened_url.rb:67:in `prune'
  [1m[36mShortenedUrl Destroy (0.1ms)[0m  [1m[31mDELETE FROM "shortened_urls" WHERE "shortened_urls"."id" = $1[0m  [["id", 3]]
  ↳ app/models/shortened_url.rb:67:in `prune'
  [1m[36mTRANSACTION (0.7ms)[0m  [1m[35mCOMMIT[0m
  ↳ app/models/shortened_url.rb:67:in `prune'
  [1m[36mShortenedUrl Load (0.9ms)[0m  [1m[34mSELECT DISTINCT "shortened_urls".* FROM "shortened_urls" LEFT OUTER JOIN "visits" ON "visits"."shortened_url_id" = "shortened_urls"."id" WHERE (visits.created_at < '2021-06-14 00:02:00.271629' OR (visits.id IS NULL AND shortened_urls.created_at < '2021-06-14 00:02:00.271869'))[0m
  [1m[36mShortenedUrl Load (0.5ms)[0m  [1m[34mSELECT "shortened_urls".* FROM "shortened_urls"[0m
  [1m[35m (0.3ms)[0m  [1m[34mSELECT "schema_migrations"."version" FROM "schema_migrations" ORDER BY "schema_migrations"."version" ASC[0m
  [1m[36mShortenedUrl Load (0.3ms)[0m  [1m[34mSELECT "shortened_urls".* FROM "shortened_urls"[0m
  [1m[36mUser Load (0.2ms)[0m  [1m[34mSELECT "users".* FROM "users" WHERE "users"."email" = $1 LIMIT $2[0m  [["email", "test@gmail.com"], ["LIMIT", 1]]
  [1m[36mShortenedUrl Load (0.4ms)[0m  [1m[34mSELECT "shortened_urls".* FROM "shortened_urls" WHERE "shortened_urls"."short_url" = $1 LIMIT $2[0m  [["short_url", "DSUGHo"], ["LIMIT", 1]]
  [1m[36mUser Load (0.3ms)[0m  [1m[34mSELECT "users".* FROM "users" WHERE "users"."email" = $1 LIMIT $2[0m  [["email", "test@gmail.com"], ["LIMIT", 1]]
  [1m[36mShortenedUrl Exists? (0.4ms)[0m  [1m[34mSELECT 1 AS one FROM "shortened_urls" WHERE "shortened_urls"."short_url" = $1 LIMIT $2[0m  [["short_url", "Lshm8AFo"], ["LIMIT", 1]]
  ↳ app/models/shortened_url.rb:45:in `random_code'
  [1m[36mTRANSACTION (0.1ms)[0m  [1m[35mBEGIN[0m
  ↳ app/models/shortened_url.rb:52:in `create!'
  [1m[36mUser Load (0.1ms)[0m  [1m[34mSELECT "users".* FROM "users" WHERE "users"."id" = $1 LIMIT $2[0m  [["id", 1], ["LIMIT", 1]]
  ↳ app/models/shortened_url.rb:52:in `create!'
  [1m[36mShortenedUrl Exists? (0.2ms)[0m  [1m[34mSELECT 1 AS one FROM "shortened_urls" WHERE "shortened_urls"."short_url" = $1 LIMIT $2[0m  [["short_url", "Lshm8AFo"], ["LIMIT", 1]]
  ↳ app/models/shortened_url.rb:52:in `create!'
  [1m[35m (0.3ms)[0m  [1m[34mSELECT COUNT(*) FROM "shortened_urls" WHERE (created_at >= '2021-06-14 03:38:33.219136') AND "shortened_urls"."user_id" = $1[0m  [["user_id", 1]]
  ↳ app/models/shortened_url.rb:58:in `no_spamming'
  [1m[36mShortenedUrl Create (0.2ms)[0m  [1m[32mINSERT INTO "shortened_urls" ("short_url", "long_url", "user_id", "created_at", "updated_at") VALUES ($1, $2, $3, $4, $5) RETURNING "id"[0m  [["short_url", "Lshm8AFo"], ["long_url", "http://youtube.com/moopoke"], ["user_id", 1], ["created_at", "2021-06-14 03:39:33.220317"], ["updated_at", "2021-06-14 03:39:33.220317"]]
  ↳ app/models/shortened_url.rb:52:in `create!'
  [1m[36mTRANSACTION (0.8ms)[0m  [1m[35mCOMMIT[0m
  ↳ app/models/shortened_url.rb:52:in `create!'
  [1m[36mUser Load (0.2ms)[0m  [1m[34mSELECT "users".* FROM "users" WHERE "users"."email" = $1 LIMIT $2[0m  [["email", "test2@gmail.com"], ["LIMIT", 1]]
  [1m[36mTRANSACTION (0.0ms)[0m  [1m[35mBEGIN[0m
  [1m[36mUser Exists? (0.1ms)[0m  [1m[34mSELECT 1 AS one FROM "users" WHERE "users"."email" = $1 LIMIT $2[0m  [["email", "test2@gmail.com"], ["LIMIT", 1]]
  [1m[36mUser Create (0.2ms)[0m  [1m[32mINSERT INTO "users" ("email", "created_at", "updated_at") VALUES ($1, $2, $3) RETURNING "id"[0m  [["email", "test2@gmail.com"], ["created_at", "2021-06-14 03:39:48.987496"], ["updated_at", "2021-06-14 03:39:48.987496"]]
  [1m[36mTRANSACTION (0.9ms)[0m  [1m[35mCOMMIT[0m
  [1m[36mShortenedUrl Load (0.3ms)[0m  [1m[34mSELECT "shortened_urls".* FROM "shortened_urls" WHERE "shortened_urls"."short_url" = $1 LIMIT $2[0m  [["short_url", "Lshm8AFo"], ["LIMIT", 1]]
  [1m[36mTRANSACTION (0.1ms)[0m  [1m[35mBEGIN[0m
  ↳ app/models/visit.rb:22:in `record_visit!'
  [1m[36mUser Load (0.1ms)[0m  [1m[34mSELECT "users".* FROM "users" WHERE "users"."id" = $1 LIMIT $2[0m  [["id", 4], ["LIMIT", 1]]
  ↳ app/models/visit.rb:22:in `record_visit!'
  [1m[36mShortenedUrl Load (0.1ms)[0m  [1m[34mSELECT "shortened_urls".* FROM "shortened_urls" WHERE "shortened_urls"."id" = $1 LIMIT $2[0m  [["id", 5], ["LIMIT", 1]]
  ↳ app/models/visit.rb:22:in `record_visit!'
  [1m[36mVisit Create (0.3ms)[0m  [1m[32mINSERT INTO "visits" ("user_id", "shortened_url_id", "created_at", "updated_at") VALUES ($1, $2, $3, $4) RETURNING "id"[0m  [["user_id", 4], ["shortened_url_id", 5], ["created_at", "2021-06-14 03:39:52.857609"], ["updated_at", "2021-06-14 03:39:52.857609"]]
  ↳ app/models/visit.rb:22:in `record_visit!'
  [1m[36mTRANSACTION (2.1ms)[0m  [1m[35mCOMMIT[0m
  ↳ app/models/visit.rb:22:in `record_visit!'
  [1m[36mUser Load (0.2ms)[0m  [1m[34mSELECT "users".* FROM "users" WHERE "users"."email" = $1 LIMIT $2[0m  [["email", "test@gmail.com"], ["LIMIT", 1]]
  [1m[36mShortenedUrl Load (0.4ms)[0m  [1m[34mSELECT "shortened_urls".* FROM "shortened_urls" WHERE "shortened_urls"."short_url" = $1 LIMIT $2[0m  [["short_url", "Lshm8AFo"], ["LIMIT", 1]]
  [1m[36mTRANSACTION (0.1ms)[0m  [1m[35mBEGIN[0m
  ↳ app/models/visit.rb:22:in `record_visit!'
  [1m[36mUser Load (0.1ms)[0m  [1m[34mSELECT "users".* FROM "users" WHERE "users"."id" = $1 LIMIT $2[0m  [["id", 1], ["LIMIT", 1]]
  ↳ app/models/visit.rb:22:in `record_visit!'
  [1m[36mShortenedUrl Load (0.1ms)[0m  [1m[34mSELECT "shortened_urls".* FROM "shortened_urls" WHERE "shortened_urls"."id" = $1 LIMIT $2[0m  [["id", 5], ["LIMIT", 1]]
  ↳ app/models/visit.rb:22:in `record_visit!'
  [1m[36mVisit Create (0.3ms)[0m  [1m[32mINSERT INTO "visits" ("user_id", "shortened_url_id", "created_at", "updated_at") VALUES ($1, $2, $3, $4) RETURNING "id"[0m  [["user_id", 1], ["shortened_url_id", 5], ["created_at", "2021-06-14 03:40:06.229921"], ["updated_at", "2021-06-14 03:40:06.229921"]]
  ↳ app/models/visit.rb:22:in `record_visit!'
  [1m[36mTRANSACTION (0.7ms)[0m  [1m[35mCOMMIT[0m
  ↳ app/models/visit.rb:22:in `record_visit!'
  [1m[36mUser Load (0.2ms)[0m  [1m[34mSELECT "users".* FROM "users" WHERE "users"."email" = $1 LIMIT $2[0m  [["email", "test3@gmail.com"], ["LIMIT", 1]]
  [1m[36mTRANSACTION (0.1ms)[0m  [1m[35mBEGIN[0m
  [1m[36mUser Exists? (0.3ms)[0m  [1m[34mSELECT 1 AS one FROM "users" WHERE "users"."email" = $1 LIMIT $2[0m  [["email", "test3@gmail.com"], ["LIMIT", 1]]
  [1m[36mUser Create (0.3ms)[0m  [1m[32mINSERT INTO "users" ("email", "created_at", "updated_at") VALUES ($1, $2, $3) RETURNING "id"[0m  [["email", "test3@gmail.com"], ["created_at", "2021-06-14 03:40:17.375375"], ["updated_at", "2021-06-14 03:40:17.375375"]]
  [1m[36mTRANSACTION (0.7ms)[0m  [1m[35mCOMMIT[0m
  [1m[36mShortenedUrl Exists? (0.4ms)[0m  [1m[34mSELECT 1 AS one FROM "shortened_urls" WHERE "shortened_urls"."short_url" = $1 LIMIT $2[0m  [["short_url", "_NPwwsvb"], ["LIMIT", 1]]
  ↳ app/models/shortened_url.rb:45:in `random_code'
  [1m[36mTRANSACTION (0.1ms)[0m  [1m[35mBEGIN[0m
  ↳ app/models/shortened_url.rb:52:in `create!'
  [1m[36mUser Load (0.3ms)[0m  [1m[34mSELECT "users".* FROM "users" WHERE "users"."id" = $1 LIMIT $2[0m  [["id", 5], ["LIMIT", 1]]
  ↳ app/models/shortened_url.rb:52:in `create!'
  [1m[36mShortenedUrl Exists? (0.2ms)[0m  [1m[34mSELECT 1 AS one FROM "shortened_urls" WHERE "shortened_urls"."short_url" = $1 LIMIT $2[0m  [["short_url", "_NPwwsvb"], ["LIMIT", 1]]
  ↳ app/models/shortened_url.rb:52:in `create!'
  [1m[35m (0.3ms)[0m  [1m[34mSELECT COUNT(*) FROM "shortened_urls" WHERE (created_at >= '2021-06-14 03:39:54.822792') AND "shortened_urls"."user_id" = $1[0m  [["user_id", 5]]
  ↳ app/models/shortened_url.rb:58:in `no_spamming'
  [1m[36mShortenedUrl Create (0.2ms)[0m  [1m[32mINSERT INTO "shortened_urls" ("short_url", "long_url", "user_id", "created_at", "updated_at") VALUES ($1, $2, $3, $4, $5) RETURNING "id"[0m  [["short_url", "_NPwwsvb"], ["long_url", "http://twitch.tv/moopoke"], ["user_id", 5], ["created_at", "2021-06-14 03:40:54.823807"], ["updated_at", "2021-06-14 03:40:54.823807"]]
  ↳ app/models/shortened_url.rb:52:in `create!'
  [1m[36mTRANSACTION (0.9ms)[0m  [1m[35mCOMMIT[0m
  ↳ app/models/shortened_url.rb:52:in `create!'
  [1m[36mUser Load (0.2ms)[0m  [1m[34mSELECT "users".* FROM "users" WHERE "users"."email" = $1 LIMIT $2[0m  [["email", "test@gmail.com"], ["LIMIT", 1]]
  [1m[36mShortenedUrl Load (0.3ms)[0m  [1m[34mSELECT "shortened_urls".* FROM "shortened_urls" WHERE "shortened_urls"."short_url" = $1 LIMIT $2[0m  [["short_url", "_NPwwsvb"], ["LIMIT", 1]]
  [1m[36mTRANSACTION (0.1ms)[0m  [1m[35mBEGIN[0m
  ↳ app/models/visit.rb:22:in `record_visit!'
  [1m[36mUser Load (0.1ms)[0m  [1m[34mSELECT "users".* FROM "users" WHERE "users"."id" = $1 LIMIT $2[0m  [["id", 1], ["LIMIT", 1]]
  ↳ app/models/visit.rb:22:in `record_visit!'
  [1m[36mShortenedUrl Load (0.1ms)[0m  [1m[34mSELECT "shortened_urls".* FROM "shortened_urls" WHERE "shortened_urls"."id" = $1 LIMIT $2[0m  [["id", 6], ["LIMIT", 1]]
  ↳ app/models/visit.rb:22:in `record_visit!'
  [1m[36mVisit Create (0.3ms)[0m  [1m[32mINSERT INTO "visits" ("user_id", "shortened_url_id", "created_at", "updated_at") VALUES ($1, $2, $3, $4) RETURNING "id"[0m  [["user_id", 1], ["shortened_url_id", 6], ["created_at", "2021-06-14 03:41:13.006568"], ["updated_at", "2021-06-14 03:41:13.006568"]]
  ↳ app/models/visit.rb:22:in `record_visit!'
  [1m[36mTRANSACTION (0.8ms)[0m  [1m[35mCOMMIT[0m
  ↳ app/models/visit.rb:22:in `record_visit!'
  [1m[36mShortenedUrl Load (0.3ms)[0m  [1m[34mSELECT "shortened_urls".* FROM "shortened_urls"[0m
  [1m[36mUser Load (0.6ms)[0m  [1m[34mSELECT "users".* FROM "users"[0m
  [1m[36mUser Load (0.2ms)[0m  [1m[34mSELECT "users".* FROM "users" WHERE "users"."id" = $1 LIMIT $2[0m  [["id", 3], ["LIMIT", 1]]
  [1m[36mUser Load (0.5ms)[0m  [1m[34mSELECT "users".* FROM "users" WHERE "users"."id" = $1 LIMIT $2[0m  [["id", 3], ["LIMIT", 1]]
  [1m[36mTRANSACTION (0.1ms)[0m  [1m[35mBEGIN[0m
  [1m[36mUser Destroy (0.2ms)[0m  [1m[31mDELETE FROM "users" WHERE "users"."id" = $1[0m  [["id", 3]]
  [1m[36mTRANSACTION (0.8ms)[0m  [1m[35mCOMMIT[0m
  [1m[36mUser Load (0.4ms)[0m  [1m[34mSELECT "users".* FROM "users"[0m
  [1m[36mVisit Load (0.5ms)[0m  [1m[34mSELECT "visits".* FROM "visits"[0m
  [1m[36mTagging Load (0.7ms)[0m  [1m[34mSELECT "taggings".* FROM "taggings"[0m
  [1m[36mTagTopic Load (0.5ms)[0m  [1m[34mSELECT "tag_topics".* FROM "tag_topics"[0m
